{"C:\\inetpub\\wwwroot\\odata-v4-controller\\lib\\index.js":{"path":"C:\\inetpub\\wwwroot\\odata-v4-controller\\lib\\index.js","s":{"1":1,"2":6,"3":12,"4":12,"5":1,"6":1,"7":1,"8":1,"9":1,"10":1},"b":{"1":[12,0]},"f":{"1":6},"fnMap":{"1":{"name":"__export","line":2,"loc":{"start":{"line":2,"column":0},"end":{"line":2,"column":21}}}},"statementMap":{"1":{"start":{"line":2,"column":0},"end":{"line":4,"column":1}},"2":{"start":{"line":3,"column":4},"end":{"line":3,"column":71}},"3":{"start":{"line":3,"column":21},"end":{"line":3,"column":71}},"4":{"start":{"line":3,"column":53},"end":{"line":3,"column":71}},"5":{"start":{"line":5,"column":0},"end":{"line":5,"column":27}},"6":{"start":{"line":6,"column":0},"end":{"line":6,"column":29}},"7":{"start":{"line":7,"column":0},"end":{"line":7,"column":34}},"8":{"start":{"line":8,"column":0},"end":{"line":8,"column":30}},"9":{"start":{"line":9,"column":0},"end":{"line":9,"column":30}},"10":{"start":{"line":10,"column":0},"end":{"line":10,"column":31}}},"branchMap":{"1":{"line":3,"type":"if","locations":[{"start":{"line":3,"column":21},"end":{"line":3,"column":21}},{"start":{"line":3,"column":21},"end":{"line":3,"column":21}}]}}},"C:\\inetpub\\wwwroot\\odata-v4-controller\\lib\\edm.js":{"path":"C:\\inetpub\\wwwroot\\odata-v4-controller\\lib\\edm.js","s":{"1":1,"2":1,"3":1,"4":1,"5":1,"6":1,"7":1,"8":1,"9":1,"10":1,"11":1,"12":1,"13":1,"14":1,"15":1,"16":1,"17":1,"18":1,"19":1,"20":1,"21":1,"22":1,"23":1,"24":1,"25":1,"26":1,"27":1,"28":1,"29":33,"30":0,"31":0,"32":0,"33":0,"34":0,"35":0,"36":0,"37":0,"38":0,"39":0,"40":0,"41":0,"42":0,"43":0,"44":0,"45":0,"46":0,"47":0,"48":33,"49":0,"50":0,"51":0,"52":1,"53":1,"54":1,"55":1,"56":1,"57":1,"58":1,"59":1,"60":1,"61":1,"62":1,"63":1,"64":1,"65":1,"66":1,"67":1,"68":1,"69":1,"70":1,"71":1,"72":1,"73":1,"74":1,"75":1,"76":1,"77":1,"78":1,"79":1,"80":1,"81":1,"82":1,"83":1,"84":1,"85":1,"86":1,"87":1,"88":1,"89":1,"90":1,"91":1,"92":1,"93":1,"94":1,"95":0,"96":0,"97":0,"98":0,"99":0,"100":0,"101":0,"102":0,"103":0,"104":0,"105":0,"106":0,"107":0,"108":0,"109":0,"110":0,"111":0,"112":0,"113":0,"114":0,"115":0,"116":0,"117":0,"118":0,"119":0,"120":0,"121":0,"122":0,"123":0,"124":0,"125":0,"126":0,"127":0,"128":0,"129":1,"130":1,"131":0,"132":0,"133":0,"134":0,"135":0,"136":0,"137":0,"138":0,"139":0,"140":0,"141":0,"142":0,"143":0,"144":0,"145":0,"146":0,"147":0,"148":0,"149":0,"150":0,"151":0,"152":0,"153":0,"154":1,"155":1,"156":0,"157":0,"158":0,"159":0,"160":0,"161":0,"162":0,"163":0,"164":0,"165":0,"166":0,"167":0,"168":0,"169":0,"170":0,"171":0,"172":0,"173":1,"174":1,"175":0,"176":1,"177":1,"178":2,"179":1,"180":1,"181":0,"182":1,"183":1,"184":1,"185":0,"186":0,"187":0,"188":0,"189":0,"190":0,"191":0,"192":1,"193":0,"194":1,"195":1,"196":0,"197":1,"198":1,"199":0,"200":0,"201":0,"202":0,"203":1,"204":1,"205":1,"206":0,"207":0,"208":0,"209":1,"210":0,"211":1,"212":1,"213":1,"214":0,"215":0,"216":0,"217":0,"218":0,"219":0,"220":0,"221":0,"222":0,"223":0,"224":0,"225":0,"226":0,"227":1,"228":0,"229":1,"230":1,"231":1,"232":0,"233":0,"234":0,"235":0,"236":0,"237":0,"238":0,"239":0,"240":0,"241":0,"242":0,"243":0,"244":0,"245":1,"246":0,"247":1,"248":1,"249":2,"250":0,"251":0,"252":0,"253":0,"254":0,"255":0,"256":1,"257":1,"258":1,"259":0,"260":1,"261":1,"262":0,"263":0,"264":0,"265":0,"266":0,"267":1,"268":1,"269":4,"270":1,"271":1,"272":0,"273":1,"274":1,"275":0,"276":1,"277":1,"278":41,"279":1,"280":1,"281":41,"282":1,"283":1,"284":0,"285":1,"286":1,"287":0,"288":1,"289":1,"290":0,"291":0,"292":0,"293":0,"294":0,"295":0,"296":0,"297":0,"298":0,"299":0,"300":1,"301":1,"302":0,"303":1,"304":1,"305":0,"306":1,"307":1,"308":5,"309":1,"310":1,"311":0,"312":1,"313":1,"314":1,"315":1,"316":2,"317":1,"318":1,"319":0,"320":0,"321":0,"322":0,"323":0,"324":0,"325":0,"326":0,"327":0,"328":0,"329":1,"330":1,"331":0,"332":1,"333":1,"334":0,"335":0,"336":1,"337":1,"338":0,"339":0,"340":0,"341":0,"342":1,"343":1,"344":0,"345":1,"346":1,"347":0,"348":0,"349":0,"350":0,"351":0,"352":0,"353":1,"354":1,"355":2,"356":1,"357":1,"358":0,"359":0,"360":0,"361":0,"362":0,"363":0,"364":1,"365":1,"366":0,"367":1,"368":1,"369":0,"370":1,"371":1,"372":0,"373":1,"374":1,"375":0,"376":0,"377":1},"b":{"1":[0,0],"2":[0,0],"3":[0,0],"4":[0,0],"5":[0,0],"6":[0,0],"7":[0,0],"8":[0,0],"9":[0,0],"10":[0,0],"11":[0,0],"12":[0,0],"13":[0,0],"14":[0,0],"15":[0,0],"16":[0,0],"17":[0,0],"18":[0,0],"19":[0,0],"20":[0,0],"21":[0,0,0],"22":[0,0,0],"23":[0,0],"24":[0,0],"25":[0,0,0],"26":[0,0],"27":[0,0,0],"28":[0,0,0],"29":[0,0],"30":[0,0],"31":[0,0,0],"32":[0,0],"33":[0,0],"34":[0,0],"35":[0,0],"36":[0,0],"37":[0,0],"38":[0,0],"39":[0,0],"40":[0,0],"41":[0,0,0],"42":[0,0],"43":[0,0],"44":[2,2],"45":[0,0],"46":[0,0],"47":[0,0],"48":[0,0],"49":[0,0],"50":[0,0,0],"51":[0,0,0,0,0,0,0,0,0,0,0,0],"52":[0,0],"53":[0,0],"54":[0,0],"55":[0,0],"56":[0,0],"57":[0,0],"58":[0,0],"59":[0,0],"60":[0,0],"61":[0,0],"62":[0,0],"63":[0,0],"64":[0,0],"65":[4,4],"66":[41,41],"67":[41,41],"68":[0,0],"69":[0,0],"70":[0,0],"71":[0,0],"72":[0,0],"73":[0,0],"74":[2,2],"75":[0,0],"76":[0,0],"77":[0,0],"78":[0,0],"79":[0,0],"80":[0,0],"81":[0,0],"82":[0,0],"83":[2,2,2],"84":[0,0],"85":[0,0],"86":[0,0,0],"87":[0,0],"88":[1,1]},"f":{"1":1,"2":33,"3":0,"4":0,"5":1,"6":1,"7":1,"8":1,"9":1,"10":1,"11":1,"12":1,"13":1,"14":0,"15":0,"16":0,"17":0,"18":0,"19":0,"20":0,"21":2,"22":0,"23":1,"24":0,"25":0,"26":0,"27":0,"28":1,"29":0,"30":0,"31":1,"32":0,"33":0,"34":1,"35":0,"36":0,"37":2,"38":0,"39":0,"40":0,"41":0,"42":4,"43":0,"44":0,"45":41,"46":41,"47":0,"48":0,"49":0,"50":0,"51":0,"52":0,"53":5,"54":0,"55":1,"56":2,"57":0,"58":0,"59":0,"60":0,"61":0,"62":0,"63":0,"64":0,"65":0,"66":2,"67":0,"68":0,"69":0,"70":0,"71":0,"72":0,"73":0},"fnMap":{"1":{"name":"(anonymous_1)","line":5,"loc":{"start":{"line":5,"column":1},"end":{"line":5,"column":16}}},"2":{"name":"typeDecoratorFactory","line":29,"loc":{"start":{"line":29,"column":4},"end":{"line":29,"column":40}}},"3":{"name":"(anonymous_3)","line":30,"loc":{"start":{"line":30,"column":24},"end":{"line":30,"column":69}}},"4":{"name":"(anonymous_4)","line":60,"loc":{"start":{"line":60,"column":15},"end":{"line":60,"column":60}}},"5":{"name":"GeographyCollection","line":91,"loc":{"start":{"line":91,"column":31},"end":{"line":91,"column":62}}},"6":{"name":"Geometry","line":94,"loc":{"start":{"line":94,"column":20},"end":{"line":94,"column":40}}},"7":{"name":"GeometryPoint","line":97,"loc":{"start":{"line":97,"column":25},"end":{"line":97,"column":50}}},"8":{"name":"GeometryLineString","line":100,"loc":{"start":{"line":100,"column":30},"end":{"line":100,"column":60}}},"9":{"name":"GeometryPolygon","line":103,"loc":{"start":{"line":103,"column":27},"end":{"line":103,"column":54}}},"10":{"name":"GeometryMultiPoint","line":106,"loc":{"start":{"line":106,"column":30},"end":{"line":106,"column":60}}},"11":{"name":"GeometryMultiLineString","line":109,"loc":{"start":{"line":109,"column":35},"end":{"line":109,"column":70}}},"12":{"name":"GeometryMultiPolygon","line":112,"loc":{"start":{"line":112,"column":32},"end":{"line":112,"column":64}}},"13":{"name":"GeometryCollection","line":115,"loc":{"start":{"line":115,"column":30},"end":{"line":115,"column":60}}},"14":{"name":"Collection","line":118,"loc":{"start":{"line":118,"column":4},"end":{"line":118,"column":37}}},"15":{"name":"(anonymous_15)","line":119,"loc":{"start":{"line":119,"column":15},"end":{"line":119,"column":60}}},"16":{"name":"Collection","line":123,"loc":{"start":{"line":123,"column":30},"end":{"line":123,"column":52}}},"17":{"name":"Collection","line":150,"loc":{"start":{"line":150,"column":30},"end":{"line":150,"column":52}}},"18":{"name":"getTypeName","line":172,"loc":{"start":{"line":172,"column":4},"end":{"line":172,"column":46}}},"19":{"name":"getType","line":206,"loc":{"start":{"line":206,"column":4},"end":{"line":206,"column":42}}},"20":{"name":"isCollection","line":229,"loc":{"start":{"line":229,"column":4},"end":{"line":229,"column":47}}},"21":{"name":"getProperties","line":233,"loc":{"start":{"line":233,"column":4},"end":{"line":233,"column":35}}},"22":{"name":"getParameters","line":237,"loc":{"start":{"line":237,"column":4},"end":{"line":237,"column":46}}},"23":{"name":"Key","line":241,"loc":{"start":{"line":241,"column":15},"end":{"line":241,"column":30}}},"24":{"name":"(anonymous_24)","line":242,"loc":{"start":{"line":242,"column":15},"end":{"line":242,"column":44}}},"25":{"name":"isKey","line":253,"loc":{"start":{"line":253,"column":4},"end":{"line":253,"column":40}}},"26":{"name":"getKeyProperties","line":257,"loc":{"start":{"line":257,"column":4},"end":{"line":257,"column":38}}},"27":{"name":"escape","line":261,"loc":{"start":{"line":261,"column":4},"end":{"line":261,"column":33}}},"28":{"name":"Computed","line":280,"loc":{"start":{"line":280,"column":20},"end":{"line":280,"column":40}}},"29":{"name":"(anonymous_29)","line":281,"loc":{"start":{"line":281,"column":15},"end":{"line":281,"column":44}}},"30":{"name":"isComputed","line":288,"loc":{"start":{"line":288,"column":4},"end":{"line":288,"column":45}}},"31":{"name":"Nullable","line":292,"loc":{"start":{"line":292,"column":20},"end":{"line":292,"column":40}}},"32":{"name":"(anonymous_32)","line":293,"loc":{"start":{"line":293,"column":15},"end":{"line":293,"column":60}}},"33":{"name":"isNullable","line":318,"loc":{"start":{"line":318,"column":4},"end":{"line":318,"column":45}}},"34":{"name":"Required","line":322,"loc":{"start":{"line":322,"column":20},"end":{"line":322,"column":40}}},"35":{"name":"(anonymous_35)","line":323,"loc":{"start":{"line":323,"column":15},"end":{"line":323,"column":60}}},"36":{"name":"isRequired","line":348,"loc":{"start":{"line":348,"column":4},"end":{"line":348,"column":45}}},"37":{"name":"operationDecoratorFactory","line":352,"loc":{"start":{"line":352,"column":4},"end":{"line":352,"column":57}}},"38":{"name":"(anonymous_38)","line":353,"loc":{"start":{"line":353,"column":15},"end":{"line":353,"column":44}}},"39":{"name":"FunctionImport","line":368,"loc":{"start":{"line":368,"column":4},"end":{"line":368,"column":40}}},"40":{"name":"Function","line":372,"loc":{"start":{"line":372,"column":4},"end":{"line":372,"column":34}}},"41":{"name":"(anonymous_41)","line":373,"loc":{"start":{"line":373,"column":15},"end":{"line":373,"column":44}}},"42":{"name":"getOperations","line":381,"loc":{"start":{"line":381,"column":4},"end":{"line":381,"column":35}}},"43":{"name":"getReturnTypeName","line":385,"loc":{"start":{"line":385,"column":4},"end":{"line":385,"column":52}}},"44":{"name":"getReturnType","line":389,"loc":{"start":{"line":389,"column":4},"end":{"line":389,"column":48}}},"45":{"name":"isActionImport","line":393,"loc":{"start":{"line":393,"column":4},"end":{"line":393,"column":49}}},"46":{"name":"isFunctionImport","line":397,"loc":{"start":{"line":397,"column":4},"end":{"line":397,"column":51}}},"47":{"name":"isAction","line":401,"loc":{"start":{"line":401,"column":4},"end":{"line":401,"column":43}}},"48":{"name":"isFunction","line":405,"loc":{"start":{"line":405,"column":4},"end":{"line":405,"column":45}}},"49":{"name":"ComplexType","line":409,"loc":{"start":{"line":409,"column":4},"end":{"line":409,"column":31}}},"50":{"name":"(anonymous_50)","line":410,"loc":{"start":{"line":410,"column":15},"end":{"line":410,"column":44}}},"51":{"name":"isComplexType","line":425,"loc":{"start":{"line":425,"column":4},"end":{"line":425,"column":48}}},"52":{"name":"MediaEntity","line":429,"loc":{"start":{"line":429,"column":4},"end":{"line":429,"column":38}}},"53":{"name":"isMediaEntity","line":433,"loc":{"start":{"line":433,"column":4},"end":{"line":433,"column":35}}},"54":{"name":"getContentType","line":437,"loc":{"start":{"line":437,"column":4},"end":{"line":437,"column":36}}},"55":{"name":"OpenType","line":441,"loc":{"start":{"line":441,"column":20},"end":{"line":441,"column":40}}},"56":{"name":"isOpenType","line":444,"loc":{"start":{"line":444,"column":4},"end":{"line":444,"column":32}}},"57":{"name":"EntityType","line":448,"loc":{"start":{"line":448,"column":4},"end":{"line":448,"column":30}}},"58":{"name":"(anonymous_58)","line":449,"loc":{"start":{"line":449,"column":15},"end":{"line":449,"column":44}}},"59":{"name":"isEntityType","line":464,"loc":{"start":{"line":464,"column":4},"end":{"line":464,"column":47}}},"60":{"name":"register","line":468,"loc":{"start":{"line":468,"column":4},"end":{"line":468,"column":28}}},"61":{"name":"Convert","line":473,"loc":{"start":{"line":473,"column":4},"end":{"line":473,"column":32}}},"62":{"name":"(anonymous_62)","line":474,"loc":{"start":{"line":474,"column":15},"end":{"line":474,"column":44}}},"63":{"name":"getConverter","line":482,"loc":{"start":{"line":482,"column":4},"end":{"line":482,"column":47}}},"64":{"name":"Annotate","line":486,"loc":{"start":{"line":486,"column":4},"end":{"line":486,"column":37}}},"65":{"name":"(anonymous_65)","line":487,"loc":{"start":{"line":487,"column":15},"end":{"line":487,"column":44}}},"66":{"name":"getAnnotations","line":497,"loc":{"start":{"line":497,"column":4},"end":{"line":497,"column":47}}},"67":{"name":"ForeignKey","line":501,"loc":{"start":{"line":501,"column":4},"end":{"line":501,"column":33}}},"68":{"name":"(anonymous_68)","line":502,"loc":{"start":{"line":502,"column":15},"end":{"line":502,"column":44}}},"69":{"name":"getForeignKeys","line":512,"loc":{"start":{"line":512,"column":4},"end":{"line":512,"column":47}}},"70":{"name":"Partner","line":516,"loc":{"start":{"line":516,"column":4},"end":{"line":516,"column":31}}},"71":{"name":"getPartner","line":520,"loc":{"start":{"line":520,"column":4},"end":{"line":520,"column":43}}},"72":{"name":"EntitySet","line":524,"loc":{"start":{"line":524,"column":4},"end":{"line":524,"column":29}}},"73":{"name":"(anonymous_73)","line":525,"loc":{"start":{"line":525,"column":15},"end":{"line":525,"column":37}}}},"statementMap":{"1":{"start":{"line":2,"column":0},"end":{"line":2,"column":28}},"2":{"start":{"line":3,"column":0},"end":{"line":3,"column":35}},"3":{"start":{"line":4,"column":0},"end":{"line":4,"column":8}},"4":{"start":{"line":5,"column":0},"end":{"line":530,"column":44}},"5":{"start":{"line":6,"column":4},"end":{"line":6,"column":43}},"6":{"start":{"line":7,"column":4},"end":{"line":7,"column":49}},"7":{"start":{"line":8,"column":4},"end":{"line":8,"column":45}},"8":{"start":{"line":9,"column":4},"end":{"line":9,"column":45}},"9":{"start":{"line":10,"column":4},"end":{"line":10,"column":55}},"10":{"start":{"line":11,"column":4},"end":{"line":11,"column":55}},"11":{"start":{"line":12,"column":4},"end":{"line":12,"column":55}},"12":{"start":{"line":13,"column":4},"end":{"line":13,"column":53}},"13":{"start":{"line":14,"column":4},"end":{"line":14,"column":31}},"14":{"start":{"line":15,"column":4},"end":{"line":15,"column":45}},"15":{"start":{"line":16,"column":4},"end":{"line":16,"column":45}},"16":{"start":{"line":17,"column":4},"end":{"line":17,"column":43}},"17":{"start":{"line":18,"column":4},"end":{"line":18,"column":43}},"18":{"start":{"line":19,"column":4},"end":{"line":19,"column":35}},"19":{"start":{"line":20,"column":4},"end":{"line":20,"column":39}},"20":{"start":{"line":21,"column":4},"end":{"line":21,"column":43}},"21":{"start":{"line":22,"column":4},"end":{"line":22,"column":43}},"22":{"start":{"line":23,"column":4},"end":{"line":23,"column":45}},"23":{"start":{"line":24,"column":4},"end":{"line":24,"column":41}},"24":{"start":{"line":25,"column":4},"end":{"line":25,"column":41}},"25":{"start":{"line":26,"column":4},"end":{"line":26,"column":45}},"26":{"start":{"line":27,"column":4},"end":{"line":27,"column":39}},"27":{"start":{"line":28,"column":4},"end":{"line":28,"column":28}},"28":{"start":{"line":29,"column":4},"end":{"line":66,"column":5}},"29":{"start":{"line":30,"column":8},"end":{"line":59,"column":10}},"30":{"start":{"line":31,"column":12},"end":{"line":58,"column":13}},"31":{"start":{"line":32,"column":16},"end":{"line":32,"column":86}},"32":{"start":{"line":33,"column":16},"end":{"line":33,"column":104}},"33":{"start":{"line":34,"column":16},"end":{"line":34,"column":63}},"34":{"start":{"line":35,"column":16},"end":{"line":35,"column":83}},"35":{"start":{"line":35,"column":59},"end":{"line":35,"column":78}},"36":{"start":{"line":36,"column":16},"end":{"line":44,"column":17}},"37":{"start":{"line":37,"column":20},"end":{"line":37,"column":38}},"38":{"start":{"line":40,"column":20},"end":{"line":43,"column":23}},"39":{"start":{"line":45,"column":16},"end":{"line":45,"column":93}},"40":{"start":{"line":48,"column":16},"end":{"line":50,"column":17}},"41":{"start":{"line":49,"column":20},"end":{"line":49,"column":41}},"42":{"start":{"line":51,"column":16},"end":{"line":56,"column":17}},"43":{"start":{"line":52,"column":20},"end":{"line":52,"column":86}},"44":{"start":{"line":53,"column":20},"end":{"line":54,"column":51}},"45":{"start":{"line":54,"column":24},"end":{"line":54,"column":51}},"46":{"start":{"line":55,"column":20},"end":{"line":55,"column":78}},"47":{"start":{"line":57,"column":16},"end":{"line":57,"column":73}},"48":{"start":{"line":60,"column":8},"end":{"line":65,"column":10}},"49":{"start":{"line":61,"column":12},"end":{"line":64,"column":68}},"50":{"start":{"line":62,"column":16},"end":{"line":62,"column":33}},"51":{"start":{"line":64,"column":16},"end":{"line":64,"column":68}},"52":{"start":{"line":67,"column":4},"end":{"line":67,"column":52}},"53":{"start":{"line":68,"column":4},"end":{"line":68,"column":54}},"54":{"start":{"line":69,"column":4},"end":{"line":69,"column":48}},"55":{"start":{"line":70,"column":4},"end":{"line":70,"column":48}},"56":{"start":{"line":71,"column":4},"end":{"line":71,"column":68}},"57":{"start":{"line":72,"column":4},"end":{"line":72,"column":54}},"58":{"start":{"line":73,"column":4},"end":{"line":73,"column":52}},"59":{"start":{"line":74,"column":4},"end":{"line":74,"column":56}},"60":{"start":{"line":75,"column":4},"end":{"line":75,"column":48}},"61":{"start":{"line":76,"column":4},"end":{"line":76,"column":50}},"62":{"start":{"line":77,"column":4},"end":{"line":77,"column":50}},"63":{"start":{"line":78,"column":4},"end":{"line":78,"column":50}},"64":{"start":{"line":79,"column":4},"end":{"line":79,"column":50}},"65":{"start":{"line":80,"column":4},"end":{"line":80,"column":52}},"66":{"start":{"line":81,"column":4},"end":{"line":81,"column":52}},"67":{"start":{"line":82,"column":4},"end":{"line":82,"column":52}},"68":{"start":{"line":83,"column":4},"end":{"line":83,"column":58}},"69":{"start":{"line":84,"column":4},"end":{"line":84,"column":58}},"70":{"start":{"line":85,"column":4},"end":{"line":85,"column":68}},"71":{"start":{"line":86,"column":4},"end":{"line":86,"column":78}},"72":{"start":{"line":87,"column":4},"end":{"line":87,"column":72}},"73":{"start":{"line":88,"column":4},"end":{"line":88,"column":78}},"74":{"start":{"line":89,"column":4},"end":{"line":89,"column":88}},"75":{"start":{"line":90,"column":4},"end":{"line":90,"column":82}},"76":{"start":{"line":91,"column":4},"end":{"line":93,"column":9}},"77":{"start":{"line":92,"column":8},"end":{"line":92,"column":63}},"78":{"start":{"line":94,"column":4},"end":{"line":96,"column":9}},"79":{"start":{"line":95,"column":8},"end":{"line":95,"column":52}},"80":{"start":{"line":97,"column":4},"end":{"line":99,"column":9}},"81":{"start":{"line":98,"column":8},"end":{"line":98,"column":57}},"82":{"start":{"line":100,"column":4},"end":{"line":102,"column":9}},"83":{"start":{"line":101,"column":8},"end":{"line":101,"column":62}},"84":{"start":{"line":103,"column":4},"end":{"line":105,"column":9}},"85":{"start":{"line":104,"column":8},"end":{"line":104,"column":59}},"86":{"start":{"line":106,"column":4},"end":{"line":108,"column":9}},"87":{"start":{"line":107,"column":8},"end":{"line":107,"column":62}},"88":{"start":{"line":109,"column":4},"end":{"line":111,"column":9}},"89":{"start":{"line":110,"column":8},"end":{"line":110,"column":67}},"90":{"start":{"line":112,"column":4},"end":{"line":114,"column":9}},"91":{"start":{"line":113,"column":8},"end":{"line":113,"column":64}},"92":{"start":{"line":115,"column":4},"end":{"line":117,"column":9}},"93":{"start":{"line":116,"column":8},"end":{"line":116,"column":62}},"94":{"start":{"line":118,"column":4},"end":{"line":170,"column":5}},"95":{"start":{"line":119,"column":8},"end":{"line":169,"column":10}},"96":{"start":{"line":120,"column":12},"end":{"line":168,"column":13}},"97":{"start":{"line":121,"column":16},"end":{"line":121,"column":86}},"98":{"start":{"line":122,"column":16},"end":{"line":122,"column":104}},"99":{"start":{"line":123,"column":16},"end":{"line":123,"column":56}},"100":{"start":{"line":124,"column":16},"end":{"line":124,"column":68}},"101":{"start":{"line":125,"column":16},"end":{"line":125,"column":85}},"102":{"start":{"line":126,"column":16},"end":{"line":128,"column":17}},"103":{"start":{"line":127,"column":20},"end":{"line":127,"column":115}},"104":{"start":{"line":129,"column":16},"end":{"line":129,"column":63}},"105":{"start":{"line":130,"column":16},"end":{"line":130,"column":83}},"106":{"start":{"line":130,"column":59},"end":{"line":130,"column":78}},"107":{"start":{"line":131,"column":16},"end":{"line":139,"column":17}},"108":{"start":{"line":132,"column":20},"end":{"line":132,"column":71}},"109":{"start":{"line":135,"column":20},"end":{"line":138,"column":23}},"110":{"start":{"line":140,"column":16},"end":{"line":140,"column":93}},"111":{"start":{"line":143,"column":16},"end":{"line":145,"column":17}},"112":{"start":{"line":144,"column":20},"end":{"line":144,"column":41}},"113":{"start":{"line":146,"column":16},"end":{"line":146,"column":82}},"114":{"start":{"line":147,"column":16},"end":{"line":148,"column":47}},"115":{"start":{"line":148,"column":20},"end":{"line":148,"column":47}},"116":{"start":{"line":149,"column":16},"end":{"line":149,"column":74}},"117":{"start":{"line":150,"column":16},"end":{"line":150,"column":56}},"118":{"start":{"line":151,"column":16},"end":{"line":156,"column":17}},"119":{"start":{"line":152,"column":20},"end":{"line":152,"column":72}},"120":{"start":{"line":155,"column":20},"end":{"line":155,"column":70}},"121":{"start":{"line":157,"column":16},"end":{"line":157,"column":81}},"122":{"start":{"line":158,"column":16},"end":{"line":158,"column":85}},"123":{"start":{"line":159,"column":16},"end":{"line":159,"column":81}},"124":{"start":{"line":160,"column":16},"end":{"line":160,"column":91}},"125":{"start":{"line":161,"column":16},"end":{"line":167,"column":17}},"126":{"start":{"line":162,"column":20},"end":{"line":162,"column":84}},"127":{"start":{"line":165,"column":20},"end":{"line":165,"column":80}},"128":{"start":{"line":166,"column":20},"end":{"line":166,"column":83}},"129":{"start":{"line":171,"column":4},"end":{"line":171,"column":32}},"130":{"start":{"line":172,"column":4},"end":{"line":204,"column":5}},"131":{"start":{"line":173,"column":8},"end":{"line":173,"column":129}},"132":{"start":{"line":174,"column":8},"end":{"line":174,"column":150}},"133":{"start":{"line":175,"column":8},"end":{"line":188,"column":9}},"134":{"start":{"line":176,"column":12},"end":{"line":184,"column":13}},"135":{"start":{"line":177,"column":16},"end":{"line":177,"column":52}},"136":{"start":{"line":178,"column":16},"end":{"line":178,"column":89}},"137":{"start":{"line":179,"column":16},"end":{"line":179,"column":59}},"138":{"start":{"line":180,"column":16},"end":{"line":183,"column":17}},"139":{"start":{"line":181,"column":20},"end":{"line":181,"column":50}},"140":{"start":{"line":182,"column":20},"end":{"line":182,"column":26}},"141":{"start":{"line":186,"column":13},"end":{"line":188,"column":9}},"142":{"start":{"line":187,"column":12},"end":{"line":187,"column":87}},"143":{"start":{"line":189,"column":8},"end":{"line":202,"column":9}},"144":{"start":{"line":190,"column":12},"end":{"line":198,"column":13}},"145":{"start":{"line":191,"column":16},"end":{"line":191,"column":52}},"146":{"start":{"line":192,"column":16},"end":{"line":192,"column":89}},"147":{"start":{"line":193,"column":16},"end":{"line":193,"column":59}},"148":{"start":{"line":194,"column":16},"end":{"line":197,"column":17}},"149":{"start":{"line":195,"column":20},"end":{"line":195,"column":64}},"150":{"start":{"line":196,"column":20},"end":{"line":196,"column":26}},"151":{"start":{"line":200,"column":13},"end":{"line":202,"column":9}},"152":{"start":{"line":201,"column":12},"end":{"line":201,"column":108}},"153":{"start":{"line":203,"column":8},"end":{"line":203,"column":67}},"154":{"start":{"line":205,"column":4},"end":{"line":205,"column":34}},"155":{"start":{"line":206,"column":4},"end":{"line":227,"column":5}},"156":{"start":{"line":207,"column":8},"end":{"line":207,"column":79}},"157":{"start":{"line":208,"column":8},"end":{"line":208,"column":93}},"158":{"start":{"line":209,"column":8},"end":{"line":209,"column":65}},"159":{"start":{"line":210,"column":8},"end":{"line":211,"column":31}},"160":{"start":{"line":211,"column":12},"end":{"line":211,"column":31}},"161":{"start":{"line":212,"column":8},"end":{"line":217,"column":9}},"162":{"start":{"line":213,"column":12},"end":{"line":214,"column":82}},"163":{"start":{"line":214,"column":16},"end":{"line":214,"column":82}},"164":{"start":{"line":215,"column":12},"end":{"line":216,"column":68}},"165":{"start":{"line":216,"column":16},"end":{"line":216,"column":68}},"166":{"start":{"line":218,"column":8},"end":{"line":225,"column":9}},"167":{"start":{"line":219,"column":12},"end":{"line":219,"column":48}},"168":{"start":{"line":220,"column":12},"end":{"line":220,"column":85}},"169":{"start":{"line":221,"column":12},"end":{"line":221,"column":92}},"170":{"start":{"line":222,"column":12},"end":{"line":224,"column":13}},"171":{"start":{"line":223,"column":16},"end":{"line":223,"column":37}},"172":{"start":{"line":226,"column":8},"end":{"line":226,"column":27}},"173":{"start":{"line":228,"column":4},"end":{"line":228,"column":26}},"174":{"start":{"line":229,"column":4},"end":{"line":231,"column":5}},"175":{"start":{"line":230,"column":8},"end":{"line":230,"column":91}},"176":{"start":{"line":232,"column":4},"end":{"line":232,"column":36}},"177":{"start":{"line":233,"column":4},"end":{"line":235,"column":5}},"178":{"start":{"line":234,"column":8},"end":{"line":234,"column":64}},"179":{"start":{"line":236,"column":4},"end":{"line":236,"column":38}},"180":{"start":{"line":237,"column":4},"end":{"line":239,"column":5}},"181":{"start":{"line":238,"column":8},"end":{"line":238,"column":85}},"182":{"start":{"line":240,"column":4},"end":{"line":240,"column":38}},"183":{"start":{"line":241,"column":4},"end":{"line":252,"column":9}},"184":{"start":{"line":242,"column":8},"end":{"line":251,"column":10}},"185":{"start":{"line":243,"column":12},"end":{"line":245,"column":13}},"186":{"start":{"line":244,"column":16},"end":{"line":244,"column":37}},"187":{"start":{"line":246,"column":12},"end":{"line":246,"column":81}},"188":{"start":{"line":247,"column":12},"end":{"line":248,"column":43}},"189":{"start":{"line":248,"column":16},"end":{"line":248,"column":43}},"190":{"start":{"line":249,"column":12},"end":{"line":249,"column":73}},"191":{"start":{"line":250,"column":12},"end":{"line":250,"column":76}},"192":{"start":{"line":253,"column":4},"end":{"line":255,"column":5}},"193":{"start":{"line":254,"column":8},"end":{"line":254,"column":91}},"194":{"start":{"line":256,"column":4},"end":{"line":256,"column":22}},"195":{"start":{"line":257,"column":4},"end":{"line":259,"column":5}},"196":{"start":{"line":258,"column":8},"end":{"line":258,"column":126}},"197":{"start":{"line":260,"column":4},"end":{"line":260,"column":44}},"198":{"start":{"line":261,"column":4},"end":{"line":278,"column":5}},"199":{"start":{"line":262,"column":8},"end":{"line":277,"column":9}},"200":{"start":{"line":264,"column":16},"end":{"line":264,"column":45}},"201":{"start":{"line":275,"column":16},"end":{"line":275,"column":40}},"202":{"start":{"line":276,"column":31},"end":{"line":276,"column":83}},"203":{"start":{"line":279,"column":4},"end":{"line":279,"column":24}},"204":{"start":{"line":280,"column":4},"end":{"line":287,"column":9}},"205":{"start":{"line":281,"column":8},"end":{"line":286,"column":10}},"206":{"start":{"line":282,"column":12},"end":{"line":284,"column":13}},"207":{"start":{"line":283,"column":16},"end":{"line":283,"column":37}},"208":{"start":{"line":285,"column":12},"end":{"line":285,"column":81}},"209":{"start":{"line":288,"column":4},"end":{"line":290,"column":5}},"210":{"start":{"line":289,"column":8},"end":{"line":289,"column":96}},"211":{"start":{"line":291,"column":4},"end":{"line":291,"column":32}},"212":{"start":{"line":292,"column":4},"end":{"line":317,"column":9}},"213":{"start":{"line":293,"column":8},"end":{"line":316,"column":10}},"214":{"start":{"line":294,"column":12},"end":{"line":315,"column":13}},"215":{"start":{"line":295,"column":16},"end":{"line":295,"column":86}},"216":{"start":{"line":296,"column":16},"end":{"line":296,"column":104}},"217":{"start":{"line":297,"column":16},"end":{"line":297,"column":63}},"218":{"start":{"line":298,"column":16},"end":{"line":298,"column":83}},"219":{"start":{"line":298,"column":59},"end":{"line":298,"column":78}},"220":{"start":{"line":299,"column":16},"end":{"line":307,"column":17}},"221":{"start":{"line":300,"column":20},"end":{"line":300,"column":42}},"222":{"start":{"line":303,"column":20},"end":{"line":306,"column":23}},"223":{"start":{"line":308,"column":16},"end":{"line":308,"column":93}},"224":{"start":{"line":311,"column":16},"end":{"line":313,"column":17}},"225":{"start":{"line":312,"column":20},"end":{"line":312,"column":41}},"226":{"start":{"line":314,"column":16},"end":{"line":314,"column":85}},"227":{"start":{"line":318,"column":4},"end":{"line":320,"column":5}},"228":{"start":{"line":319,"column":8},"end":{"line":319,"column":87}},"229":{"start":{"line":321,"column":4},"end":{"line":321,"column":32}},"230":{"start":{"line":322,"column":4},"end":{"line":347,"column":9}},"231":{"start":{"line":323,"column":8},"end":{"line":346,"column":10}},"232":{"start":{"line":324,"column":12},"end":{"line":345,"column":13}},"233":{"start":{"line":325,"column":16},"end":{"line":325,"column":86}},"234":{"start":{"line":326,"column":16},"end":{"line":326,"column":104}},"235":{"start":{"line":327,"column":16},"end":{"line":327,"column":63}},"236":{"start":{"line":328,"column":16},"end":{"line":328,"column":83}},"237":{"start":{"line":328,"column":59},"end":{"line":328,"column":78}},"238":{"start":{"line":329,"column":16},"end":{"line":337,"column":17}},"239":{"start":{"line":330,"column":20},"end":{"line":330,"column":43}},"240":{"start":{"line":333,"column":20},"end":{"line":336,"column":23}},"241":{"start":{"line":338,"column":16},"end":{"line":338,"column":93}},"242":{"start":{"line":341,"column":16},"end":{"line":343,"column":17}},"243":{"start":{"line":342,"column":20},"end":{"line":342,"column":41}},"244":{"start":{"line":344,"column":16},"end":{"line":344,"column":86}},"245":{"start":{"line":348,"column":4},"end":{"line":350,"column":5}},"246":{"start":{"line":349,"column":8},"end":{"line":349,"column":111}},"247":{"start":{"line":351,"column":4},"end":{"line":351,"column":32}},"248":{"start":{"line":352,"column":4},"end":{"line":365,"column":5}},"249":{"start":{"line":353,"column":8},"end":{"line":364,"column":10}},"250":{"start":{"line":354,"column":12},"end":{"line":354,"column":33}},"251":{"start":{"line":355,"column":12},"end":{"line":362,"column":13}},"252":{"start":{"line":356,"column":16},"end":{"line":361,"column":17}},"253":{"start":{"line":357,"column":20},"end":{"line":357,"column":77}},"254":{"start":{"line":360,"column":20},"end":{"line":360,"column":55}},"255":{"start":{"line":363,"column":12},"end":{"line":363,"column":66}},"256":{"start":{"line":366,"column":4},"end":{"line":366,"column":60}},"257":{"start":{"line":367,"column":4},"end":{"line":367,"column":54}},"258":{"start":{"line":368,"column":4},"end":{"line":370,"column":5}},"259":{"start":{"line":369,"column":8},"end":{"line":369,"column":66}},"260":{"start":{"line":371,"column":4},"end":{"line":371,"column":40}},"261":{"start":{"line":372,"column":4},"end":{"line":379,"column":5}},"262":{"start":{"line":373,"column":8},"end":{"line":378,"column":10}},"263":{"start":{"line":374,"column":12},"end":{"line":374,"column":89}},"264":{"start":{"line":375,"column":12},"end":{"line":375,"column":47}},"265":{"start":{"line":376,"column":12},"end":{"line":376,"column":78}},"266":{"start":{"line":377,"column":12},"end":{"line":377,"column":82}},"267":{"start":{"line":380,"column":4},"end":{"line":380,"column":28}},"268":{"start":{"line":381,"column":4},"end":{"line":383,"column":5}},"269":{"start":{"line":382,"column":8},"end":{"line":382,"column":77}},"270":{"start":{"line":384,"column":4},"end":{"line":384,"column":38}},"271":{"start":{"line":385,"column":4},"end":{"line":387,"column":5}},"272":{"start":{"line":386,"column":8},"end":{"line":386,"column":54}},"273":{"start":{"line":388,"column":4},"end":{"line":388,"column":46}},"274":{"start":{"line":389,"column":4},"end":{"line":391,"column":5}},"275":{"start":{"line":390,"column":8},"end":{"line":390,"column":50}},"276":{"start":{"line":392,"column":4},"end":{"line":392,"column":38}},"277":{"start":{"line":393,"column":4},"end":{"line":395,"column":5}},"278":{"start":{"line":394,"column":8},"end":{"line":394,"column":86}},"279":{"start":{"line":396,"column":4},"end":{"line":396,"column":40}},"280":{"start":{"line":397,"column":4},"end":{"line":399,"column":5}},"281":{"start":{"line":398,"column":8},"end":{"line":398,"column":88}},"282":{"start":{"line":400,"column":4},"end":{"line":400,"column":44}},"283":{"start":{"line":401,"column":4},"end":{"line":403,"column":5}},"284":{"start":{"line":402,"column":8},"end":{"line":402,"column":86}},"285":{"start":{"line":404,"column":4},"end":{"line":404,"column":28}},"286":{"start":{"line":405,"column":4},"end":{"line":407,"column":5}},"287":{"start":{"line":406,"column":8},"end":{"line":406,"column":88}},"288":{"start":{"line":408,"column":4},"end":{"line":408,"column":32}},"289":{"start":{"line":409,"column":4},"end":{"line":423,"column":5}},"290":{"start":{"line":410,"column":8},"end":{"line":422,"column":10}},"291":{"start":{"line":411,"column":12},"end":{"line":413,"column":13}},"292":{"start":{"line":412,"column":16},"end":{"line":412,"column":37}},"293":{"start":{"line":414,"column":12},"end":{"line":419,"column":13}},"294":{"start":{"line":415,"column":16},"end":{"line":415,"column":82}},"295":{"start":{"line":416,"column":16},"end":{"line":417,"column":47}},"296":{"start":{"line":417,"column":20},"end":{"line":417,"column":47}},"297":{"start":{"line":418,"column":16},"end":{"line":418,"column":74}},"298":{"start":{"line":420,"column":12},"end":{"line":420,"column":76}},"299":{"start":{"line":421,"column":12},"end":{"line":421,"column":69}},"300":{"start":{"line":424,"column":4},"end":{"line":424,"column":34}},"301":{"start":{"line":425,"column":4},"end":{"line":427,"column":5}},"302":{"start":{"line":426,"column":8},"end":{"line":426,"column":82}},"303":{"start":{"line":428,"column":4},"end":{"line":428,"column":38}},"304":{"start":{"line":429,"column":4},"end":{"line":431,"column":5}},"305":{"start":{"line":430,"column":8},"end":{"line":430,"column":61}},"306":{"start":{"line":432,"column":4},"end":{"line":432,"column":34}},"307":{"start":{"line":433,"column":4},"end":{"line":435,"column":5}},"308":{"start":{"line":434,"column":8},"end":{"line":434,"column":59}},"309":{"start":{"line":436,"column":4},"end":{"line":436,"column":38}},"310":{"start":{"line":437,"column":4},"end":{"line":439,"column":5}},"311":{"start":{"line":438,"column":8},"end":{"line":438,"column":59}},"312":{"start":{"line":440,"column":4},"end":{"line":440,"column":40}},"313":{"start":{"line":441,"column":4},"end":{"line":443,"column":9}},"314":{"start":{"line":442,"column":8},"end":{"line":442,"column":51}},"315":{"start":{"line":444,"column":4},"end":{"line":446,"column":5}},"316":{"start":{"line":445,"column":8},"end":{"line":445,"column":65}},"317":{"start":{"line":447,"column":4},"end":{"line":447,"column":32}},"318":{"start":{"line":448,"column":4},"end":{"line":462,"column":5}},"319":{"start":{"line":449,"column":8},"end":{"line":461,"column":10}},"320":{"start":{"line":450,"column":12},"end":{"line":452,"column":13}},"321":{"start":{"line":451,"column":16},"end":{"line":451,"column":37}},"322":{"start":{"line":453,"column":12},"end":{"line":458,"column":13}},"323":{"start":{"line":454,"column":16},"end":{"line":454,"column":82}},"324":{"start":{"line":455,"column":16},"end":{"line":456,"column":47}},"325":{"start":{"line":456,"column":20},"end":{"line":456,"column":47}},"326":{"start":{"line":457,"column":16},"end":{"line":457,"column":74}},"327":{"start":{"line":459,"column":12},"end":{"line":459,"column":75}},"328":{"start":{"line":460,"column":12},"end":{"line":460,"column":69}},"329":{"start":{"line":463,"column":4},"end":{"line":463,"column":32}},"330":{"start":{"line":464,"column":4},"end":{"line":466,"column":5}},"331":{"start":{"line":465,"column":8},"end":{"line":465,"column":81}},"332":{"start":{"line":467,"column":4},"end":{"line":467,"column":36}},"333":{"start":{"line":468,"column":4},"end":{"line":471,"column":5}},"334":{"start":{"line":469,"column":8},"end":{"line":470,"column":36}},"335":{"start":{"line":470,"column":12},"end":{"line":470,"column":36}},"336":{"start":{"line":472,"column":4},"end":{"line":472,"column":28}},"337":{"start":{"line":473,"column":4},"end":{"line":480,"column":5}},"338":{"start":{"line":474,"column":8},"end":{"line":479,"column":10}},"339":{"start":{"line":475,"column":12},"end":{"line":477,"column":13}},"340":{"start":{"line":476,"column":16},"end":{"line":476,"column":37}},"341":{"start":{"line":478,"column":12},"end":{"line":478,"column":79}},"342":{"start":{"line":481,"column":4},"end":{"line":481,"column":26}},"343":{"start":{"line":482,"column":4},"end":{"line":484,"column":5}},"344":{"start":{"line":483,"column":8},"end":{"line":483,"column":80}},"345":{"start":{"line":485,"column":4},"end":{"line":485,"column":36}},"346":{"start":{"line":486,"column":4},"end":{"line":495,"column":5}},"347":{"start":{"line":487,"column":8},"end":{"line":494,"column":10}},"348":{"start":{"line":488,"column":12},"end":{"line":490,"column":13}},"349":{"start":{"line":489,"column":16},"end":{"line":489,"column":37}},"350":{"start":{"line":491,"column":12},"end":{"line":491,"column":102}},"351":{"start":{"line":492,"column":12},"end":{"line":492,"column":73}},"352":{"start":{"line":493,"column":12},"end":{"line":493,"column":91}},"353":{"start":{"line":496,"column":4},"end":{"line":496,"column":28}},"354":{"start":{"line":497,"column":4},"end":{"line":499,"column":5}},"355":{"start":{"line":498,"column":8},"end":{"line":498,"column":150}},"356":{"start":{"line":500,"column":4},"end":{"line":500,"column":40}},"357":{"start":{"line":501,"column":4},"end":{"line":510,"column":5}},"358":{"start":{"line":502,"column":8},"end":{"line":509,"column":10}},"359":{"start":{"line":503,"column":12},"end":{"line":505,"column":13}},"360":{"start":{"line":504,"column":16},"end":{"line":504,"column":37}},"361":{"start":{"line":506,"column":12},"end":{"line":506,"column":102}},"362":{"start":{"line":507,"column":12},"end":{"line":507,"column":67}},"363":{"start":{"line":508,"column":12},"end":{"line":508,"column":91}},"364":{"start":{"line":511,"column":4},"end":{"line":511,"column":32}},"365":{"start":{"line":512,"column":4},"end":{"line":514,"column":5}},"366":{"start":{"line":513,"column":8},"end":{"line":513,"column":150}},"367":{"start":{"line":515,"column":4},"end":{"line":515,"column":40}},"368":{"start":{"line":516,"column":4},"end":{"line":518,"column":5}},"369":{"start":{"line":517,"column":8},"end":{"line":517,"column":62}},"370":{"start":{"line":519,"column":4},"end":{"line":519,"column":26}},"371":{"start":{"line":520,"column":4},"end":{"line":522,"column":5}},"372":{"start":{"line":521,"column":8},"end":{"line":521,"column":146}},"373":{"start":{"line":523,"column":4},"end":{"line":523,"column":32}},"374":{"start":{"line":524,"column":4},"end":{"line":528,"column":5}},"375":{"start":{"line":525,"column":8},"end":{"line":527,"column":10}},"376":{"start":{"line":526,"column":12},"end":{"line":526,"column":54}},"377":{"start":{"line":529,"column":4},"end":{"line":529,"column":30}}},"branchMap":{"1":{"line":31,"type":"if","locations":[{"start":{"line":31,"column":12},"end":{"line":31,"column":12}},{"start":{"line":31,"column":12},"end":{"line":31,"column":12}}]},"2":{"line":33,"type":"binary-expr","locations":[{"start":{"line":33,"column":41},"end":{"line":33,"column":97}},{"start":{"line":33,"column":101},"end":{"line":33,"column":103}}]},"3":{"line":36,"type":"if","locations":[{"start":{"line":36,"column":16},"end":{"line":36,"column":16}},{"start":{"line":36,"column":16},"end":{"line":36,"column":16}}]},"4":{"line":48,"type":"if","locations":[{"start":{"line":48,"column":16},"end":{"line":48,"column":16}},{"start":{"line":48,"column":16},"end":{"line":48,"column":16}}]},"5":{"line":51,"type":"if","locations":[{"start":{"line":51,"column":16},"end":{"line":51,"column":16}},{"start":{"line":51,"column":16},"end":{"line":51,"column":16}}]},"6":{"line":52,"type":"binary-expr","locations":[{"start":{"line":52,"column":37},"end":{"line":52,"column":79}},{"start":{"line":52,"column":83},"end":{"line":52,"column":85}}]},"7":{"line":53,"type":"if","locations":[{"start":{"line":53,"column":20},"end":{"line":53,"column":20}},{"start":{"line":53,"column":20},"end":{"line":53,"column":20}}]},"8":{"line":61,"type":"if","locations":[{"start":{"line":61,"column":12},"end":{"line":61,"column":12}},{"start":{"line":61,"column":12},"end":{"line":61,"column":12}}]},"9":{"line":120,"type":"if","locations":[{"start":{"line":120,"column":12},"end":{"line":120,"column":12}},{"start":{"line":120,"column":12},"end":{"line":120,"column":12}}]},"10":{"line":122,"type":"binary-expr","locations":[{"start":{"line":122,"column":41},"end":{"line":122,"column":97}},{"start":{"line":122,"column":101},"end":{"line":122,"column":103}}]},"11":{"line":126,"type":"if","locations":[{"start":{"line":126,"column":16},"end":{"line":126,"column":16}},{"start":{"line":126,"column":16},"end":{"line":126,"column":16}}]},"12":{"line":127,"type":"binary-expr","locations":[{"start":{"line":127,"column":39},"end":{"line":127,"column":64}},{"start":{"line":127,"column":68},"end":{"line":127,"column":84}}]},"13":{"line":131,"type":"if","locations":[{"start":{"line":131,"column":16},"end":{"line":131,"column":16}},{"start":{"line":131,"column":16},"end":{"line":131,"column":16}}]},"14":{"line":143,"type":"if","locations":[{"start":{"line":143,"column":16},"end":{"line":143,"column":16}},{"start":{"line":143,"column":16},"end":{"line":143,"column":16}}]},"15":{"line":146,"type":"binary-expr","locations":[{"start":{"line":146,"column":33},"end":{"line":146,"column":75}},{"start":{"line":146,"column":79},"end":{"line":146,"column":81}}]},"16":{"line":147,"type":"if","locations":[{"start":{"line":147,"column":16},"end":{"line":147,"column":16}},{"start":{"line":147,"column":16},"end":{"line":147,"column":16}}]},"17":{"line":161,"type":"if","locations":[{"start":{"line":161,"column":16},"end":{"line":161,"column":16}},{"start":{"line":161,"column":16},"end":{"line":161,"column":16}}]},"18":{"line":173,"type":"binary-expr","locations":[{"start":{"line":173,"column":19},"end":{"line":173,"column":78}},{"start":{"line":173,"column":82},"end":{"line":173,"column":128}}]},"19":{"line":174,"type":"binary-expr","locations":[{"start":{"line":174,"column":26},"end":{"line":174,"column":92}},{"start":{"line":174,"column":96},"end":{"line":174,"column":149}}]},"20":{"line":175,"type":"if","locations":[{"start":{"line":175,"column":8},"end":{"line":175,"column":8}},{"start":{"line":175,"column":8},"end":{"line":175,"column":8}}]},"21":{"line":175,"type":"binary-expr","locations":[{"start":{"line":175,"column":12},"end":{"line":175,"column":35}},{"start":{"line":175,"column":39},"end":{"line":175,"column":59}},{"start":{"line":175,"column":63},"end":{"line":175,"column":84}}]},"22":{"line":178,"type":"binary-expr","locations":[{"start":{"line":178,"column":32},"end":{"line":178,"column":55}},{"start":{"line":178,"column":59},"end":{"line":178,"column":75}},{"start":{"line":178,"column":79},"end":{"line":178,"column":88}}]},"23":{"line":180,"type":"if","locations":[{"start":{"line":180,"column":16},"end":{"line":180,"column":16}},{"start":{"line":180,"column":16},"end":{"line":180,"column":16}}]},"24":{"line":186,"type":"if","locations":[{"start":{"line":186,"column":13},"end":{"line":186,"column":13}},{"start":{"line":186,"column":13},"end":{"line":186,"column":13}}]},"25":{"line":187,"type":"binary-expr","locations":[{"start":{"line":187,"column":20},"end":{"line":187,"column":34}},{"start":{"line":187,"column":38},"end":{"line":187,"column":54}},{"start":{"line":187,"column":58},"end":{"line":187,"column":67}}]},"26":{"line":189,"type":"if","locations":[{"start":{"line":189,"column":8},"end":{"line":189,"column":8}},{"start":{"line":189,"column":8},"end":{"line":189,"column":8}}]},"27":{"line":189,"type":"binary-expr","locations":[{"start":{"line":189,"column":12},"end":{"line":189,"column":42}},{"start":{"line":189,"column":46},"end":{"line":189,"column":73}},{"start":{"line":189,"column":77},"end":{"line":189,"column":105}}]},"28":{"line":192,"type":"binary-expr","locations":[{"start":{"line":192,"column":32},"end":{"line":192,"column":55}},{"start":{"line":192,"column":59},"end":{"line":192,"column":75}},{"start":{"line":192,"column":79},"end":{"line":192,"column":88}}]},"29":{"line":194,"type":"if","locations":[{"start":{"line":194,"column":16},"end":{"line":194,"column":16}},{"start":{"line":194,"column":16},"end":{"line":194,"column":16}}]},"30":{"line":200,"type":"if","locations":[{"start":{"line":200,"column":13},"end":{"line":200,"column":13}},{"start":{"line":200,"column":13},"end":{"line":200,"column":13}}]},"31":{"line":201,"type":"binary-expr","locations":[{"start":{"line":201,"column":27},"end":{"line":201,"column":48}},{"start":{"line":201,"column":52},"end":{"line":201,"column":68}},{"start":{"line":201,"column":72},"end":{"line":201,"column":81}}]},"32":{"line":203,"type":"cond-expr","locations":[{"start":{"line":203,"column":29},"end":{"line":203,"column":59}},{"start":{"line":203,"column":62},"end":{"line":203,"column":66}}]},"33":{"line":210,"type":"if","locations":[{"start":{"line":210,"column":8},"end":{"line":210,"column":8}},{"start":{"line":210,"column":8},"end":{"line":210,"column":8}}]},"34":{"line":212,"type":"if","locations":[{"start":{"line":212,"column":8},"end":{"line":212,"column":8}},{"start":{"line":212,"column":8},"end":{"line":212,"column":8}}]},"35":{"line":213,"type":"if","locations":[{"start":{"line":213,"column":12},"end":{"line":213,"column":12}},{"start":{"line":213,"column":12},"end":{"line":213,"column":12}}]},"36":{"line":213,"type":"binary-expr","locations":[{"start":{"line":213,"column":16},"end":{"line":213,"column":46}},{"start":{"line":213,"column":50},"end":{"line":213,"column":78}}]},"37":{"line":214,"type":"binary-expr","locations":[{"start":{"line":214,"column":31},"end":{"line":214,"column":47}},{"start":{"line":214,"column":51},"end":{"line":214,"column":60}}]},"38":{"line":215,"type":"if","locations":[{"start":{"line":215,"column":12},"end":{"line":215,"column":12}},{"start":{"line":215,"column":12},"end":{"line":215,"column":12}}]},"39":{"line":215,"type":"binary-expr","locations":[{"start":{"line":215,"column":16},"end":{"line":215,"column":39}},{"start":{"line":215,"column":43},"end":{"line":215,"column":64}}]},"40":{"line":216,"type":"binary-expr","locations":[{"start":{"line":216,"column":24},"end":{"line":216,"column":40}},{"start":{"line":216,"column":44},"end":{"line":216,"column":53}}]},"41":{"line":220,"type":"binary-expr","locations":[{"start":{"line":220,"column":28},"end":{"line":220,"column":51}},{"start":{"line":220,"column":55},"end":{"line":220,"column":71}},{"start":{"line":220,"column":75},"end":{"line":220,"column":84}}]},"42":{"line":221,"type":"cond-expr","locations":[{"start":{"line":221,"column":49},"end":{"line":221,"column":64}},{"start":{"line":221,"column":67},"end":{"line":221,"column":69}}]},"43":{"line":222,"type":"if","locations":[{"start":{"line":222,"column":12},"end":{"line":222,"column":12}},{"start":{"line":222,"column":12},"end":{"line":222,"column":12}}]},"44":{"line":234,"type":"binary-expr","locations":[{"start":{"line":234,"column":15},"end":{"line":234,"column":57}},{"start":{"line":234,"column":61},"end":{"line":234,"column":63}}]},"45":{"line":238,"type":"binary-expr","locations":[{"start":{"line":238,"column":15},"end":{"line":238,"column":78}},{"start":{"line":238,"column":82},"end":{"line":238,"column":84}}]},"46":{"line":243,"type":"if","locations":[{"start":{"line":243,"column":12},"end":{"line":243,"column":12}},{"start":{"line":243,"column":12},"end":{"line":243,"column":12}}]},"47":{"line":246,"type":"binary-expr","locations":[{"start":{"line":246,"column":29},"end":{"line":246,"column":74}},{"start":{"line":246,"column":78},"end":{"line":246,"column":80}}]},"48":{"line":247,"type":"if","locations":[{"start":{"line":247,"column":12},"end":{"line":247,"column":12}},{"start":{"line":247,"column":12},"end":{"line":247,"column":12}}]},"49":{"line":254,"type":"binary-expr","locations":[{"start":{"line":254,"column":15},"end":{"line":254,"column":81}},{"start":{"line":254,"column":85},"end":{"line":254,"column":90}}]},"50":{"line":258,"type":"binary-expr","locations":[{"start":{"line":258,"column":15},"end":{"line":258,"column":60}},{"start":{"line":258,"column":64},"end":{"line":258,"column":119}},{"start":{"line":258,"column":123},"end":{"line":258,"column":125}}]},"51":{"line":262,"type":"switch","locations":[{"start":{"line":263,"column":12},"end":{"line":264,"column":45}},{"start":{"line":265,"column":12},"end":{"line":265,"column":31}},{"start":{"line":266,"column":12},"end":{"line":266,"column":28}},{"start":{"line":267,"column":12},"end":{"line":267,"column":31}},{"start":{"line":268,"column":12},"end":{"line":268,"column":30}},{"start":{"line":269,"column":12},"end":{"line":269,"column":28}},{"start":{"line":270,"column":12},"end":{"line":270,"column":29}},{"start":{"line":271,"column":12},"end":{"line":271,"column":29}},{"start":{"line":272,"column":12},"end":{"line":272,"column":29}},{"start":{"line":273,"column":12},"end":{"line":273,"column":29}},{"start":{"line":274,"column":12},"end":{"line":275,"column":40}},{"start":{"line":276,"column":12},"end":{"line":276,"column":83}}]},"52":{"line":282,"type":"if","locations":[{"start":{"line":282,"column":12},"end":{"line":282,"column":12}},{"start":{"line":282,"column":12},"end":{"line":282,"column":12}}]},"53":{"line":289,"type":"binary-expr","locations":[{"start":{"line":289,"column":15},"end":{"line":289,"column":86}},{"start":{"line":289,"column":90},"end":{"line":289,"column":95}}]},"54":{"line":294,"type":"if","locations":[{"start":{"line":294,"column":12},"end":{"line":294,"column":12}},{"start":{"line":294,"column":12},"end":{"line":294,"column":12}}]},"55":{"line":296,"type":"binary-expr","locations":[{"start":{"line":296,"column":41},"end":{"line":296,"column":97}},{"start":{"line":296,"column":101},"end":{"line":296,"column":103}}]},"56":{"line":299,"type":"if","locations":[{"start":{"line":299,"column":16},"end":{"line":299,"column":16}},{"start":{"line":299,"column":16},"end":{"line":299,"column":16}}]},"57":{"line":311,"type":"if","locations":[{"start":{"line":311,"column":16},"end":{"line":311,"column":16}},{"start":{"line":311,"column":16},"end":{"line":311,"column":16}}]},"58":{"line":324,"type":"if","locations":[{"start":{"line":324,"column":12},"end":{"line":324,"column":12}},{"start":{"line":324,"column":12},"end":{"line":324,"column":12}}]},"59":{"line":326,"type":"binary-expr","locations":[{"start":{"line":326,"column":41},"end":{"line":326,"column":97}},{"start":{"line":326,"column":101},"end":{"line":326,"column":103}}]},"60":{"line":329,"type":"if","locations":[{"start":{"line":329,"column":16},"end":{"line":329,"column":16}},{"start":{"line":329,"column":16},"end":{"line":329,"column":16}}]},"61":{"line":341,"type":"if","locations":[{"start":{"line":341,"column":16},"end":{"line":341,"column":16}},{"start":{"line":341,"column":16},"end":{"line":341,"column":16}}]},"62":{"line":349,"type":"cond-expr","locations":[{"start":{"line":349,"column":98},"end":{"line":349,"column":102}},{"start":{"line":349,"column":105},"end":{"line":349,"column":110}}]},"63":{"line":355,"type":"if","locations":[{"start":{"line":355,"column":12},"end":{"line":355,"column":12}},{"start":{"line":355,"column":12},"end":{"line":355,"column":12}}]},"64":{"line":374,"type":"binary-expr","locations":[{"start":{"line":374,"column":37},"end":{"line":374,"column":82}},{"start":{"line":374,"column":86},"end":{"line":374,"column":88}}]},"65":{"line":382,"type":"binary-expr","locations":[{"start":{"line":382,"column":15},"end":{"line":382,"column":70}},{"start":{"line":382,"column":74},"end":{"line":382,"column":76}}]},"66":{"line":394,"type":"binary-expr","locations":[{"start":{"line":394,"column":15},"end":{"line":394,"column":76}},{"start":{"line":394,"column":80},"end":{"line":394,"column":85}}]},"67":{"line":398,"type":"binary-expr","locations":[{"start":{"line":398,"column":15},"end":{"line":398,"column":78}},{"start":{"line":398,"column":82},"end":{"line":398,"column":87}}]},"68":{"line":402,"type":"binary-expr","locations":[{"start":{"line":402,"column":15},"end":{"line":402,"column":76}},{"start":{"line":402,"column":80},"end":{"line":402,"column":85}}]},"69":{"line":406,"type":"binary-expr","locations":[{"start":{"line":406,"column":15},"end":{"line":406,"column":78}},{"start":{"line":406,"column":82},"end":{"line":406,"column":87}}]},"70":{"line":411,"type":"if","locations":[{"start":{"line":411,"column":12},"end":{"line":411,"column":12}},{"start":{"line":411,"column":12},"end":{"line":411,"column":12}}]},"71":{"line":414,"type":"if","locations":[{"start":{"line":414,"column":12},"end":{"line":414,"column":12}},{"start":{"line":414,"column":12},"end":{"line":414,"column":12}}]},"72":{"line":415,"type":"binary-expr","locations":[{"start":{"line":415,"column":33},"end":{"line":415,"column":75}},{"start":{"line":415,"column":79},"end":{"line":415,"column":81}}]},"73":{"line":416,"type":"if","locations":[{"start":{"line":416,"column":16},"end":{"line":416,"column":16}},{"start":{"line":416,"column":16},"end":{"line":416,"column":16}}]},"74":{"line":445,"type":"binary-expr","locations":[{"start":{"line":445,"column":15},"end":{"line":445,"column":55}},{"start":{"line":445,"column":59},"end":{"line":445,"column":64}}]},"75":{"line":450,"type":"if","locations":[{"start":{"line":450,"column":12},"end":{"line":450,"column":12}},{"start":{"line":450,"column":12},"end":{"line":450,"column":12}}]},"76":{"line":453,"type":"if","locations":[{"start":{"line":453,"column":12},"end":{"line":453,"column":12}},{"start":{"line":453,"column":12},"end":{"line":453,"column":12}}]},"77":{"line":454,"type":"binary-expr","locations":[{"start":{"line":454,"column":33},"end":{"line":454,"column":75}},{"start":{"line":454,"column":79},"end":{"line":454,"column":81}}]},"78":{"line":455,"type":"if","locations":[{"start":{"line":455,"column":16},"end":{"line":455,"column":16}},{"start":{"line":455,"column":16},"end":{"line":455,"column":16}}]},"79":{"line":469,"type":"if","locations":[{"start":{"line":469,"column":8},"end":{"line":469,"column":8}},{"start":{"line":469,"column":8},"end":{"line":469,"column":8}}]},"80":{"line":475,"type":"if","locations":[{"start":{"line":475,"column":12},"end":{"line":475,"column":12}},{"start":{"line":475,"column":12},"end":{"line":475,"column":12}}]},"81":{"line":488,"type":"if","locations":[{"start":{"line":488,"column":12},"end":{"line":488,"column":12}},{"start":{"line":488,"column":12},"end":{"line":488,"column":12}}]},"82":{"line":491,"type":"binary-expr","locations":[{"start":{"line":491,"column":38},"end":{"line":491,"column":95}},{"start":{"line":491,"column":99},"end":{"line":491,"column":101}}]},"83":{"line":498,"type":"binary-expr","locations":[{"start":{"line":498,"column":15},"end":{"line":498,"column":82}},{"start":{"line":498,"column":86},"end":{"line":498,"column":143}},{"start":{"line":498,"column":147},"end":{"line":498,"column":149}}]},"84":{"line":503,"type":"if","locations":[{"start":{"line":503,"column":12},"end":{"line":503,"column":12}},{"start":{"line":503,"column":12},"end":{"line":503,"column":12}}]},"85":{"line":506,"type":"binary-expr","locations":[{"start":{"line":506,"column":38},"end":{"line":506,"column":95}},{"start":{"line":506,"column":99},"end":{"line":506,"column":101}}]},"86":{"line":513,"type":"binary-expr","locations":[{"start":{"line":513,"column":15},"end":{"line":513,"column":82}},{"start":{"line":513,"column":86},"end":{"line":513,"column":143}},{"start":{"line":513,"column":147},"end":{"line":513,"column":149}}]},"87":{"line":521,"type":"binary-expr","locations":[{"start":{"line":521,"column":15},"end":{"line":521,"column":73}},{"start":{"line":521,"column":77},"end":{"line":521,"column":145}}]},"88":{"line":530,"type":"binary-expr","locations":[{"start":{"line":530,"column":9},"end":{"line":530,"column":20}},{"start":{"line":530,"column":25},"end":{"line":530,"column":41}}]}}},"C:\\inetpub\\wwwroot\\odata-v4-controller\\lib\\utils.js":{"path":"C:\\inetpub\\wwwroot\\odata-v4-controller\\lib\\utils.js","s":{"1":1,"2":1,"3":4,"4":4,"5":3,"6":1,"7":4,"8":1,"9":13,"10":13,"11":13,"12":9,"13":13},"b":{"1":[3,1],"2":[1,0],"3":[9,4]},"f":{"1":4,"2":13},"fnMap":{"1":{"name":"(anonymous_1)","line":3,"loc":{"start":{"line":3,"column":32},"end":{"line":3,"column":52}}},"2":{"name":"(anonymous_2)","line":11,"loc":{"start":{"line":11,"column":30},"end":{"line":11,"column":47}}}},"statementMap":{"1":{"start":{"line":2,"column":0},"end":{"line":2,"column":57}},"2":{"start":{"line":3,"column":0},"end":{"line":10,"column":2}},"3":{"start":{"line":4,"column":4},"end":{"line":4,"column":15}},"4":{"start":{"line":5,"column":4},"end":{"line":8,"column":122}},"5":{"start":{"line":6,"column":8},"end":{"line":6,"column":71}},"6":{"start":{"line":8,"column":8},"end":{"line":8,"column":122}},"7":{"start":{"line":9,"column":4},"end":{"line":9,"column":34}},"8":{"start":{"line":11,"column":0},"end":{"line":17,"column":2}},"9":{"start":{"line":12,"column":4},"end":{"line":12,"column":54}},"10":{"start":{"line":13,"column":4},"end":{"line":13,"column":41}},"11":{"start":{"line":14,"column":4},"end":{"line":15,"column":73}},"12":{"start":{"line":15,"column":8},"end":{"line":15,"column":73}},"13":{"start":{"line":16,"column":4},"end":{"line":16,"column":21}}},"branchMap":{"1":{"line":5,"type":"if","locations":[{"start":{"line":5,"column":4},"end":{"line":5,"column":4}},{"start":{"line":5,"column":4},"end":{"line":5,"column":4}}]},"2":{"line":8,"type":"binary-expr","locations":[{"start":{"line":8,"column":17},"end":{"line":8,"column":83}},{"start":{"line":8,"column":87},"end":{"line":8,"column":121}}]},"3":{"line":14,"type":"if","locations":[{"start":{"line":14,"column":4},"end":{"line":14,"column":4}},{"start":{"line":14,"column":4},"end":{"line":14,"column":4}}]}}},"C:\\inetpub\\wwwroot\\odata-v4-controller\\lib\\odata.js":{"path":"C:\\inetpub\\wwwroot\\odata-v4-controller\\lib\\odata.js","s":{"1":1,"2":1,"3":1,"4":1,"5":1,"6":1,"7":1,"8":1,"9":1,"10":1,"11":1,"12":1,"13":1,"14":1,"15":1,"16":1,"17":1,"18":1,"19":1,"20":0,"21":0,"22":1,"23":1,"24":0,"25":0,"26":0,"27":0,"28":1,"29":1,"30":0,"31":0,"32":1,"33":1,"34":2,"35":2,"36":2,"37":2,"38":2,"39":2,"40":2,"41":2,"42":0,"43":2,"44":2,"45":1,"46":1,"47":4,"48":1,"49":1,"50":1,"51":0,"52":1,"53":5,"54":3,"55":5,"56":3,"57":0,"58":3,"59":1,"60":1,"61":1,"62":1,"63":1,"64":1,"65":0,"66":1,"67":1,"68":7,"69":1,"70":1,"71":1,"72":1,"73":1,"74":1,"75":1,"76":1,"77":1,"78":1,"79":0,"80":0,"81":1,"82":1,"83":1,"84":4,"85":1,"86":1,"87":3,"88":3,"89":3,"90":7,"91":4,"92":4,"93":3,"94":0,"95":0,"96":0,"97":0,"98":0,"99":0,"100":0,"101":0,"102":1,"103":1,"104":1,"105":0,"106":0,"107":0,"108":1,"109":3,"110":1,"111":1,"112":1,"113":0,"114":0,"115":0,"116":1,"117":3,"118":1,"119":1,"120":1,"121":0,"122":0,"123":0,"124":1,"125":0,"126":1,"127":1,"128":0,"129":0,"130":0,"131":0,"132":1,"133":3,"134":1,"135":1,"136":1,"137":0,"138":0,"139":0,"140":1,"141":3,"142":1},"b":{"1":[0,0],"2":[2,0,0],"3":[2,0],"4":[0,0],"5":[2,0],"6":[2,1],"7":[0,2],"8":[2,0],"9":[4,0],"10":[0,3],"11":[1,1],"12":[1,1],"13":[0,1],"14":[1,1,1],"15":[4,3],"16":[3,2],"17":[4,3],"18":[3,1],"19":[0,0],"20":[0,0],"21":[0,0],"22":[1,1]},"f":{"1":1,"2":0,"3":0,"4":0,"5":0,"6":0,"7":0,"8":2,"9":2,"10":4,"11":1,"12":0,"13":5,"14":3,"15":3,"16":0,"17":7,"18":1,"19":1,"20":4,"21":3,"22":1,"23":0,"24":3,"25":1,"26":0,"27":3,"28":1,"29":0,"30":0,"31":0,"32":0,"33":3,"34":1,"35":0,"36":3},"fnMap":{"1":{"name":"(anonymous_1)","line":13,"loc":{"start":{"line":13,"column":1},"end":{"line":13,"column":18}}},"2":{"name":"type","line":22,"loc":{"start":{"line":22,"column":4},"end":{"line":22,"column":31}}},"3":{"name":"(anonymous_3)","line":23,"loc":{"start":{"line":23,"column":15},"end":{"line":23,"column":38}}},"4":{"name":"namespace","line":28,"loc":{"start":{"line":28,"column":4},"end":{"line":28,"column":34}}},"5":{"name":"(anonymous_5)","line":29,"loc":{"start":{"line":29,"column":15},"end":{"line":29,"column":44}}},"6":{"name":"container","line":37,"loc":{"start":{"line":37,"column":4},"end":{"line":37,"column":29}}},"7":{"name":"(anonymous_7)","line":38,"loc":{"start":{"line":38,"column":15},"end":{"line":38,"column":33}}},"8":{"name":"controller","line":43,"loc":{"start":{"line":43,"column":4},"end":{"line":43,"column":64}}},"9":{"name":"(anonymous_9)","line":44,"loc":{"start":{"line":44,"column":15},"end":{"line":44,"column":33}}},"10":{"name":"getPublicControllers","line":61,"loc":{"start":{"line":61,"column":4},"end":{"line":61,"column":42}}},"11":{"name":"cors","line":65,"loc":{"start":{"line":65,"column":18},"end":{"line":65,"column":34}}},"12":{"name":"(anonymous_12)","line":66,"loc":{"start":{"line":66,"column":15},"end":{"line":66,"column":33}}},"13":{"name":"odataMethodFactory","line":70,"loc":{"start":{"line":70,"column":4},"end":{"line":70,"column":38}}},"14":{"name":"(anonymous_14)","line":71,"loc":{"start":{"line":71,"column":24},"end":{"line":71,"column":53}}},"15":{"name":"(anonymous_15)","line":74,"loc":{"start":{"line":74,"column":15},"end":{"line":74,"column":44}}},"16":{"name":"method","line":86,"loc":{"start":{"line":86,"column":4},"end":{"line":86,"column":28}}},"17":{"name":"getMethod","line":90,"loc":{"start":{"line":90,"column":4},"end":{"line":90,"column":42}}},"18":{"name":"key","line":94,"loc":{"start":{"line":94,"column":4},"end":{"line":94,"column":52}}},"19":{"name":"(anonymous_19)","line":96,"loc":{"start":{"line":96,"column":24},"end":{"line":96,"column":69}}},"20":{"name":"getKeys","line":114,"loc":{"start":{"line":114,"column":4},"end":{"line":114,"column":40}}},"21":{"name":"findODataMethod","line":118,"loc":{"start":{"line":118,"column":4},"end":{"line":118,"column":51}}},"22":{"name":"query","line":153,"loc":{"start":{"line":153,"column":19},"end":{"line":153,"column":36}}},"23":{"name":"(anonymous_23)","line":154,"loc":{"start":{"line":154,"column":15},"end":{"line":154,"column":60}}},"24":{"name":"getQueryParameter","line":160,"loc":{"start":{"line":160,"column":4},"end":{"line":160,"column":50}}},"25":{"name":"filter","line":164,"loc":{"start":{"line":164,"column":20},"end":{"line":164,"column":38}}},"26":{"name":"(anonymous_26)","line":165,"loc":{"start":{"line":165,"column":15},"end":{"line":165,"column":60}}},"27":{"name":"getFilterParameter","line":171,"loc":{"start":{"line":171,"column":4},"end":{"line":171,"column":51}}},"28":{"name":"body","line":175,"loc":{"start":{"line":175,"column":18},"end":{"line":175,"column":34}}},"29":{"name":"(anonymous_29)","line":176,"loc":{"start":{"line":176,"column":15},"end":{"line":176,"column":60}}},"30":{"name":"getBodyParameter","line":182,"loc":{"start":{"line":182,"column":4},"end":{"line":182,"column":49}}},"31":{"name":"context","line":186,"loc":{"start":{"line":186,"column":21},"end":{"line":186,"column":40}}},"32":{"name":"(anonymous_32)","line":187,"loc":{"start":{"line":187,"column":15},"end":{"line":187,"column":60}}},"33":{"name":"getContextParameter","line":193,"loc":{"start":{"line":193,"column":4},"end":{"line":193,"column":52}}},"34":{"name":"stream","line":197,"loc":{"start":{"line":197,"column":20},"end":{"line":197,"column":38}}},"35":{"name":"(anonymous_35)","line":198,"loc":{"start":{"line":198,"column":15},"end":{"line":198,"column":60}}},"36":{"name":"getStreamParameter","line":204,"loc":{"start":{"line":204,"column":4},"end":{"line":204,"column":51}}}},"statementMap":{"1":{"start":{"line":2,"column":0},"end":{"line":2,"column":28}},"2":{"start":{"line":3,"column":0},"end":{"line":3,"column":35}},"3":{"start":{"line":6,"column":0},"end":{"line":6,"column":28}},"4":{"start":{"line":7,"column":0},"end":{"line":7,"column":30}},"5":{"start":{"line":8,"column":0},"end":{"line":8,"column":28}},"6":{"start":{"line":9,"column":0},"end":{"line":9,"column":32}},"7":{"start":{"line":10,"column":0},"end":{"line":10,"column":34}},"8":{"start":{"line":11,"column":0},"end":{"line":11,"column":42}},"9":{"start":{"line":12,"column":0},"end":{"line":12,"column":10}},"10":{"start":{"line":13,"column":0},"end":{"line":208,"column":50}},"11":{"start":{"line":14,"column":4},"end":{"line":14,"column":47}},"12":{"start":{"line":15,"column":4},"end":{"line":15,"column":39}},"13":{"start":{"line":16,"column":4},"end":{"line":16,"column":53}},"14":{"start":{"line":17,"column":4},"end":{"line":17,"column":55}},"15":{"start":{"line":18,"column":4},"end":{"line":18,"column":57}},"16":{"start":{"line":19,"column":4},"end":{"line":19,"column":53}},"17":{"start":{"line":20,"column":4},"end":{"line":20,"column":59}},"18":{"start":{"line":21,"column":4},"end":{"line":21,"column":57}},"19":{"start":{"line":22,"column":4},"end":{"line":26,"column":5}},"20":{"start":{"line":23,"column":8},"end":{"line":25,"column":10}},"21":{"start":{"line":24,"column":12},"end":{"line":24,"column":60}},"22":{"start":{"line":27,"column":4},"end":{"line":27,"column":22}},"23":{"start":{"line":28,"column":4},"end":{"line":35,"column":5}},"24":{"start":{"line":29,"column":8},"end":{"line":34,"column":10}},"25":{"start":{"line":30,"column":12},"end":{"line":33,"column":45}},"26":{"start":{"line":31,"column":16},"end":{"line":31,"column":56}},"27":{"start":{"line":33,"column":16},"end":{"line":33,"column":45}},"28":{"start":{"line":36,"column":4},"end":{"line":36,"column":32}},"29":{"start":{"line":37,"column":4},"end":{"line":41,"column":5}},"30":{"start":{"line":38,"column":8},"end":{"line":40,"column":10}},"31":{"start":{"line":39,"column":12},"end":{"line":39,"column":40}},"32":{"start":{"line":42,"column":4},"end":{"line":42,"column":32}},"33":{"start":{"line":43,"column":4},"end":{"line":59,"column":5}},"34":{"start":{"line":44,"column":8},"end":{"line":58,"column":10}},"35":{"start":{"line":45,"column":12},"end":{"line":45,"column":59}},"36":{"start":{"line":46,"column":12},"end":{"line":46,"column":202}},"37":{"start":{"line":47,"column":12},"end":{"line":51,"column":13}},"38":{"start":{"line":48,"column":16},"end":{"line":48,"column":87}},"39":{"start":{"line":49,"column":16},"end":{"line":49,"column":55}},"40":{"start":{"line":50,"column":16},"end":{"line":50,"column":76}},"41":{"start":{"line":52,"column":12},"end":{"line":54,"column":13}},"42":{"start":{"line":53,"column":16},"end":{"line":53,"column":63}},"43":{"start":{"line":55,"column":12},"end":{"line":57,"column":13}},"44":{"start":{"line":56,"column":16},"end":{"line":56,"column":58}},"45":{"start":{"line":60,"column":4},"end":{"line":60,"column":34}},"46":{"start":{"line":61,"column":4},"end":{"line":63,"column":5}},"47":{"start":{"line":62,"column":8},"end":{"line":62,"column":69}},"48":{"start":{"line":64,"column":4},"end":{"line":64,"column":54}},"49":{"start":{"line":65,"column":4},"end":{"line":69,"column":9}},"50":{"start":{"line":66,"column":8},"end":{"line":68,"column":10}},"51":{"start":{"line":67,"column":12},"end":{"line":67,"column":31}},"52":{"start":{"line":70,"column":4},"end":{"line":80,"column":5}},"53":{"start":{"line":71,"column":8},"end":{"line":73,"column":10}},"54":{"start":{"line":72,"column":12},"end":{"line":72,"column":73}},"55":{"start":{"line":74,"column":8},"end":{"line":79,"column":10}},"56":{"start":{"line":75,"column":12},"end":{"line":78,"column":52}},"57":{"start":{"line":76,"column":16},"end":{"line":76,"column":33}},"58":{"start":{"line":78,"column":16},"end":{"line":78,"column":52}},"59":{"start":{"line":81,"column":4},"end":{"line":81,"column":42}},"60":{"start":{"line":82,"column":4},"end":{"line":82,"column":44}},"61":{"start":{"line":83,"column":4},"end":{"line":83,"column":42}},"62":{"start":{"line":84,"column":4},"end":{"line":84,"column":46}},"63":{"start":{"line":85,"column":4},"end":{"line":85,"column":48}},"64":{"start":{"line":86,"column":4},"end":{"line":88,"column":5}},"65":{"start":{"line":87,"column":8},"end":{"line":87,"column":56}},"66":{"start":{"line":89,"column":4},"end":{"line":89,"column":26}},"67":{"start":{"line":90,"column":4},"end":{"line":92,"column":5}},"68":{"start":{"line":91,"column":8},"end":{"line":91,"column":77}},"69":{"start":{"line":93,"column":4},"end":{"line":93,"column":32}},"70":{"start":{"line":94,"column":4},"end":{"line":112,"column":5}},"71":{"start":{"line":95,"column":8},"end":{"line":95,"column":17}},"72":{"start":{"line":96,"column":8},"end":{"line":105,"column":10}},"73":{"start":{"line":97,"column":12},"end":{"line":97,"column":82}},"74":{"start":{"line":98,"column":12},"end":{"line":98,"column":105}},"75":{"start":{"line":99,"column":12},"end":{"line":99,"column":59}},"76":{"start":{"line":100,"column":12},"end":{"line":103,"column":15}},"77":{"start":{"line":104,"column":12},"end":{"line":104,"column":94}},"78":{"start":{"line":106,"column":8},"end":{"line":111,"column":64}},"79":{"start":{"line":107,"column":12},"end":{"line":107,"column":26}},"80":{"start":{"line":108,"column":12},"end":{"line":108,"column":29}},"81":{"start":{"line":111,"column":12},"end":{"line":111,"column":64}},"82":{"start":{"line":113,"column":4},"end":{"line":113,"column":20}},"83":{"start":{"line":114,"column":4},"end":{"line":116,"column":5}},"84":{"start":{"line":115,"column":8},"end":{"line":115,"column":90}},"85":{"start":{"line":117,"column":4},"end":{"line":117,"column":28}},"86":{"start":{"line":118,"column":4},"end":{"line":151,"column":5}},"87":{"start":{"line":119,"column":8},"end":{"line":119,"column":26}},"88":{"start":{"line":120,"column":8},"end":{"line":120,"column":70}},"89":{"start":{"line":121,"column":8},"end":{"line":131,"column":9}},"90":{"start":{"line":122,"column":12},"end":{"line":130,"column":13}},"91":{"start":{"line":123,"column":16},"end":{"line":123,"column":57}},"92":{"start":{"line":124,"column":16},"end":{"line":129,"column":17}},"93":{"start":{"line":125,"column":20},"end":{"line":128,"column":22}},"94":{"start":{"line":132,"column":8},"end":{"line":142,"column":9}},"95":{"start":{"line":133,"column":12},"end":{"line":141,"column":13}},"96":{"start":{"line":134,"column":16},"end":{"line":134,"column":57}},"97":{"start":{"line":135,"column":16},"end":{"line":140,"column":17}},"98":{"start":{"line":136,"column":20},"end":{"line":139,"column":22}},"99":{"start":{"line":143,"column":8},"end":{"line":150,"column":9}},"100":{"start":{"line":144,"column":12},"end":{"line":149,"column":13}},"101":{"start":{"line":145,"column":16},"end":{"line":148,"column":18}},"102":{"start":{"line":152,"column":4},"end":{"line":152,"column":44}},"103":{"start":{"line":153,"column":4},"end":{"line":159,"column":9}},"104":{"start":{"line":154,"column":8},"end":{"line":158,"column":10}},"105":{"start":{"line":155,"column":12},"end":{"line":155,"column":82}},"106":{"start":{"line":156,"column":12},"end":{"line":156,"column":59}},"107":{"start":{"line":157,"column":12},"end":{"line":157,"column":86}},"108":{"start":{"line":160,"column":4},"end":{"line":162,"column":5}},"109":{"start":{"line":161,"column":8},"end":{"line":161,"column":85}},"110":{"start":{"line":163,"column":4},"end":{"line":163,"column":48}},"111":{"start":{"line":164,"column":4},"end":{"line":170,"column":9}},"112":{"start":{"line":165,"column":8},"end":{"line":169,"column":10}},"113":{"start":{"line":166,"column":12},"end":{"line":166,"column":82}},"114":{"start":{"line":167,"column":12},"end":{"line":167,"column":59}},"115":{"start":{"line":168,"column":12},"end":{"line":168,"column":87}},"116":{"start":{"line":171,"column":4},"end":{"line":173,"column":5}},"117":{"start":{"line":172,"column":8},"end":{"line":172,"column":86}},"118":{"start":{"line":174,"column":4},"end":{"line":174,"column":50}},"119":{"start":{"line":175,"column":4},"end":{"line":181,"column":9}},"120":{"start":{"line":176,"column":8},"end":{"line":180,"column":10}},"121":{"start":{"line":177,"column":12},"end":{"line":177,"column":82}},"122":{"start":{"line":178,"column":12},"end":{"line":178,"column":59}},"123":{"start":{"line":179,"column":12},"end":{"line":179,"column":85}},"124":{"start":{"line":182,"column":4},"end":{"line":184,"column":5}},"125":{"start":{"line":183,"column":8},"end":{"line":183,"column":84}},"126":{"start":{"line":185,"column":4},"end":{"line":185,"column":46}},"127":{"start":{"line":186,"column":4},"end":{"line":192,"column":7}},"128":{"start":{"line":187,"column":8},"end":{"line":191,"column":10}},"129":{"start":{"line":188,"column":12},"end":{"line":188,"column":82}},"130":{"start":{"line":189,"column":12},"end":{"line":189,"column":59}},"131":{"start":{"line":190,"column":12},"end":{"line":190,"column":88}},"132":{"start":{"line":193,"column":4},"end":{"line":195,"column":5}},"133":{"start":{"line":194,"column":8},"end":{"line":194,"column":87}},"134":{"start":{"line":196,"column":4},"end":{"line":196,"column":52}},"135":{"start":{"line":197,"column":4},"end":{"line":203,"column":9}},"136":{"start":{"line":198,"column":8},"end":{"line":202,"column":10}},"137":{"start":{"line":199,"column":12},"end":{"line":199,"column":82}},"138":{"start":{"line":200,"column":12},"end":{"line":200,"column":59}},"139":{"start":{"line":201,"column":12},"end":{"line":201,"column":87}},"140":{"start":{"line":204,"column":4},"end":{"line":206,"column":5}},"141":{"start":{"line":205,"column":8},"end":{"line":205,"column":86}},"142":{"start":{"line":207,"column":4},"end":{"line":207,"column":50}}},"branchMap":{"1":{"line":30,"type":"if","locations":[{"start":{"line":30,"column":12},"end":{"line":30,"column":12}},{"start":{"line":30,"column":12},"end":{"line":30,"column":12}}]},"2":{"line":46,"type":"binary-expr","locations":[{"start":{"line":46,"column":29},"end":{"line":46,"column":82}},{"start":{"line":46,"column":87},"end":{"line":46,"column":121}},{"start":{"line":46,"column":126},"end":{"line":46,"column":200}}]},"3":{"line":46,"type":"cond-expr","locations":[{"start":{"line":46,"column":64},"end":{"line":46,"column":77}},{"start":{"line":46,"column":80},"end":{"line":46,"column":82}}]},"4":{"line":46,"type":"cond-expr","locations":[{"start":{"line":46,"column":151},"end":{"line":46,"column":192}},{"start":{"line":46,"column":195},"end":{"line":46,"column":200}}]},"5":{"line":47,"type":"if","locations":[{"start":{"line":47,"column":12},"end":{"line":47,"column":12}},{"start":{"line":47,"column":12},"end":{"line":47,"column":12}}]},"6":{"line":48,"type":"binary-expr","locations":[{"start":{"line":48,"column":33},"end":{"line":48,"column":80}},{"start":{"line":48,"column":84},"end":{"line":48,"column":86}}]},"7":{"line":52,"type":"if","locations":[{"start":{"line":52,"column":12},"end":{"line":52,"column":12}},{"start":{"line":52,"column":12},"end":{"line":52,"column":12}}]},"8":{"line":55,"type":"if","locations":[{"start":{"line":55,"column":12},"end":{"line":55,"column":12}},{"start":{"line":55,"column":12},"end":{"line":55,"column":12}}]},"9":{"line":62,"type":"binary-expr","locations":[{"start":{"line":62,"column":15},"end":{"line":62,"column":62}},{"start":{"line":62,"column":66},"end":{"line":62,"column":68}}]},"10":{"line":75,"type":"if","locations":[{"start":{"line":75,"column":12},"end":{"line":75,"column":12}},{"start":{"line":75,"column":12},"end":{"line":75,"column":12}}]},"11":{"line":98,"type":"binary-expr","locations":[{"start":{"line":98,"column":37},"end":{"line":98,"column":98}},{"start":{"line":98,"column":102},"end":{"line":98,"column":104}}]},"12":{"line":101,"type":"binary-expr","locations":[{"start":{"line":101,"column":22},"end":{"line":101,"column":26}},{"start":{"line":101,"column":30},"end":{"line":101,"column":39}}]},"13":{"line":106,"type":"if","locations":[{"start":{"line":106,"column":8},"end":{"line":106,"column":8}},{"start":{"line":106,"column":8},"end":{"line":106,"column":8}}]},"14":{"line":106,"type":"binary-expr","locations":[{"start":{"line":106,"column":12},"end":{"line":106,"column":37}},{"start":{"line":106,"column":41},"end":{"line":106,"column":69}},{"start":{"line":106,"column":73},"end":{"line":106,"column":80}}]},"15":{"line":115,"type":"binary-expr","locations":[{"start":{"line":115,"column":15},"end":{"line":115,"column":83}},{"start":{"line":115,"column":87},"end":{"line":115,"column":89}}]},"16":{"line":119,"type":"binary-expr","locations":[{"start":{"line":119,"column":15},"end":{"line":119,"column":19}},{"start":{"line":119,"column":23},"end":{"line":119,"column":25}}]},"17":{"line":122,"type":"if","locations":[{"start":{"line":122,"column":12},"end":{"line":122,"column":12}},{"start":{"line":122,"column":12},"end":{"line":122,"column":12}}]},"18":{"line":124,"type":"if","locations":[{"start":{"line":124,"column":16},"end":{"line":124,"column":16}},{"start":{"line":124,"column":16},"end":{"line":124,"column":16}}]},"19":{"line":133,"type":"if","locations":[{"start":{"line":133,"column":12},"end":{"line":133,"column":12}},{"start":{"line":133,"column":12},"end":{"line":133,"column":12}}]},"20":{"line":135,"type":"if","locations":[{"start":{"line":135,"column":16},"end":{"line":135,"column":16}},{"start":{"line":135,"column":16},"end":{"line":135,"column":16}}]},"21":{"line":144,"type":"if","locations":[{"start":{"line":144,"column":12},"end":{"line":144,"column":12}},{"start":{"line":144,"column":12},"end":{"line":144,"column":12}}]},"22":{"line":208,"type":"binary-expr","locations":[{"start":{"line":208,"column":11},"end":{"line":208,"column":24}},{"start":{"line":208,"column":29},"end":{"line":208,"column":47}}]}}},"C:\\inetpub\\wwwroot\\odata-v4-controller\\lib\\controller.js":{"path":"C:\\inetpub\\wwwroot\\odata-v4-controller\\lib\\controller.js","s":{"1":1,"2":1,"3":0,"4":0,"5":0,"6":0,"7":0,"8":0,"9":0,"10":0,"11":0,"12":0,"13":0,"14":1},"b":{"1":[0,0],"2":[0,0],"3":[0,0],"4":[0,0],"5":[0,0]},"f":{"1":0,"2":0},"fnMap":{"1":{"name":"(anonymous_1)","line":5,"loc":{"start":{"line":5,"column":13},"end":{"line":5,"column":35}}},"2":{"name":"(anonymous_2)","line":16,"loc":{"start":{"line":16,"column":23},"end":{"line":16,"column":35}}}},"statementMap":{"1":{"start":{"line":2,"column":0},"end":{"line":2,"column":35}},"2":{"start":{"line":3,"column":0},"end":{"line":3,"column":35}},"3":{"start":{"line":6,"column":8},"end":{"line":6,"column":37}},"4":{"start":{"line":7,"column":8},"end":{"line":7,"column":61}},"5":{"start":{"line":8,"column":8},"end":{"line":14,"column":9}},"6":{"start":{"line":9,"column":12},"end":{"line
[...]
umn":76}}]},"7":{"line":171,"type":"if","locations":[{"start":{"line":171,"column":12},"end":{"line":171,"column":12}},{"start":{"line":171,"column":12},"end":{"line":171,"column":12}}]},"8":{"line":190,"type":"binary-expr","locations":[{"start":{"line":190,"column":21},"end":{"line":190,"column":71}},{"start":{"line":190,"column":75},"end":{"line":190,"column":77}}]},"9":{"line":191,"type":"binary-expr","locations":[{"start":{"line":191,"column":45},"end":{"line":191,"column":83}},{"start":{"line":191,"column":87},"end":{"line":191,"column":102}}]}}},"C:\\inetpub\\wwwroot\\odata-v4-controller\\lib\\error.js":{"path":"C:\\inetpub\\wwwroot\\odata-v4-controller\\lib\\error.js","s":{"1":0,"2":0,"3":0,"4":0,"5":1,"6":0,"7":1,"8":1,"9":0,"10":0,"11":1,"12":0,"13":1,"14":1,"15":0,"16":1,"17":1},"b":{},"f":{"1":0,"2":0,"3":0,"4":0,"5":0},"fnMap":{"1":{"name":"(anonymous_1)","line":3,"loc":{"start":{"line":3,"column":15},"end":{"line":3,"column":25}}},"2":{"name":"(anonymous_2)","line":12,"loc":{"start":{"line":12,"column":15},"end":{"line":12,"column":18}}},"3":{"name":"(anonymous_3)","line":19,"loc":{"start":{"line":19,"column":15},"end":{"line":19,"column":37}}},"4":{"name":"(anonymous_4)","line":26,"loc":{"start":{"line":26,"column":15},"end":{"line":26,"column":18}}},"5":{"name":"(anonymous_5)","line":33,"loc":{"start":{"line":33,"column":15},"end":{"line":33,"column":18}}}},"statementMap":{"1":{"start":{"line":4,"column":8},"end":{"line":4,"column":23}},"2":{"start":{"line":5,"column":8},"end":{"line":5,"column":31}},"3":{"start":{"line":6,"column":8},"end":{"line":6,"column":42}},"4":{"start":{"line":7,"column":8},"end":{"line":7,"column":51}},"5":{"start":{"line":10,"column":0},"end":{"line":10,"column":34}},"6":{"start":{"line":13,"column":8},"end":{"line":13,"column":43}},"7":{"start":{"line":16,"column":0},"end":{"line":16,"column":49}},"8":{"start":{"line":17,"column":0},"end":{"line":17,"column":50}},"9":{"start":{"line":20,"column":8},"end":{"line":20,"column":23}},"10":{"start":{"line":21,"column":8},"end":{"line":21,"column":37}},"11":{"start":{"line":24,"column":0},"end":{"line":24,"column":44}},"12":{"start":{"line":27,"column":8},"end":{"line":27,"column":50}},"13":{"start":{"line":30,"column":0},"end":{"line":30,"column":54}},"14":{"start":{"line":31,"column":0},"end":{"line":31,"column":54}},"15":{"start":{"line":34,"column":8},"end":{"line":34,"column":50}},"16":{"start":{"line":37,"column":0},"end":{"line":37,"column":54}},"17":{"start":{"line":38,"column":0},"end":{"line":38,"column":54}}},"branchMap":{}},"C:\\inetpub\\wwwroot\\odata-v4-controller\\lib\\metadata.js":{"path":"C:\\inetpub\\wwwroot\\odata-v4-controller\\lib\\metadata.js","s":{"1":1,"2":1,"3":1,"4":1,"5":1,"6":1,"7":1,"8":1,"9":1,"10":1,"11":4,"12":4,"13":4,"14":0,"15":4,"16":4,"17":0,"18":4,"19":1,"20":52,"21":1,"22":1,"23":45,"24":41,"25":41,"26":41,"27":2,"28":2,"29":2,"30":2,"31":2,"32":4,"33":2,"34":2,"35":2,"36":2,"37":0,"38":2,"39":2,"40":1,"41":2,"42":2,"43":2,"44":2,"45":2,"46":0,"47":0,"48":2,"49":2,"50":0,"51":0,"52":0,"53":0,"54":0,"55":0,"56":0,"57":0,"58":0,"59":0,"60":0,"61":0,"62":0,"63":0,"64":0,"65":0,"66":2,"67":2,"68":0,"69":0,"70":0,"71":0,"72":0,"73":0,"74":0,"75":0,"76":0,"77":0,"78":0,"79":0,"80":0,"81":0,"82":0,"83":0,"84":0,"85":2,"86":2,"87":2,"88":1,"89":1,"90":2,"91":2,"92":0,"93":0,"94":0,"95":0,"96":0,"97":0,"98":0,"99":0,"100":0,"101":0,"102":0,"103":0,"104":0,"105":0,"106":0,"107":41,"108":41,"109":41,"110":0,"111":0,"112":41,"113":0,"114":0,"115":0,"116":0,"117":41,"118":0,"119":0,"120":0,"121":0,"122":1,"123":1},"b":{"1":[1,0],"2":[1,1],"3":[0,4],"4":[41,4],"5":[45,45],"6":[2,39],"7":[2,0],"8":[2,2],"9":[2,1],"10":[0,2],"11":[1,1],"12":[2,0,0],"13":[0,2],"14":[0,0],"15":[0,0],"16":[0,0],"17":[0,0],"18":[0,0],"19":[0,0],"20":[0,0],"21":[0,0,0,0],"22":[0,0,0],"23":[0,0],"24":[0,0],"25":[0,0],"26":[1,1],"27":[2,2],"28":[0,0,0],"29":[0,0],"30":[0,0],"31":[0,0],"32":[0,0],"33":[41,41],"34":[0,41],"35":[0,41],"36":[0,0],"37":[0,41],"38":[0,0]},"f":{"1":1,"2":4},"fnMap":{"1":{"name":"createMetadataJSON","line":7,"loc":{"start":{"line":7,"column":0},"end":{"line":7,"column":36}}},"2":{"name":"(anonymous_2)","line":29,"loc":{"start":{"line":29,"column":27},"end":{"line":29,"column":45}}}},"statementMap":{"1":{"start":{"line":2,"column":0},"end":{"line":2,"column":33}},"2":{"start":{"line":3,"column":0},"end":{"line":3,"column":45}},"3":{"start":{"line":4,"column":0},"end":{"line":4,"column":31}},"4":{"start":{"line":5,"column":0},"end":{"line":5,"column":35}},"5":{"start":{"line":6,"column":0},"end":{"line":6,"column":35}},"6":{"start":{"line":7,"column":0},"end":{"line":262,"column":1}},"7":{"start":{"line":8,"column":4},"end":{"line":9,"column":37}},"8":{"start":{"line":9,"column":8},"end":{"line":9,"column":37}},"9":{"start":{"line":10,"column":4},"end":{"line":28,"column":6}},"10":{"start":{"line":29,"column":4},"end":{"line":37,"column":6}},"11":{"start":{"line":30,"column":8},"end":{"line":30,"column":50}},"12":{"start":{"line":31,"column":8},"end":{"line":31,"column":21}},"13":{"start":{"line":32,"column":8},"end":{"line":32,"column":44}},"14":{"start":{"line":32,"column":26},"end":{"line":32,"column":42}},"15":{"start":{"line":33,"column":8},"end":{"line":33,"column":57}},"16":{"start":{"line":34,"column":8},"end":{"line":35,"column":68}},"17":{"start":{"line":35,"column":12},"end":{"line":35,"column":68}},"18":{"start":{"line":36,"column":8},"end":{"line":36,"column":19}},"19":{"start":{"line":38,"column":4},"end":{"line":38,"column":100}},"20":{"start":{"line":38,"column":79},"end":{"line":38,"column":98}},"21":{"start":{"line":39,"column":4},"end":{"line":39,"column":64}},"22":{"start":{"line":40,"column":4},"end":{"line":260,"column":7}},"23":{"start":{"line":41,"column":8},"end":{"line":259,"column":9}},"24":{"start":{"line":42,"column":12},"end":{"line":42,"column":125}},"25":{"start":{"line":42,"column":84},"end":{"line":42,"column":120}},"26":{"start":{"line":43,"column":12},"end":{"line":218,"column":13}},"27":{"start":{"line":44,"column":16},"end":{"line":44,"column":47}},"28":{"start":{"line":45,"column":16},"end":{"line":46,"column":66}},"29":{"start":{"line":46,"column":20},"end":{"line":46,"column":66}},"30":{"start":{"line":47,"column":16},"end":{"line":47,"column":61}},"31":{"start":{"line":48,"column":16},"end":{"line":55,"column":17}},"32":{"start":{"line":49,"column":20},"end":{"line":54,"column":21}},"33":{"start":{"line":50,"column":24},"end":{"line":53,"column":27}},"34":{"start":{"line":56,"column":16},"end":{"line":56,"column":40}},"35":{"start":{"line":57,"column":16},"end":{"line":170,"column":18}},"36":{"start":{"line":58,"column":20},"end":{"line":59,"column":36}},"37":{"start":{"line":59,"column":24},"end":{"line":59,"column":36}},"38":{"start":{"line":60,"column":20},"end":{"line":60,"column":53}},"39":{"start":{"line":61,"column":20},"end":{"line":62,"column":65}},"40":{"start":{"line":62,"column":24},"end":{"line":62,"column":65}},"41":{"start":{"line":63,"column":20},"end":{"line":71,"column":22}},"42":{"start":{"line":72,"column":20},"end":{"line":72,"column":98}},"43":{"start":{"line":73,"column":20},"end":{"line":73,"column":121}},"44":{"start":{"line":73,"column":87},"end":{"line":73,"column":116}},"45":{"start":{"line":74,"column":20},"end":{"line":84,"column":21}},"46":{"start":{"line":75,"column":24},"end":{"line":82,"column":26}},"47":{"start":{"line":83,"column":24},"end":{"line":83,"column":75}},"48":{"start":{"line":85,"column":20},"end":{"line":85,"column":84}},"49":{"start":{"line":86,"column":20},"end":{"line":120,"column":23}},"50":{"start":{"line":87,"column":24},"end":{"line":93,"column":26}},"51":{"start":{"line":94,"column":24},"end":{"line":100,"column":25}},"52":{"start":{"line":95,"column":28},"end":{"line":99,"column":31}},"53":{"start":{"line":101,"column":24},"end":{"line":106,"column":25}},"54":{"start":{"line":102,"column":28},"end":{"line":105,"column":31}},"55":{"start":{"line":107,"column":24},"end":{"line":107,"column":72}},"56":{"start":{"line":108,"column":24},"end":{"line":118,"column":25}},"57":{"start":{"line":109,"column":28},"end":{"line":109,"column":128}},"58":{"start":{"line":110,"column":28},"end":{"line":110,"column":78}},"59":{"start":{"line":111,"column":28},"end":{"line":113,"column":29}},"60":{"start":{"line":111,"column":103},"end":{"line":111,"column":142}},"61":{"start":{"line":112,"column":32},"end":{"line":112,"column":103}},"62":{"start":{"line":114,"column":28},"end":{"line":117,"column":29}},"63":{"start":{"line":115,"column":32},"end":{"line":115,"column":91}},"64":{"start":{"line":116,"column":32},"end":{"line":116,"column":39}},"65":{"start":{"line":119,"column":24},"end":{"line":119,"column":73}},"66":{"start":{"line":121,"column":20},"end":{"line":121,"column":67}},"67":{"start":{"line":122,"column":20},"end":{"line":165,"column":23}},"68":{"start":{"line":123,"column":24},"end":{"line":123,"column":158}},"69":{"start":{"line":124,"column":24},"end":{"line":124,"column":113}},"70":{"start":{"line":125,"column":24},"end":{"line":125,"column":130}},"71":{"start":{"line":125,"column":96},"end":{"line":125,"column":125}},"72":{"start":{"line":126,"column":24},"end":{"line":136,"column":25}},"73":{"start":{"line":127,"column":28},"end":{"line":134,"column":30}},"74":{"start":{"line":135,"column":28},"end":{"line":135,"column":84}},"75":{"start":{"line":137,"column":24},"end":{"line":150,"column":25}},"76":{"start":{"line":138,"column":28},"end":{"line":138,"column":107}},"77":{"start":{"line":139,"column":28},"end":{"line":139,"column":103}},"78":{"start":{"line":140,"column":28},"end":{"line":148,"column":30}},"79":{"start":{"line":149,"column":28},"end":{"line":149,"column":70}},"80":{"start":{"line":151,"column":24},"end":{"line":164,"column":25}},"81":{"start":{"line":152,"column":28},"end":{"line":152,"column":107}},"82":{"start":{"line":153,"column":28},"end":{"line":153,"column":103}},"83":{"start":{"line":154,"column":28},"end":{"line":162,"column":30}},"84":{"start":{"line":163,"column":28},"end":{"line":163,"column":68}},"85":{"start":{"line":166,"column":20},"end":{"line":169,"column":22}},"86":{"start":{"line":171,"column":16},"end":{"line":171,"column":68}},"87":{"start":{"line":172,"column":16},"end":{"line":174,"column":17}},"88":{"start":{"line":172,"column":81},"end":{"line":172,"column":120}},"89":{"start":{"line":173,"column":20},"end":{"line":173,"column":81}},"90":{"start":{"line":175,"column":16},"end":{"line":175,"column":56}},"91":{"start":{"line":176,"column":16},"end":{"line":217,"column":19}},"92":{"start":{"line":177,"column":20},"end":{"line":177,"column":134}},"93":{"start":{"line":178,"column":20},"end":{"line":178,"column":89}},"94":{"start":{"line":179,"column":20},"end":{"line":179,"column":126}},"95":{"start":{"line":179,"column":92},"end":{"line":179,"column":121}},"96":{"start":{"line":180,"column":20},"end":{"line":190,"column":21}},"97":{"start":{"line":181,"column":24},"end":{"line":188,"column":26}},"98":{"start":{"line":189,"column":24},"end":{"line":189,"column":80}},"99":{"start":{"line":191,"column":20},"end":{"line":203,"column":21}},"100":{"start":{"line":192,"column":24},"end":{"line":192,"column":103}},"101":{"start":{"line":193,"column":24},"end":{"line":193,"column":99}},"102":{"start":{"line":194,"column":24},"end":{"line":202,"column":27}},"103":{"start":{"line":204,"column":20},"end":{"line":216,"column":21}},"104":{"start":{"line":205,"column":24},"end":{"line":205,"column":103}},"105":{"start":{"line":206,"column":24},"end":{"line":206,"column":99}},"106":{"start":{"line":207,"column":24},"end":{"line":215,"column":27}},"107":{"start":{"line":219,"column":12},"end":{"line":219,"column":160}},"108":{"start":{"line":219,"column":84},"end":{"line":219,"column":155}},"109":{"start":{"line":220,"column":12},"end":{"line":230,"column":13}},"110":{"start":{"line":221,"column":16},"end":{"line":228,"column":18}},"111":{"start":{"line":229,"column":16},"end":{"line":229,"column":72}},"112":{"start":{"line":231,"column":12},"end":{"line":244,"column":13}},"113":{"start":{"line":232,"column":16},"end":{"line":232,"column":72}},"114":{"start":{"line":233,"column":16},"end":{"line":233,"column":68}},"115":{"start":{"line":234,"column":16},"end":{"line":239,"column":19}},"116":{"start":{"line":240,"column":16},"end":{"line":243,"column":19}},"117":{"start":{"line":245,"column":12},"end":{"line":258,"column":13}},"118":{"start":{"line":246,"column":16},"end":{"line":246,"column":72}},"119":{"start":{"line":247,"column":16},"end":{"line":247,"column":68}},"120":{"start":{"line":248,"column":16},"end":{"line":253,"column":19}},"121":{"start":{"line":254,"column":16},"end":{"line":257,"column":19}},"122":{"start":{"line":261,"column":4},"end":{"line":261,"column":22}},"123":{"start":{"line":263,"column":0},"end":{"line":263,"column":48}}},"branchMap":{"1":{"line":8,"type":"if","locations":[{"start":{"line":8,"column":4},"end":{"line":8,"column":4}},{"start":{"line":8,"column":4},"end":{"line":8,"column":4}}]},"2":{"line":20,"type":"binary-expr","locations":[{"start":{"line":20,"column":30},"end":{"line":20,"column":50}},{"start":{"line":20,"column":54},"end":{"line":20,"column":63}}]},"3":{"line":34,"type":"if","locations":[{"start":{"line":34,"column":8},"end":{"line":34,"column":8}},{"start":{"line":34,"column":8},"end":{"line":34,"column":8}}]},"4":{"line":41,"type":"if","locations":[{"start":{"line":41,"column":8},"end":{"line":41,"column":8}},{"start":{"line":41,"column":8},"end":{"line":41,"column":8}}]},"5":{"line":41,"type":"binary-expr","locations":[{"start":{"line":41,"column":12},"end":{"line":41,"column":28}},{"start":{"line":41,"column":32},"end":{"line":41,"column":51}}]},"6":{"line":43,"type":"if","locations":[{"start":{"line":43,"column":12},"end":{"line":43,"column":12}},{"start":{"line":43,"column":12},"end":{"line":43,"column":12}}]},"7":{"line":45,"type":"if","locations":[{"start":{"line":45,"column":16},"end":{"line":45,"column":16}},{"start":{"line":45,"column":16},"end":{"line":45,"column":16}}]},"8":{"line":49,"type":"if","locations":[{"start":{"line":49,"column":20},"end":{"line":49,"column":20}},{"start":{"line":49,"column":20},"end":{"line":49,"column":20}}]},"9":{"line":52,"type":"binary-expr","locations":[{"start":{"line":52,"column":41},"end":{"line":52,"column":62}},{"start":{"line":52,"column":66},"end":{"line":52,"column":82}}]},"10":{"line":58,"type":"if","locations":[{"start":{"line":58,"column":20},"end":{"line":58,"column":20}},{"start":{"line":58,"column":20},"end":{"line":58,"column":20}}]},"11":{"line":61,"type":"if","locations":[{"start":{"line":61,"column":20},"end":{"line":61,"column":20}},{"start":{"line":61,"column":20},"end":{"line":61,"column":20}}]},"12":{"line":72,"type":"binary-expr","locations":[{"start":{"line":72,"column":36},"end":{"line":72,"column":57}},{"start":{"line":72,"column":61},"end":{"line":72,"column":77}},{"start":{"line":72,"column":81},"end":{"line":72,"column":97}}]},"13":{"line":74,"type":"if","locations":[{"start":{"line":74,"column":20},"end":{"line":74,"column":20}},{"start":{"line":74,"column":20},"end":{"line":74,"column":20}}]},"14":{"line":94,"type":"if","locations":[{"start":{"line":94,"column":24},"end":{"line":94,"column":24}},{"start":{"line":94,"column":24},"end":{"line":94,"column":24}}]},"15":{"line":101,"type":"if","locations":[{"start":{"line":101,"column":24},"end":{"line":101,"column":24}},{"start":{"line":101,"column":24},"end":{"line":101,"column":24}}]},"16":{"line":108,"type":"if","locations":[{"start":{"line":108,"column":24},"end":{"line":108,"column":24}},{"start":{"line":108,"column":24},"end":{"line":108,"column":24}}]},"17":{"line":109,"type":"cond-expr","locations":[{"start":{"line":109,"column":99},"end":{"line":109,"column":112}},{"start":{"line":109,"column":115},"end":{"line":109,"column":127}}]},"18":{"line":111,"type":"if","locations":[{"start":{"line":111,"column":28},"end":{"line":111,"column":28}},{"start":{"line":111,"column":28},"end":{"line":111,"column":28}}]},"19":{"line":111,"type":"binary-expr","locations":[{"start":{"line":111,"column":32},"end":{"line":111,"column":44}},{"start":{"line":111,"column":48},"end":{"line":111,"column":146}}]},"20":{"line":114,"type":"if","locations":[{"start":{"line":114,"column":28},"end":{"line":114,"column":28}},{"start":{"line":114,"column":28},"end":{"line":114,"column":28}}]},"21":{"line":123,"type":"binary-expr","locations":[{"start":{"line":123,"column":40},"end":{"line":123,"column":92}},{"start":{"line":123,"column":96},"end":{"line":123,"column":117}},{"start":{"line":123,"column":121},"end":{"line":123,"column":137}},{"start":{"line":123,"column":141},"end":{"line":123,"column":157}}]},"22":{"line":124,"type":"binary-expr","locations":[{"start":{"line":124,"column":51},"end":{"line":124,"column":72}},{"start":{"line":124,"column":76},"end":{"line":124,"column":92}},{"start":{"line":124,"column":96},"end":{"line":124,"column":112}}]},"23":{"line":126,"type":"if","locations":[{"start":{"line":126,"column":24},"end":{"line":126,"column":24}},{"start":{"line":126,"column":24},"end":{"line":126,"column":24}}]},"24":{"line":137,"type":"if","locations":[{"start":{"line":137,"column":24},"end":{"line":137,"column":24}},{"start":{"line":137,"column":24},"end":{"line":137,"column":24}}]},"25":{"line":151,"type":"if","locations":[{"start":{"line":151,"column":24},"end":{"line":151,"column":24}},{"start":{"line":151,"column":24},"end":{"line":151,"column":24}}]},"26":{"line":172,"type":"if","locations":[{"start":{"line":172,"column":16},"end":{"line":172,"column":16}},{"start":{"line":172,"column":16},"end":{"line":172,"column":16}}]},"27":{"line":172,"type":"binary-expr","locations":[{"start":{"line":172,"column":20},"end":{"line":172,"column":32}},{"start":{"line":172,"column":36},"end":{"line":172,"column":124}}]},"28":{"line":177,"type":"binary-expr","locations":[{"start":{"line":177,"column":36},"end":{"line":177,"column":88}},{"start":{"line":177,"column":92},"end":{"line":177,"column":113}},{"start":{"line":177,"column":117},"end":{"line":177,"column":133}}]},"29":{"line":178,"type":"binary-expr","locations":[{"start":{"line":178,"column":47},"end":{"line":178,"column":68}},{"start":{"line":178,"column":72},"end":{"line":178,"column":88}}]},"30":{"line":180,"type":"if","locations":[{"start":{"line":180,"column":20},"end":{"line":180,"column":20}},{"start":{"line":180,"column":20},"end":{"line":180,"column":20}}]},"31":{"line":191,"type":"if","locations":[{"start":{"line":191,"column":20},"end":{"line":191,"column":20}},{"start":{"line":191,"column":20},"end":{"line":191,"column":20}}]},"32":{"line":204,"type":"if","locations":[{"start":{"line":204,"column":20},"end":{"line":204,"column":20}},{"start":{"line":204,"column":20},"end":{"line":204,"column":20}}]},"33":{"line":219,"type":"binary-expr","locations":[{"start":{"line":219,"column":105},"end":{"line":219,"column":134}},{"start":{"line":219,"column":138},"end":{"line":219,"column":154}}]},"34":{"line":220,"type":"if","locations":[{"start":{"line":220,"column":12},"end":{"line":220,"column":12}},{"start":{"line":220,"column":12},"end":{"line":220,"column":12}}]},"35":{"line":231,"type":"if","locations":[{"start":{"line":231,"column":12},"end":{"line":231,"column":12}},{"start":{"line":231,"column":12},"end":{"line":231,"column":12}}]},"36":{"line":242,"type":"binary-expr","locations":[{"start":{"line":242,"column":29},"end":{"line":242,"column":58}},{"start":{"line":242,"column":62},"end":{"line":242,"column":78}}]},"37":{"line":245,"type":"if","locations":[{"start":{"line":245,"column":12},"end":{"line":245,"column":12}},{"start":{"line":245,"column":12},"end":{"line":245,"column":12}}]},"38":{"line":256,"type":"binary-expr","locations":[{"start":{"line":256,"column":31},"end":{"line":256,"column":60}},{"start":{"line":256,"column":64},"end":{"line":256,"column":80}}]}}}}