{"C:\\inetpub\\wwwroot\\odata-v4-server\\lib\\index.js":{"path":"C:\\inetpub\\wwwroot\\odata-v4-server\\lib\\index.js","s":{"1":1,"2":8,"3":17,"4":17,"5":1,"6":1,"7":1,"8":1,"9":1,"10":1,"11":1,"12":1,"13":1,"14":1},"b":{"1":[17,0]},"f":{"1":8},"fnMap":{"1":{"name":"__export","line":2,"loc":{"start":{"line":2,"column":0},"end":{"line":2,"column":21}}}},"statementMap":{"1":{"start":{"line":2,"column":0},"end":{"line":4,"column":1}},"2":{"start":{"line":3,"column":4},"end":{"line":3,"column":71}},"3":{"start":{"line":3,"column":21},"end":{"line":3,"column":71}},"4":{"start":{"line":3,"column":53},"end":{"line":3,"column":71}},"5":{"start":{"line":5,"column":0},"end":{"line":5,"column":27}},"6":{"start":{"line":6,"column":0},"end":{"line":6,"column":29}},"7":{"start":{"line":7,"column":0},"end":{"line":7,"column":34}},"8":{"start":{"line":8,"column":0},"end":{"line":8,"column":33}},"9":{"start":{"line":9,"column":0},"end":{"line":9,"column":30}},"10":{"start":{"line":10,"column":0},"end":{"line":10,"column":30}},"11":{"start":{"line":11,"column":0},"end":{"line":11,"column":31}},"12":{"start":{"line":12,"column":0},"end":{"line":12,"column":29}},"13":{"start":{"line":13,"column":0},"end":{"line":13,"column":51}},"14":{"start":{"line":14,"column":0},"end":{"line":14,"column":35}}},"branchMap":{"1":{"line":3,"type":"if","locations":[{"start":{"line":3,"column":21},"end":{"line":3,"column":21}},{"start":{"line":3,"column":21},"end":{"line":3,"column":21}}]}}},"C:\\inetpub\\wwwroot\\odata-v4-server\\lib\\edm.js":{"path":"C:\\inetpub\\wwwroot\\odata-v4-server\\lib\\edm.js","s":{"1":1,"2":1,"3":1,"4":1,"5":1,"6":1,"7":1,"8":1,"9":1,"10":1,"11":1,"12":1,"13":1,"14":1,"15":1,"16":1,"17":1,"18":1,"19":1,"20":1,"21":1,"22":1,"23":1,"24":1,"25":1,"26":1,"27":1,"28":1,"29":33,"30":32,"31":9,"32":9,"33":9,"34":9,"35":2,"36":9,"37":0,"38":9,"39":9,"40":23,"41":2,"42":23,"43":21,"44":21,"45":21,"46":21,"47":23,"48":33,"49":32,"50":8,"51":24,"52":1,"53":1,"54":1,"55":1,"56":1,"57":1,"58":1,"59":1,"60":1,"61":1,"62":1,"63":1,"64":1,"65":1,"66":1,"67":1,"68":1,"69":1,"70":1,"71":1,"72":1,"73":1,"74":1,"75":1,"76":1,"77":1,"78":1,"79":1,"80":1,"81":1,"82":1,"83":1,"84":1,"85":1,"86":1,"87":1,"88":1,"89":1,"90":1,"91":1,"92":1,"93":1,"94":1,"95":3,"96":4,"97":0,"98":0,"99":0,"100":0,"101":0,"102":0,"103":0,"104":0,"105":0,"106":0,"107":0,"108":0,"109":0,"110":0,"111":4,"112":0,"113":4,"114":3,"115":3,"116":3,"117":3,"118":3,"119":3,"120":1,"121":3,"122":3,"123":3,"124":3,"125":3,"126":0,"127":3,"128":3,"129":1,"130":1,"131":63,"132":63,"133":63,"134":1,"135":4,"136":4,"137":4,"138":4,"139":1,"140":1,"141":62,"142":2,"143":63,"144":1,"145":1,"146":1,"147":1,"148":1,"149":1,"150":1,"151":62,"152":0,"153":63,"154":1,"155":1,"156":265,"157":265,"158":265,"159":265,"160":253,"161":265,"162":30,"163":25,"164":30,"165":30,"166":265,"167":1279,"168":1279,"169":1279,"170":1279,"171":25,"172":240,"173":1,"174":1,"175":182,"176":1,"177":1,"178":47,"179":1,"180":1,"181":14,"182":1,"183":1,"184":1,"185":4,"186":0,"187":4,"188":4,"189":4,"190":4,"191":4,"192":1,"193":26,"194":1,"195":1,"196":4,"197":1,"198":1,"199":3,"200":0,"201":0,"202":3,"203":1,"204":1,"205":1,"206":3,"207":0,"208":3,"209":1,"210":23,"211":1,"212":1,"213":1,"214":0,"215":0,"216":0,"217":0,"218":0,"219":0,"220":0,"221":0,"222":0,"223":0,"224":0,"225":0,"226":0,"227":1,"228":23,"229":1,"230":1,"231":1,"232":1,"233":0,"234":0,"235":0,"236":0,"237":0,"238":0,"239":0,"240":0,"241":0,"242":1,"243":0,"244":1,"245":1,"246":0,"247":1,"248":1,"249":10,"250":13,"251":13,"252":13,"253":13,"254":7,"255":7,"256":1,"257":13,"258":13,"259":13,"260":13,"261":13,"262":1,"263":1,"264":1,"265":3,"266":0,"267":3,"268":1,"269":1,"270":5,"271":1,"272":4,"273":1,"274":1,"275":18,"276":1,"277":1,"278":28,"279":28,"280":1,"281":1,"282":40,"283":40,"284":1,"285":1,"286":100,"287":1,"288":1,"289":93,"290":1,"291":1,"292":18,"293":1,"294":1,"295":9,"296":1,"297":1,"298":1,"299":1,"300":0,"301":1,"302":1,"303":1,"304":1,"305":1,"306":1,"307":1,"308":1,"309":1,"310":4,"311":1,"312":1,"313":0,"314":1,"315":1,"316":40,"317":1,"318":1,"319":0,"320":1,"321":1,"322":1,"323":1,"324":50,"325":1,"326":1,"327":2,"328":3,"329":1,"330":3,"331":2,"332":1,"333":1,"334":1,"335":2,"336":2,"337":1,"338":1,"339":265,"340":1,"341":1,"342":5,"343":5,"344":1,"345":1,"346":3,"347":3,"348":0,"349":3,"350":1,"351":1,"352":182,"353":1,"354":1,"355":8,"356":8,"357":2,"358":8,"359":8,"360":8,"361":1,"362":1,"363":31,"364":1,"365":1,"366":2,"367":2,"368":0,"369":2,"370":2,"371":2,"372":1,"373":1,"374":4,"375":1,"376":1,"377":2,"378":1,"379":1,"380":23,"381":1,"382":1,"383":2,"384":2,"385":1},"b":{"1":[9,23],"2":[9,7],"3":[0,9],"4":[2,21],"5":[21,2],"6":[21,11],"7":[21,0],"8":[8,24],"9":[0,4],"10":[0,0],"11":[0,0],"12":[0,0],"13":[0,0],"14":[0,4],"15":[4,1],"16":[3,0],"17":[0,3],"18":[63,17],"19":[63,58],"20":[1,62],"21":[63,44,39],"22":[4,2,0],"23":[1,3],"24":[2,60],"25":[2,1,0],"26":[1,62],"27":[63,5,5],"28":[1,1,0],"29":[1,0],"30":[0,62],"31":[0,0,0],"32":[5,58],"33":[253,12],"34":[30,235],"35":[25,5],"36":[30,30],"37":[25,0],"38":[30,0],"39":[30,30],"40":[30,3],"41":[1279,768,126],"42":[1279,0],"43":[25,1254],"44":[47,1],"45":[14,7],"46":[0,4],"47":[4,4],"48":[4,0],"49":[26,20],"50":[4,4,0],"51":[0,0,0,0,0,0,0,0,0,0,0,3],"52":[0,3],"53":[23,20],"54":[0,0],"55":[0,0],"56":[0,0],"57":[0,0],"58":[0,1],"59":[0,0],"60":[0,0],"61":[0,1],"62":[0,0],"63":[7,6],"64":[13,6],"65":[0,3],"66":[1,4],"67":[18,13],"68":[28,9],"69":[40,9],"70":[100,96],"71":[93,90],"72":[18,13],"73":[9,4],"74":[0,1],"75":[1,0],"76":[1,0],"77":[1,0],"78":[50,45],"79":[1,2],"80":[2,1],"81":[2,0],"82":[1,0],"83":[5,0],"84":[0,3],"85":[2,6],"86":[8,8],"87":[31,25,23],"88":[0,2],"89":[2,2],"90":[4,0,0],"91":[23,23],"92":[1,1]},"f":{"1":1,"2":33,"3":32,"4":32,"5":1,"6":1,"7":1,"8":1,"9":1,"10":1,"11":1,"12":1,"13":1,"14":3,"15":4,"16":0,"17":0,"18":63,"19":265,"20":182,"21":47,"22":14,"23":1,"24":4,"25":26,"26":4,"27":3,"28":1,"29":3,"30":23,"31":1,"32":0,"33":23,"34":1,"35":1,"36":0,"37":10,"38":13,"39":0,"40":3,"41":5,"42":18,"43":28,"44":40,"45":100,"46":93,"47":18,"48":9,"49":1,"50":1,"51":4,"52":0,"53":40,"54":0,"55":1,"56":50,"57":2,"58":3,"59":265,"60":5,"61":3,"62":3,"63":182,"64":8,"65":8,"66":31,"67":2,"68":2,"69":4,"70":2,"71":23,"72":2,"73":2},"fnMap":{"1":{"name":"(anonymous_1)","line":5,"loc":{"start":{"line":5,"column":1},"end":{"line":5,"column":16}}},"2":{"name":"typeDecoratorFactory","line":29,"loc":{"start":{"line":29,"column":4},"end":{"line":29,"column":40}}},"3":{"name":"(anonymous_3)","line":30,"loc":{"start":{"line":30,"column":24},"end":{"line":30,"column":69}}},"4":{"name":"(anonymous_4)","line":60,"loc":{"start":{"line":60,"column":15},"end":{"line":60,"column":34}}},"5":{"name":"GeographyCollection","line":91,"loc":{"start":{"line":91,"column":31},"end":{"line":91,"column":62}}},"6":{"name":"Geometry","line":94,"loc":{"start":{"line":94,"column":20},"end":{"line":94,"column":40}}},"7":{"name":"GeometryPoint","line":97,"loc":{"start":{"line":97,"column":25},"end":{"line":97,"column":50}}},"8":{"name":"GeometryLineString","line":100,"loc":{"start":{"line":100,"column":30},"end":{"line":100,"column":60}}},"9":{"name":"GeometryPolygon","line":103,"loc":{"start":{"line":103,"column":27},"end":{"line":103,"column":54}}},"10":{"name":"GeometryMultiPoint","line":106,"loc":{"start":{"line":106,"column":30},"end":{"line":106,"column":60}}},"11":{"name":"GeometryMultiLineString","line":109,"loc":{"start":{"line":109,"column":35},"end":{"line":109,"column":70}}},"12":{"name":"GeometryMultiPolygon","line":112,"loc":{"start":{"line":112,"column":32},"end":{"line":112,"column":64}}},"13":{"name":"GeometryCollection","line":115,"loc":{"start":{"line":115,"column":30},"end":{"line":115,"column":60}}},"14":{"name":"Collection","line":118,"loc":{"start":{"line":118,"column":4},"end":{"line":118,"column":37}}},"15":{"name":"(anonymous_15)","line":119,"loc":{"start":{"line":119,"column":15},"end":{"line":119,"column":60}}},"16":{"name":"Collection","line":123,"loc":{"start":{"line":123,"column":30},"end":{"line":123,"column":52}}},"17":{"name":"Collection","line":150,"loc":{"start":{"line":150,"column":30},"end":{"line":150,"column":52}}},"18":{"name":"getTypeName","line":172,"loc":{"start":{"line":172,"column":4},"end":{"line":172,"column":46}}},"19":{"name":"getType","line":206,"loc":{"start":{"line":206,"column":4},"end":{"line":206,"column":42}}},"20":{"name":"isCollection","line":229,"loc":{"start":{"line":229,"column":4},"end":{"line":229,"column":47}}},"21":{"name":"getProperties","line":233,"loc":{"start":{"line":233,"column":4},"end":{"line":233,"column":35}}},"22":{"name":"getParameters","line":237,"loc":{"start":{"line":237,"column":4},"end":{"line":237,"column":46}}},"23":{"name":"Key","line":241,"loc":{"start":{"line":241,"column":15},"end":{"line":241,"column":30}}},"24":{"name":"(anonymous_24)","line":242,"loc":{"start":{"line":242,"column":15},"end":{"line":242,"column":44}}},"25":{"name":"isKey","line":253,"loc":{"start":{"line":253,"column":4},"end":{"line":253,"column":40}}},"26":{"name":"getKeyProperties","line":257,"loc":{"start":{"line":257,"column":4},"end":{"line":257,"column":38}}},"27":{"name":"escape","line":261,"loc":{"start":{"line":261,"column":4},"end":{"line":261,"column":33}}},"28":{"name":"Computed","line":280,"loc":{"start":{"line":280,"column":20},"end":{"line":280,"column":40}}},"29":{"name":"(anonymous_29)","line":281,"loc":{"start":{"line":281,"column":15},"end":{"line":281,"column":44}}},"30":{"name":"isComputed","line":288,"loc":{"start":{"line":288,"column":4},"end":{"line":288,"column":45}}},"31":{"name":"Nullable","line":292,"loc":{"start":{"line":292,"column":20},"end":{"line":292,"column":40}}},"32":{"name":"(anonymous_32)","line":293,"loc":{"start":{"line":293,"column":15},"end":{"line":293,"column":60}}},"33":{"name":"isNullable","line":318,"loc":{"start":{"line":318,"column":4},"end":{"line":318,"column":45}}},"34":{"name":"Required","line":322,"loc":{"start":{"line":322,"column":20},"end":{"line":322,"column":40}}},"35":{"name":"(anonymous_35)","line":323,"loc":{"start":{"line":323,"column":15},"end":{"line":323,"column":60}}},"36":{"name":"isRequired","line":348,"loc":{"start":{"line":348,"column":4},"end":{"line":348,"column":45}}},"37":{"name":"operationDecoratorFactory","line":352,"loc":{"start":{"line":352,"column":4},"end":{"line":352,"column":57}}},"38":{"name":"(anonymous_38)","line":353,"loc":{"start":{"line":353,"column":15},"end":{"line":353,"column":44}}},"39":{"name":"(anonymous_39)","line":354,"loc":{"start":{"line":354,"column":26},"end":{"line":354,"column":38}}},"40":{"name":"FunctionImport","line":374,"loc":{"start":{"line":374,"column":4},"end":{"line":374,"column":47}}},"41":{"name":"Function","line":381,"loc":{"start":{"line":381,"column":4},"end":{"line":381,"column":41}}},"42":{"name":"getOperations","line":388,"loc":{"start":{"line":388,"column":4},"end":{"line":388,"column":35}}},"43":{"name":"getReturnTypeName","line":392,"loc":{"start":{"line":392,"column":4},"end":{"line":392,"column":52}}},"44":{"name":"getReturnType","line":397,"loc":{"start":{"line":397,"column":4},"end":{"line":397,"column":48}}},"45":{"name":"isActionImport","line":402,"loc":{"start":{"line":402,"column":4},"end":{"line":402,"column":49}}},"46":{"name":"isFunctionImport","line":406,"loc":{"start":{"line":406,"column":4},"end":{"line":406,"column":51}}},"47":{"name":"isAction","line":410,"loc":{"start":{"line":410,"column":4},"end":{"line":410,"column":43}}},"48":{"name":"isFunction","line":414,"loc":{"start":{"line":414,"column":4},"end":{"line":414,"column":45}}},"49":{"name":"ComplexType","line":418,"loc":{"start":{"line":418,"column":4},"end":{"line":418,"column":31}}},"50":{"name":"(anonymous_50)","line":419,"loc":{"start":{"line":419,"column":15},"end":{"line":419,"column":44}}},"51":{"name":"isComplexType","line":434,"loc":{"start":{"line":434,"column":4},"end":{"line":434,"column":48}}},"52":{"name":"MediaEntity","line":438,"loc":{"start":{"line":438,"column":4},"end":{"line":438,"column":38}}},"53":{"name":"isMediaEntity","line":442,"loc":{"start":{"line":442,"column":4},"end":{"line":442,"column":35}}},"54":{"name":"getContentType","line":446,"loc":{"start":{"line":446,"column":4},"end":{"line":446,"column":36}}},"55":{"name":"OpenType","line":450,"loc":{"start":{"line":450,"column":20},"end":{"line":450,"column":40}}},"56":{"name":"isOpenType","line":453,"loc":{"start":{"line":453,"column":4},"end":{"line":453,"column":32}}},"57":{"name":"EntityType","line":457,"loc":{"start":{"line":457,"column":4},"end":{"line":457,"column":30}}},"58":{"name":"(anonymous_58)","line":458,"loc":{"start":{"line":458,"column":15},"end":{"line":458,"column":44}}},"59":{"name":"isEntityType","line":473,"loc":{"start":{"line":473,"column":4},"end":{"line":473,"column":47}}},"60":{"name":"register","line":477,"loc":{"start":{"line":477,"column":4},"end":{"line":477,"column":28}}},"61":{"name":"Convert","line":482,"loc":{"start":{"line":482,"column":4},"end":{"line":482,"column":32}}},"62":{"name":"(anonymous_62)","line":483,"loc":{"start":{"line":483,"column":15},"end":{"line":483,"column":44}}},"63":{"name":"getConverter","line":491,"loc":{"start":{"line":491,"column":4},"end":{"line":491,"column":47}}},"64":{"name":"Annotate","line":495,"loc":{"start":{"line":495,"column":4},"end":{"line":495,"column":37}}},"65":{"name":"(anonymous_65)","line":496,"loc":{"start":{"line":496,"column":15},"end":{"line":496,"column":44}}},"66":{"name":"getAnnotations","line":506,"loc":{"start":{"line":506,"column":4},"end":{"line":506,"column":47}}},"67":{"name":"ForeignKey","line":510,"loc":{"start":{"line":510,"column":4},"end":{"line":510,"column":33}}},"68":{"name":"(anonymous_68)","line":511,"loc":{"start":{"line":511,"column":15},"end":{"line":511,"column":44}}},"69":{"name":"getForeignKeys","line":521,"loc":{"start":{"line":521,"column":4},"end":{"line":521,"column":47}}},"70":{"name":"Partner","line":525,"loc":{"start":{"line":525,"column":4},"end":{"line":525,"column":31}}},"71":{"name":"getPartner","line":529,"loc":{"start":{"line":529,"column":4},"end":{"line":529,"column":43}}},"72":{"name":"EntitySet","line":533,"loc":{"start":{"line":533,"column":4},"end":{"line":533,"column":29}}},"73":{"name":"(anonymous_73)","line":534,"loc":{"start":{"line":534,"column":15},"end":{"line":534,"column":37}}}},"statementMap":{"1":{"start":{"line":2,"column":0},"end":{"line":2,"column":28}},"2":{"start":{"line":3,"column":0},"end":{"line":3,"column":35}},"3":{"start":{"line":4,"column":0},"end":{"line":4,"column":8}},"4":{"start":{"line":5,"column":0},"end":{"line":539,"column":44}},"5":{"start":{"line":6,"column":4},"end":{"line":6,"column":43}},"6":{"start":{"line":7,"column":4},"end":{"line":7,"column":49}},"7":{"start":{"line":8,"column":4},"end":{"line":8,"column":45}},"8":{"start":{"line":9,"column":4},"end":{"line":9,"column":45}},"9":{"start":{"line":10,"column":4},"end":{"line":10,"column":55}},"10":{"start":{"line":11,"column":4},"end":{"line":11,"column":55}},"11":{"start":{"line":12,"column":4},"end":{"line":12,"column":55}},"12":{"start":{"line":13,"column":4},"end":{"line":13,"column":53}},"13":{"start":{"line":14,"column":4},"end":{"line":14,"column":31}},"14":{"start":{"line":15,"column":4},"end":{"line":15,"column":45}},"15":{"start":{"line":16,"column":4},"end":{"line":16,"column":45}},"16":{"start":{"line":17,"column":4},"end":{"line":17,"column":43}},"17":{"start":{"line":18,"column":4},"end":{"line":18,"column":43}},"18":{"start":{"line":19,"column":4},"end":{"line":19,"column":35}},"19":{"start":{"line":20,"column":4},"end":{"line":20,"column":39}},"20":{"start":{"line":21,"column":4},"end":{"line":21,"column":43}},"21":{"start":{"line":22,"column":4},"end":{"line":22,"column":43}},"22":{"start":{"line":23,"column":4},"end":{"line":23,"column":45}},"23":{"start":{"line":24,"column":4},"end":{"line":24,"column":41}},"24":{"start":{"line":25,"column":4},"end":{"line":25,"column":41}},"25":{"start":{"line":26,"column":4},"end":{"line":26,"column":45}},"26":{"start":{"line":27,"column":4},"end":{"line":27,"column":39}},"27":{"start":{"line":28,"column":4},"end":{"line":28,"column":28}},"28":{"start":{"line":29,"column":4},"end":{"line":66,"column":5}},"29":{"start":{"line":30,"column":8},"end":{"line":59,"column":10}},"30":{"start":{"line":31,"column":12},"end":{"line":58,"column":13}},"31":{"start":{"line":32,"column":16},"end":{"line":32,"column":86}},"32":{"start":{"line":33,"column":16},"end":{"line":33,"column":104}},"33":{"start":{"line":34,"column":16},"end":{"line":34,"column":63}},"34":{"start":{"line":35,"column":16},"end":{"line":35,"column":83}},"35":{"start":{"line":35,"column":59},"end":{"line":35,"column":78}},"36":{"start":{"line":36,"column":16},"end":{"line":44,"column":17}},"37":{"start":{"line":37,"column":20},"end":{"line":37,"column":38}},"38":{"start":{"line":40,"column":20},"end":{"line":43,"column":23}},"39":{"start":{"line":45,"column":16},"end":{"line":45,"column":93}},"40":{"start":{"line":48,"column":16},"end":{"line":50,"column":17}},"41":{"start":{"line":49,"column":20},"end":{"line":49,"column":41}},"42":{"start":{"line":51,"column":16},"end":{"line":56,"column":17}},"43":{"start":{"line":52,"column":20},"end":{"line":52,"column":86}},"44":{"start":{"line":53,"column":20},"end":{"line":54,"column":51}},"45":{"start":{"line":54,"column":24},"end":{"line":54,"column":51}},"46":{"start":{"line":55,"column":20},"end":{"line":55,"column":78}},"47":{"start":{"line":57,"column":16},"end":{"line":57,"column":73}},"48":{"start":{"line":60,"column":8},"end":{"line":65,"column":10}},"49":{"start":{"line":61,"column":12},"end":{"line":64,"column":51}},"50":{"start":{"line":62,"column":16},"end":{"line":62,"column":33}},"51":{"start":{"line":64,"column":16},"end":{"line":64,"column":51}},"52":{"start":{"line":67,"column":4},"end":{"line":67,"column":52}},"53":{"start":{"line":68,"column":4},"end":{"line":68,"column":54}},"54":{"start":{"line":69,"column":4},"end":{"line":69,"column":48}},"55":{"start":{"line":70,"column":4},"end":{"line":70,"column":48}},"56":{"start":{"line":71,"column":4},"end":{"line":71,"column":68}},"57":{"start":{"line":72,"column":4},"end":{"line":72,"column":54}},"58":{"start":{"line":73,"column":4},"end":{"line":73,"column":52}},"59":{"start":{"line":74,"column":4},"end":{"line":74,"column":56}},"60":{"start":{"line":75,"column":4},"end":{"line":75,"column":48}},"61":{"start":{"line":76,"column":4},"end":{"line":76,"column":50}},"62":{"start":{"line":77,"column":4},"end":{"line":77,"column":50}},"63":{"start":{"line":78,"column":4},"end":{"line":78,"column":50}},"64":{"start":{"line":79,"column":4},"end":{"line":79,"column":50}},"65":{"start":{"line":80,"column":4},"end":{"line":80,"column":52}},"66":{"start":{"line":81,"column":4},"end":{"line":81,"column":52}},"67":{"start":{"line":82,"column":4},"end":{"line":82,"column":52}},"68":{"start":{"line":83,"column":4},"end":{"line":83,"column":58}},"69":{"start":{"line":84,"column":4},"end":{"line":84,"column":58}},"70":{"start":{"line":85,"column":4},"end":{"line":85,"column":68}},"71":{"start":{"line":86,"column":4},"end":{"line":86,"column":78}},"72":{"start":{"line":87,"column":4},"end":{"line":87,"column":72}},"73":{"start":{"line":88,"column":4},"end":{"line":88,"column":78}},"74":{"start":{"line":89,"column":4},"end":{"line":89,"column":88}},"75":{"start":{"line":90,"column":4},"end":{"line":90,"column":82}},"76":{"start":{"line":91,"column":4},"end":{"line":93,"column":9}},"77":{"start":{"line":92,"column":8},"end":{"line":92,"column":63}},"78":{"start":{"line":94,"column":4},"end":{"line":96,"column":9}},"79":{"start":{"line":95,"column":8},"end":{"line":95,"column":52}},"80":{"start":{"line":97,"column":4},"end":{"line":99,"column":9}},"81":{"start":{"line":98,"column":8},"end":{"line":98,"column":57}},"82":{"start":{"line":100,"column":4},"end":{"line":102,"column":9}},"83":{"start":{"line":101,"column":8},"end":{"line":101,"column":62}},"84":{"start":{"line":103,"column":4},"end":{"line":105,"column":9}},"85":{"start":{"line":104,"column":8},"end":{"line":104,"column":59}},"86":{"start":{"line":106,"column":4},"end":{"line":108,"column":9}},"87":{"start":{"line":107,"column":8},"end":{"line":107,"column":62}},"88":{"start":{"line":109,"column":4},"end":{"line":111,"column":9}},"89":{"start":{"line":110,"column":8},"end":{"line":110,"column":67}},"90":{"start":{"line":112,"column":4},"end":{"line":114,"column":9}},"91":{"start":{"line":113,"column":8},"end":{"line":113,"column":64}},"92":{"start":{"line":115,"column":4},"end":{"line":117,"column":9}},"93":{"start":{"line":116,"column":8},"end":{"line":116,"column":62}},"94":{"start":{"line":118,"column":4},"end":{"line":170,"column":5}},"95":{"start":{"line":119,"column":8},"end":{"line":169,"column":10}},"96":{"start":{"line":120,"column":12},"end":{"line":168,"column":13}},"97":{"start":{"line":121,"column":16},"end":{"line":121,"column":86}},"98":{"start":{"line":122,"column":16},"end":{"line":122,"column":104}},"99":{"start":{"line":123,"column":16},"end":{"line":123,"column":56}},"100":{"start":{"line":124,"column":16},"end":{"line":124,"column":68}},"101":{"start":{"line":125,"column":16},"end":{"line":125,"column":85}},"102":{"start":{"line":126,"column":16},"end":{"line":128,"column":17}},"103":{"start":{"line":127,"column":20},"end":{"line":127,"column":115}},"104":{"start":{"line":129,"column":16},"end":{"line":129,"column":63}},"105":{"start":{"line":130,"column":16},"end":{"line":130,"column":83}},"106":{"start":{"line":130,"column":59},"end":{"line":130,"column":78}},"107":{"start":{"line":131,"column":16},"end":{"line":139,"column":17}},"108":{"start":{"line":132,"column":20},"end":{"line":132,"column":71}},"109":{"start":{"line":135,"column":20},"end":{"line":138,"column":23}},"110":{"start":{"line":140,"column":16},"end":{"line":140,"column":93}},"111":{"start":{"line":143,"column":16},"end":{"line":145,"column":17}},"112":{"start":{"line":144,"column":20},"end":{"line":144,"column":41}},"113":{"start":{"line":146,"column":16},"end":{"line":146,"column":82}},"114":{"start":{"line":147,"column":16},"end":{"line":148,"column":47}},"115":{"start":{"line":148,"column":20},"end":{"line":148,"column":47}},"116":{"start":{"line":149,"column":16},"end":{"line":149,"column":74}},"117":{"start":{"line":150,"column":16},"end":{"line":150,"column":56}},"118":{"start":{"line":151,"column":16},"end":{"line":156,"column":17}},"119":{"start":{"line":152,"column":20},"end":{"line":152,"column":72}},"120":{"start":{"line":155,"column":20},"end":{"line":155,"column":70}},"121":{"start":{"line":157,"column":16},"end":{"line":157,"column":81}},"122":{"start":{"line":158,"column":16},"end":{"line":158,"column":85}},"123":{"start":{"line":159,"column":16},"end":{"line":159,"column":81}},"124":{"start":{"line":160,"column":16},"end":{"line":160,"column":91}},"125":{"start":{"line":161,"column":16},"end":{"line":167,"column":17}},"126":{"start":{"line":162,"column":20},"end":{"line":162,"column":84}},"127":{"start":{"line":165,"column":20},"end":{"line":165,"column":80}},"128":{"start":{"line":166,"column":20},"end":{"line":166,"column":83}},"129":{"start":{"line":171,"column":4},"end":{"line":171,"column":32}},"130":{"start":{"line":172,"column":4},"end":{"line":204,"column":5}},"131":{"start":{"line":173,"column":8},"end":{"line":173,"column":129}},"132":{"start":{"line":174,"column":8},"end":{"line":174,"column":150}},"133":{"start":{"line":175,"column":8},"end":{"line":188,"column":9}},"134":{"start":{"line":176,"column":12},"end":{"line":184,"column":13}},"135":{"start":{"line":177,"column":16},"end":{"line":177,"column":52}},"136":{"start":{"line":178,"column":16},"end":{"line":178,"column":89}},"137":{"start":{"line":179,"column":16},"end":{"line":179,"column":59}},"138":{"start":{"line":180,"column":16},"end":{"line":183,"column":17}},"139":{"start":{"line":181,"column":20},"end":{"line":181,"column":50}},"140":{"start":{"line":182,"column":20},"end":{"line":182,"column":26}},"141":{"start":{"line":186,"column":13},"end":{"line":188,"column":9}},"142":{"start":{"line":187,"column":12},"end":{"line":187,"column":87}},"143":{"start":{"line":189,"column":8},"end":{"line":202,"column":9}},"144":{"start":{"line":190,"column":12},"end":{"line":198,"column":13}},"145":{"start":{"line":191,"column":16},"end":{"line":191,"column":52}},"146":{"start":{"line":192,"column":16},"end":{"line":192,"column":89}},"147":{"start":{"line":193,"column":16},"end":{"line":193,"column":59}},"148":{"start":{"line":194,"column":16},"end":{"line":197,"column":17}},"149":{"start":{"line":195,"column":20},"end":{"line":195,"column":64}},"150":{"start":{"line":196,"column":20},"end":{"line":196,"column":26}},"151":{"start":{"line":200,"column":13},"end":{"line":202,"column":9}},"152":{"start":{"line":201,"column":12},"end":{"line":201,"column":108}},"153":{"start":{"line":203,"column":8},"end":{"line":203,"column":67}},"154":{"start":{"line":205,"column":4},"end":{"line":205,"column":34}},"155":{"start":{"line":206,"column":4},"end":{"line":227,"column":5}},"156":{"start":{"line":207,"column":8},"end":{"line":207,"column":79}},"157":{"start":{"line":208,"column":8},"end":{"line":208,"column":93}},"158":{"start":{"line":209,"column":8},"end":{"line":209,"column":65}},"159":{"start":{"line":210,"column":8},"end":{"line":211,"column":31}},"160":{"start":{"line":211,"column":12},"end":{"line":211,"column":31}},"161":{"start":{"line":212,"column":8},"end":{"line":217,"column":9}},"162":{"start":{"line":213,"column":12},"end":{"line":214,"column":82}},"163":{"start":{"line":214,"column":16},"end":{"line":214,"column":82}},"164":{"start":{"line":215,"column":12},"end":{"line":216,"column":68}},"165":{"start":{"line":216,"column":16},"end":{"line":216,"column":68}},"166":{"start":{"line":218,"column":8},"end":{"line":225,"column":9}},"167":{"start":{"line":219,"column":12},"end":{"line":219,"column":48}},"168":{"start":{"line":220,"column":12},"end":{"line":220,"column":85}},"169":{"start":{"line":221,"column":12},"end":{"line":221,"column":92}},"170":{"start":{"line":222,"column":12},"end":{"line":224,"column":13}},"171":{"start":{"line":223,"column":16},"end":{"line":223,"column":37}},"172":{"start":{"line":226,"column":8},"end":{"line":226,"column":27}},"173":{"start":{"line":228,"column":4},"end":{"line":228,"column":26}},"174":{"start":{"line":229,"column":4},"end":{"line":231,"column":5}},"175":{"start":{"line":230,"column":8},"end":{"line":230,"column":91}},"176":{"start":{"line":232,"column":4},"end":{"line":232,"column":36}},"177":{"start":{"line":233,"column":4},"end":{"line":235,"column":5}},"178":{"start":{"line":234,"column":8},"end":{"line":234,"column":64}},"179":{"start":{"line":236,"column":4},"end":{"line":236,"column":38}},"180":{"start":{"line":237,"column":4},"end":{"line":239,"column":5}},"181":{"start":{"line":238,"column":8},"end":{"line":238,"column":85}},"182":{"start":{"line":240,"column":4},"end":{"line":240,"column":38}},"183":{"start":{"line":241,"column":4},"end":{"line":252,"column":9}},"184":{"start":{"line":242,"column":8},"end":{"line":251,"column":10}},"185":{"start":{"line":243,"column":12},"end":{"line":245,"column":13}},"186":{"start":{"line":244,"column":16},"end":{"line":244,"column":37}},"187":{"start":{"line":246,"column":12},"end":{"line":246,"column":81}},"188":{"start":{"line":247,"column":12},"end":{"line":248,"column":43}},"189":{"start":{"line":248,"column":16},"end":{"line":248,"column":43}},"190":{"start":{"line":249,"column":12},"end":{"line":249,"column":73}},"191":{"start":{"line":250,"column":12},"end":{"line":250,"column":76}},"192":{"start":{"line":253,"column":4},"end":{"line":255,"column":5}},"193":{"start":{"line":254,"column":8},"end":{"line":254,"column":91}},"194":{"start":{"line":256,"column":4},"end":{"line":256,"column":22}},"195":{"start":{"line":257,"column":4},"end":{"line":259,"column":5}},"196":{"start":{"line":258,"column":8},"end":{"line":258,"column":126}},"197":{"start":{"line":260,"column":4},"end":{"line":260,"column":44}},"198":{"start":{"line":261,"column":4},"end":{"line":278,"column":5}},"199":{"start":{"line":262,"column":8},"end":{"line":277,"column":9}},"200":{"start":{"line":264,"column":16},"end":{"line":264,"column":45}},"201":{"start":{"line":275,"column":16},"end":{"line":275,"column":40}},"202":{"start":{"line":276,"column":31},"end":{"line":276,"column":83}},"203":{"start":{"line":279,"column":4},"end":{"line":279,"column":24}},"204":{"start":{"line":280,"column":4},"end":{"line":287,"column":9}},"205":{"start":{"line":281,"column":8},"end":{"line":286,"column":10}},"206":{"start":{"line":282,"column":12},"end":{"line":284,"column":13}},"207":{"start":{"line":283,"column":16},"end":{"line":283,"column":37}},"208":{"start":{"line":285,"column":12},"end":{"line":285,"column":81}},"209":{"start":{"line":288,"column":4},"end":{"line":290,"column":5}},"210":{"start":{"line":289,"column":8},"end":{"line":289,"column":96}},"211":{"start":{"line":291,"column":4},"end":{"line":291,"column":32}},"212":{"start":{"line":292,"column":4},"end":{"line":317,"column":9}},"213":{"start":{"line":293,"column":8},"end":{"line":316,"column":10}},"214":{"start":{"line":294,"column":12},"end":{"line":315,"column":13}},"215":{"start":{"line":295,"column":16},"end":{"line":295,"column":86}},"216":{"start":{"line":296,"column":16},"end":{"line":296,"column":104}},"217":{"start":{"line":297,"column":16},"end":{"line":297,"column":63}},"218":{"start":{"line":298,"column":16},"end":{"line":298,"column":83}},"219":{"start":{"line":298,"column":59},"end":{"line":298,"column":78}},"220":{"start":{"line":299,"column":16},"end":{"line":307,"column":17}},"221":{"start":{"line":300,"column":20},"end":{"line":300,"column":42}},"222":{"start":{"line":303,"column":20},"end":{"line":306,"column":23}},"223":{"start":{"line":308,"column":16},"end":{"line":308,"column":93}},"224":{"start":{"line":311,"column":16},"end":{"line":313,"column":17}},"225":{"start":{"line":312,"column":20},"end":{"line":312,"column":41}},"226":{"start":{"line":314,"column":16},"end":{"line":314,"column":85}},"227":{"start":{"line":318,"column":4},"end":{"line":320,"column":5}},"228":{"start":{"line":319,"column":8},"end":{"line":319,"column":87}},"229":{"start":{"line":321,"column":4},"end":{"line":321,"column":32}},"230":{"start":{"line":322,"column":4},"end":{"line":347,"column":9}},"231":{"start":{"line":323,"column":8},"end":{"line":346,"column":10}},"232":{"start":{"line":324,"column":12},"end":{"line":345,"column":13}},"233":{"start":{"line":325,"column":16},"end":{"line":325,"column":86}},"234":{"start":{"line":326,"column":16},"end":{"line":326,"column":104}},"235":{"start":{"line":327,"column":16},"end":{"line":327,"column":63}},"236":{"start":{"line":328,"column":16},"end":{"line":328,"column":83}},"237":{"start":{"line":328,"column":59},"end":{"line":328,"column":78}},"238":{"start":{"line":329,"column":16},"end":{"line":337,"column":17}},"239":{"start":{"line":330,"column":20},"end":{"line":330,"column":43}},"240":{"start":{"line":333,"column":20},"end":{"line":336,"column":23}},"241":{"start":{"line":338,"column":16},"end":{"line":338,"column":93}},"242":{"start":{"line":341,"column":16},"end":{"line":343,"column":17}},"243":{"start":{"line":342,"column":20},"end":{"line":342,"column":41}},"244":{"start":{"line":344,"column":16},"end":{"line":344,"column":86}},"245":{"start":{"line":348,"column":4},"end":{"line":350,"column":5}},"246":{"start":{"line":349,"column":8},"end":{"line":349,"column":111}},"247":{"start":{"line":351,"column":4},"end":{"line":351,"column":32}},"248":{"start":{"line":352,"column":4},"end":{"line":371,"column":5}},"249":{"start":{"line":353,"column":8},"end":{"line":370,"column":10}},"250":{"start":{"line":354,"column":12},"end":{"line":354,"column":42}},"251":{"start":{"line":355,"column":12},"end":{"line":355,"column":36}},"252":{"start":{"line":356,"column":12},"end":{"line":356,"column":42}},"253":{"start":{"line":357,"column":12},"end":{"line":364,"column":13}},"254":{"start":{"line":358,"column":16},"end":{"line":363,"column":17}},"255":{"start":{"line":359,"column":20},"end":{"line":359,"column":87}},"256":{"start":{"line":362,"column":20},"end":{"line":362,"column":65}},"257":{"start":{"line":365,"column":12},"end":{"line":365,"column":89}},"258":{"start":{"line":366,"column":12},"end":{"line":366,"column":47}},"259":{"start":{"line":367,"column":12},"end":{"line":367,"column":78}},"260":{"start":{"line":368,"column":12},"end":{"line":368,"column":66}},"261":{"start":{"line":369,"column":12},"end":{"line":369,"column":78}},"262":{"start":{"line":372,"column":4},"end":{"line":372,"column":60}},"263":{"start":{"line":373,"column":4},"end":{"line":373,"column":54}},"264":{"start":{"line":374,"column":4},"end":{"line":379,"column":5}},"265":{"start":{"line":375,"column":8},"end":{"line":378,"column":66}},"266":{"start":{"line":376,"column":12},"end":{"line":376,"column":70}},"267":{"start":{"line":378,"column":12},"end":{"line":378,"column":66}},"268":{"start":{"line":380,"column":4},"end":{"line":380,"column":40}},"269":{"start":{"line":381,"column":4},"end":{"line":386,"column":5}},"270":{"start":{"line":382,"column":8},"end":{"line":385,"column":66}},"271":{"start":{"line":383,"column":12},"end":{"line":383,"column":70}},"272":{"start":{"line":385,"column":12},"end":{"line":385,"column":66}},"273":{"start":{"line":387,"column":4},"end":{"line":387,"column":28}},"274":{"start":{"line":388,"column":4},"end":{"line":390,"column":5}},"275":{"start":{"line":389,"column":8},"end":{"line":389,"column":77}},"276":{"start":{"line":391,"column":4},"end":{"line":391,"column":38}},"277":{"start":{"line":392,"column":4},"end":{"line":395,"column":5}},"278":{"start":{"line":393,"column":8},"end":{"line":393,"column":91}},"279":{"start":{"line":394,"column":8},"end":{"line":394,"column":98}},"280":{"start":{"line":396,"column":4},"end":{"line":396,"column":46}},"281":{"start":{"line":397,"column":4},"end":{"line":400,"column":5}},"282":{"start":{"line":398,"column":8},"end":{"line":398,"column":91}},"283":{"start":{"line":399,"column":8},"end":{"line":399,"column":90}},"284":{"start":{"line":401,"column":4},"end":{"line":401,"column":38}},"285":{"start":{"line":402,"column":4},"end":{"line":404,"column":5}},"286":{"start":{"line":403,"column":8},"end":{"line":403,"column":86}},"287":{"start":{"line":405,"column":4},"end":{"line":405,"column":40}},"288":{"start":{"line":406,"column":4},"end":{"line":408,"column":5}},"289":{"start":{"line":407,"column":8},"end":{"line":407,"column":88}},"290":{"start":{"line":409,"column":4},"end":{"line":409,"column":44}},"291":{"start":{"line":410,"column":4},"end":{"line":412,"column":5}},"292":{"start":{"line":411,"column":8},"end":{"line":411,"column":86}},"293":{"start":{"line":413,"column":4},"end":{"line":413,"column":28}},"294":{"start":{"line":414,"column":4},"end":{"line":416,"column":5}},"295":{"start":{"line":415,"column":8},"end":{"line":415,"column":88}},"296":{"start":{"line":417,"column":4},"end":{"line":417,"column":32}},"297":{"start":{"line":418,"column":4},"end":{"line":432,"column":5}},"298":{"start":{"line":419,"column":8},"end":{"line":431,"column":10}},"299":{"start":{"line":420,"column":12},"end":{"line":422,"column":13}},"300":{"start":{"line":421,"column":16},"end":{"line":421,"column":37}},"301":{"start":{"line":423,"column":12},"end":{"line":428,"column":13}},"302":{"start":{"line":424,"column":16},"end":{"line":424,"column":82}},"303":{"start":{"line":425,"column":16},"end":{"line":426,"column":47}},"304":{"start":{"line":426,"column":20},"end":{"line":426,"column":47}},"305":{"start":{"line":427,"column":16},"end":{"line":427,"column":74}},"306":{"start":{"line":429,"column":12},"end":{"line":429,"column":76}},"307":{"start":{"line":430,"column":12},"end":{"line":430,"column":69}},"308":{"start":{"line":433,"column":4},"end":{"line":433,"column":34}},"309":{"start":{"line":434,"column":4},"end":{"line":436,"column":5}},"310":{"start":{"line":435,"column":8},"end":{"line":435,"column":82}},"311":{"start":{"line":437,"column":4},"end":{"line":437,"column":38}},"312":{"start":{"line":438,"column":4},"end":{"line":440,"column":5}},"313":{"start":{"line":439,"column":8},"end":{"line":439,"column":61}},"314":{"start":{"line":441,"column":4},"end":{"line":441,"column":34}},"315":{"start":{"line":442,"column":4},"end":{"line":444,"column":5}},"316":{"start":{"line":443,"column":8},"end":{"line":443,"column":59}},"317":{"start":{"line":445,"column":4},"end":{"line":445,"column":38}},"318":{"start":{"line":446,"column":4},"end":{"line":448,"column":5}},"319":{"start":{"line":447,"column":8},"end":{"line":447,"column":59}},"320":{"start":{"line":449,"column":4},"end":{"line":449,"column":40}},"321":{"start":{"line":450,"column":4},"end":{"line":452,"column":9}},"322":{"start":{"line":451,"column":8},"end":{"line":451,"column":51}},"323":{"start":{"line":453,"column":4},"end":{"line":455,"column":5}},"324":{"start":{"line":454,"column":8},"end":{"line":454,"column":65}},"325":{"start":{"line":456,"column":4},"end":{"line":456,"column":32}},"326":{"start":{"line":457,"column":4},"end":{"line":471,"column":5}},"327":{"start":{"line":458,"column":8},"end":{"line":470,"column":10}},"328":{"start":{"line":459,"column":12},"end":{"line":461,"column":13}},"329":{"start":{"line":460,"column":16},"end":{"line":460,"column":37}},"330":{"start":{"line":462,"column":12},"end":{"line":467,"column":13}},"331":{"start":{"line":463,"column":16},"end":{"line":463,"column":82}},"332":{"start":{"line":464,"column":16},"end":{"line":465,"column":47}},"333":{"start":{"line":465,"column":20},"end":{"line":465,"column":47}},"334":{"start":{"line":466,"column":16},"end":{"line":466,"column":74}},"335":{"start":{"line":468,"column":12},"end":{"line":468,"column":75}},"336":{"start":{"line":469,"column":12},"end":{"line":469,"column":69}},"337":{"start":{"line":472,"column":4},"end":{"line":472,"column":32}},"338":{"start":{"line":473,"column":4},"end":{"line":475,"column":5}},"339":{"start":{"line":474,"column":8},"end":{"line":474,"column":81}},"340":{"start":{"line":476,"column":4},"end":{"line":476,"column":36}},"341":{"start":{"line":477,"column":4},"end":{"line":480,"column":5}},"342":{"start":{"line":478,"column":8},"end":{"line":479,"column":36}},"343":{"start":{"line":479,"column":12},"end":{"line":479,"column":36}},"344":{"start":{"line":481,"column":4},"end":{"line":481,"column":28}},"345":{"start":{"line":482,"column":4},"end":{"line":489,"column":5}},"346":{"start":{"line":483,"column":8},"end":{"line":488,"column":10}},"347":{"start":{"line":484,"column":12},"end":{"line":486,"column":13}},"348":{"start":{"line":485,"column":16},"end":{"line":485,"column":37}},"349":{"start":{"line":487,"column":12},"end":{"line":487,"column":79}},"350":{"start":{"line":490,"column":4},"end":{"line":490,"column":26}},"351":{"start":{"line":491,"column":4},"end":{"line":493,"column":5}},"352":{"start":{"line":492,"column":8},"end":{"line":492,"column":80}},"353":{"start":{"line":494,"column":4},"end":{"line":494,"column":36}},"354":{"start":{"line":495,"column":4},"end":{"line":504,"column":5}},"355":{"start":{"line":496,"column":8},"end":{"line":503,"column":10}},"356":{"start":{"line":497,"column":12},"end":{"line":499,"column":13}},"357":{"start":{"line":498,"column":16},"end":{"line":498,"column":37}},"358":{"start":{"line":500,"column":12},"end":{"line":500,"column":102}},"359":{"start":{"line":501,"column":12},"end":{"line":501,"column":73}},"360":{"start":{"line":502,"column":12},"end":{"line":502,"column":91}},"361":{"start":{"line":505,"column":4},"end":{"line":505,"column":28}},"362":{"start":{"line":506,"column":4},"end":{"line":508,"column":5}},"363":{"start":{"line":507,"column":8},"end":{"line":507,"column":150}},"364":{"start":{"line":509,"column":4},"end":{"line":509,"column":40}},"365":{"start":{"line":510,"column":4},"end":{"line":519,"column":5}},"366":{"start":{"line":511,"column":8},"end":{"line":518,"column":10}},"367":{"start":{"line":512,"column":12},"end":{"line":514,"column":13}},"368":{"start":{"line":513,"column":16},"end":{"line":513,"column":37}},"369":{"start":{"line":515,"column":12},"end":{"line":515,"column":102}},"370":{"start":{"line":516,"column":12},"end":{"line":516,"column":67}},"371":{"start":{"line":517,"column":12},"end":{"line":517,"column":91}},"372":{"start":{"line":520,"column":4},"end":{"line":520,"column":32}},"373":{"start":{"line":521,"column":4},"end":{"line":523,"column":5}},"374":{"start":{"line":522,"column":8},"end":{"line":522,"column":150}},"375":{"start":{"line":524,"column":4},"end":{"line":524,"column":40}},"376":{"start":{"line":525,"column":4},"end":{"line":527,"column":5}},"377":{"start":{"line":526,"column":8},"end":{"line":526,"column":62}},"378":{"start":{"line":528,"column":4},"end":{"line":528,"column":26}},"379":{"start":{"line":529,"column":4},"end":{"line":531,"column":5}},"380":{"start":{"line":530,"column":8},"end":{"line":530,"column":146}},"381":{"start":{"line":532,"column":4},"end":{"line":532,"column":32}},"382":{"start":{"line":533,"column":4},"end":{"line":537,"column":5}},"383":{"start":{"line":534,"column":8},"end":{"line":536,"column":10}},"384":{"start":{"line":535,"column":12},"end":{"line":535,"column":54}},"385":{"start":{"line":538,"column":4},"end":{"line":538,"column":30}}},"branchMap":{"1":{"line":31,"type":"if","locations":[{"start":{"line":31,"column":12},"end":{"line":31,"column":12}},{"start":{"line":31,"column":12},"end":{"line":31,"column":12}}]},"2":{"line":33,"type":"binary-expr","locations":[{"start":{"line":33,"column":41},"end":{"line":33,"column":97}},{"start":{"line":33,"column":101},"end":{"line":33,"column":103}}]},"3":{"line":36,"type":"if","locations":[{"start":{"line":36,"column":16},"end":{"line":36,"column":16}},{"start":{"line":36,"column":16},"end":{"line":36,"column":16}}]},"4":{"line":48,"type":"if","locations":[{"start":{"line":48,"column":16},"end":{"line":48,"column":16}},{"start":{"line":48,"column":16},"end":{"line":48,"column":16}}]},"5":{"line":51,"type":"if","locations":[{"start":{"line":51,"column":16},"end":{"line":51,"column":16}},{"start":{"line":51,"column":16},"end":{"line":51,"column":16}}]},"6":{"line":52,"type":"binary-expr","locations":[{"start":{"line":52,"column":37},"end":{"line":52,"column":79}},{"start":{"line":52,"column":83},"end":{"line":52,"column":85}}]},"7":{"line":53,"type":"if","locations":[{"start":{"line":53,"column":20},"end":{"line":53,"column":20}},{"start":{"line":53,"column":20},"end":{"line":53,"column":20}}]},"8":{"line":61,"type":"if","locations":[{"start":{"line":61,"column":12},"end":{"line":61,"column":12}},{"start":{"line":61,"column":12},"end":{"line":61,"column":12}}]},"9":{"line":120,"type":"if","locations":[{"start":{"line":120,"column":12},"end":{"line":120,"column":12}},{"start":{"line":120,"column":12},"end":{"line":120,"column":12}}]},"10":{"line":122,"type":"binary-expr","locations":[{"start":{"line":122,"column":41},"end":{"line":122,"column":97}},{"start":{"line":122,"column":101},"end":{"line":122,"column":103}}]},"11":{"line":126,"type":"if","locations":[{"start":{"line":126,"column":16},"end":{"line":126,"column":16}},{"start":{"line":126,"column":16},"end":{"line":126,"column":16}}]},"12":{"line":127,"type":"binary-expr","locations":[{"start":{"line":127,"column":39},"end":{"line":127,"column":64}},{"start":{"line":127,"column":68},"end":{"line":127,"column":84}}]},"13":{"line":131,"type":"if","locations":[{"start":{"line":131,"column":16},"end":{"line":131,"column":16}},{"start":{"line":131,"column":16},"end":{"line":131,"column":16}}]},"14":{"line":143,"type":"if","locations":[{"start":{"line":143,"column":16},"end":{"line":143,"column":16}},{"start":{"line":143,"column":16},"end":{"line":143,"column":16}}]},"15":{"line":146,"type":"binary-expr","locations":[{"start":{"line":146,"column":33},"end":{"line":146,"column":75}},{"start":{"line":146,"column":79},"end":{"line":146,"column":81}}]},"16":{"line":147,"type":"if","locations":[{"start":{"line":147,"column":16},"end":{"line":147,"column":16}},{"start":{"line":147,"column":16},"end":{"line":147,"column":16}}]},"17":{"line":161,"type":"if","locations":[{"start":{"line":161,"column":16},"end":{"line":161,"column":16}},{"start":{"line":161,"column":16},"end":{"line":161,"column":16}}]},"18":{"line":173,"type":"binary-expr","locations":[{"start":{"line":173,"column":19},"end":{"line":173,"column":78}},{"start":{"line":173,"column":82},"end":{"line":173,"column":128}}]},"19":{"line":174,"type":"binary-expr","locations":[{"start":{"line":174,"column":26},"end":{"line":174,"column":92}},{"start":{"line":174,"column":96},"end":{"line":174,"column":149}}]},"20":{"line":175,"type":"if","locations":[{"start":{"line":175,"column":8},"end":{"line":175,"column":8}},{"start":{"line":175,"column":8},"end":{"line":175,"column":8}}]},"21":{"line":175,"type":"binary-expr","locations":[{"start":{"line":175,"column":12},"end":{"line":175,"column":35}},{"start":{"line":175,"column":39},"end":{"line":175,"column":59}},{"start":{"line":175,"column":63},"end":{"line":175,"column":84}}]},"22":{"line":178,"type":"binary-expr","locations":[{"start":{"line":178,"column":32},"end":{"line":178,"column":55}},{"start":{"line":178,"column":59},"end":{"line":178,"column":75}},{"start":{"line":178,"column":79},"end":{"line":178,"column":88}}]},"23":{"line":180,"type":"if","locations":[{"start":{"line":180,"column":16},"end":{"line":180,"column":16}},{"start":{"line":180,"column":16},"end":{"line":180,"column":16}}]},"24":{"line":186,"type":"if","locations":[{"start":{"line":186,"column":13},"end":{"line":186,"column":13}},{"start":{"line":186,"column":13},"end":{"line":186,"column":13}}]},"25":{"line":187,"type":"binary-expr","locations":[{"start":{"line":187,"column":20},"end":{"line":187,"column":34}},{"start":{"line":187,"column":38},"end":{"line":187,"column":54}},{"start":{"line":187,"column":58},"end":{"line":187,"column":67}}]},"26":{"line":189,"type":"if","locations":[{"start":{"line":189,"column":8},"end":{"line":189,"column":8}},{"start":{"line":189,"column":8},"end":{"line":189,"column":8}}]},"27":{"line":189,"type":"binary-expr","locations":[{"start":{"line":189,"column":12},"end":{"line":189,"column":42}},{"start":{"line":189,"column":46},"end":{"line":189,"column":73}},{"start":{"line":189,"column":77},"end":{"line":189,"column":105}}]},"28":{"line":192,"type":"binary-expr","locations":[{"start":{"line":192,"column":32},"end":{"line":192,"column":55}},{"start":{"line":192,"column":59},"end":{"line":192,"column":75}},{"start":{"line":192,"column":79},"end":{"line":192,"column":88}}]},"29":{"line":194,"type":"if","locations":[{"start":{"line":194,"column":16},"end":{"line":194,"column":16}},{"start":{"line":194,"column":16},"end":{"line":194,"column":16}}]},"30":{"line":200,"type":"if","locations":[{"start":{"line":200,"column":13},"end":{"line":200,"column":13}},{"start":{"line":200,"column":13},"end":{"line":200,"column":13}}]},"31":{"line":201,"type":"binary-expr","locations":[{"start":{"line":201,"column":27},"end":{"line":201,"column":48}},{"start":{"line":201,"column":52},"end":{"line":201,"column":68}},{"start":{"line":201,"column":72},"end":{"line":201,"column":81}}]},"32":{"line":203,"type":"cond-expr","locations":[{"start":{"line":203,"column":29},"end":{"line":203,"column":59}},{"start":{"line":203,"column":62},"end":{"line":203,"column":66}}]},"33":{"line":210,"type":"if","locations":[{"start":{"line":210,"column":8},"end":{"line":210,"column":8}},{"start":{"line":210,"column":8},"end":{"line":210,"column":8}}]},"34":{"line":212,"type":"if","locations":[{"start":{"line":212,"column":8},"end":{"line":212,"column":8}},{"start":{"line":212,"column":8},"end":{"line":212,"column":8}}]},"35":{"line":213,"type":"if","locations":[{"start":{"line":213,"column":12},"end":{"line":213,"column":12}},{"start":{"line":213,"column":12},"end":{"line":213,"column":12}}]},"36":{"line":213,"type":"binary-expr","locations":[{"start":{"line":213,"column":16},"end":{"line":213,"column":46}},{"start":{"line":213,"column":50},"end":{"line":213,"column":78}}]},"37":{"line":214,"type":"binary-expr","locations":[{"start":{"line":214,"column":31},"end":{"line":214,"column":47}},{"start":{"line":214,"column":51},"end":{"line":214,"column":60}}]},"38":{"line":215,"type":"if","locations":[{"start":{"line":215,"column":12},"end":{"line":215,"column":12}},{"start":{"line":215,"column":12},"end":{"line":215,"column":12}}]},"39":{"line":215,"type":"binary-expr","locations":[{"start":{"line":215,"column":16},"end":{"line":215,"column":39}},{"start":{"line":215,"column":43},"end":{"line":215,"column":64}}]},"40":{"line":216,"type":"binary-expr","locations":[{"start":{"line":216,"column":24},"end":{"line":216,"column":40}},{"start":{"line":216,"column":44},"end":{"line":216,"column":53}}]},"41":{"line":220,"type":"binary-expr","locations":[{"start":{"line":220,"column":28},"end":{"line":220,"column":51}},{"start":{"line":220,"column":55},"end":{"line":220,"column":71}},{"start":{"line":220,"column":75},"end":{"line":220,"column":84}}]},"42":{"line":221,"type":"cond-expr","locations":[{"start":{"line":221,"column":49},"end":{"line":221,"column":64}},{"start":{"line":221,"column":67},"end":{"line":221,"column":69}}]},"43":{"line":222,"type":"if","locations":[{"start":{"line":222,"column":12},"end":{"line":222,"column":12}},{"start":{"line":222,"column":12},"end":{"line":222,"column":12}}]},"44":{"line":234,"type":"binary-expr","locations":[{"start":{"line":234,"column":15},"end":{"line":234,"column":57}},{"start":{"line":234,"column":61},"end":{"line":234,"column":63}}]},"45":{"line":238,"type":"binary-expr","locations":[{"start":{"line":238,"column":15},"end":{"line":238,"column":78}},{"start":{"line":238,"column":82},"end":{"line":238,"column":84}}]},"46":{"line":243,"type":"if","locations":[{"start":{"line":243,"column":12},"end":{"line":243,"column":12}},{"start":{"line":243,"column":12},"end":{"line":243,"column":12}}]},"47":{"line":246,"type":"binary-expr","locations":[{"start":{"line":246,"column":29},"end":{"line":246,"column":74}},{"start":{"line":246,"column":78},"end":{"line":246,"column":80}}]},"48":{"line":247,"type":"if","locations":[{"start":{"line":247,"column":12},"end":{"line":247,"column":12}},{"start":{"line":247,"column":12},"end":{"line":247,"column":12}}]},"49":{"line":254,"type":"binary-expr","locations":[{"start":{"line":254,"column":15},"end":{"line":254,"column":81}},{"start":{"line":254,"column":85},"end":{"line":254,"column":90}}]},"50":{"line":258,"type":"binary-expr","locations":[{"start":{"line":258,"column":15},"end":{"line":258,"column":60}},{"start":{"line":258,"column":64},"end":{"line":258,"column":119}},{"start":{"line":258,"column":123},"end":{"line":258,"column":125}}]},"51":{"line":262,"type":"switch","locations":[{"start":{"line":263,"column":12},"end":{"line":264,"column":45}},{"start":{"line":265,"column":12},"end":{"line":265,"column":31}},{"start":{"line":266,"column":12},"end":{"line":266,"column":28}},{"start":{"line":267,"column":12},"end":{"line":267,"column":31}},{"start":{"line":268,"column":12},"end":{"line":268,"column":30}},{"start":{"line":269,"column":12},"end":{"line":269,"column":28}},{"start":{"line":270,"column":12},"end":{"line":270,"column":29}},{"start":{"line":271,"column":12},"end":{"line":271,"column":29}},{"start":{"line":272,"column":12},"end":{"line":272,"column":29}},{"start":{"line":273,"column":12},"end":{"line":273,"column":29}},{"start":{"line":274,"column":12},"end":{"line":275,"column":40}},{"start":{"line":276,"column":12},"end":{"line":276,"column":83}}]},"52":{"line":282,"type":"if","locations":[{"start":{"line":282,"column":12},"end":{"line":282,"column":12}},{"start":{"line":282,"column":12},"end":{"line":282,"column":12}}]},"53":{"line":289,"type":"binary-expr","locations":[{"start":{"line":289,"column":15},"end":{"line":289,"column":86}},{"start":{"line":289,"column":90},"end":{"line":289,"column":95}}]},"54":{"line":294,"type":"if","locations":[{"start":{"line":294,"column":12},"end":{"line":294,"column":12}},{"start":{"line":294,"column":12},"end":{"line":294,"column":12}}]},"55":{"line":296,"type":"binary-expr","locations":[{"start":{"line":296,"column":41},"end":{"line":296,"column":97}},{"start":{"line":296,"column":101},"end":{"line":296,"column":103}}]},"56":{"line":299,"type":"if","locations":[{"start":{"line":299,"column":16},"end":{"line":299,"column":16}},{"start":{"line":299,"column":16},"end":{"line":299,"column":16}}]},"57":{"line":311,"type":"if","locations":[{"start":{"line":311,"column":16},"end":{"line":311,"column":16}},{"start":{"line":311,"column":16},"end":{"line":311,"column":16}}]},"58":{"line":324,"type":"if","locations":[{"start":{"line":324,"column":12},"end":{"line":324,"column":12}},{"start":{"line":324,"column":12},"end":{"line":324,"column":12}}]},"59":{"line":326,"type":"binary-expr","locations":[{"start":{"line":326,"column":41},"end":{"line":326,"column":97}},{"start":{"line":326,"column":101},"end":{"line":326,"column":103}}]},"60":{"line":329,"type":"if","locations":[{"start":{"line":329,"column":16},"end":{"line":329,"column":16}},{"start":{"line":329,"column":16},"end":{"line":329,"column":16}}]},"61":{"line":341,"type":"if","locations":[{"start":{"line":341,"column":16},"end":{"line":341,"column":16}},{"start":{"line":341,"column":16},"end":{"line":341,"column":16}}]},"62":{"line":349,"type":"cond-expr","locations":[{"start":{"line":349,"column":98},"end":{"line":349,"column":102}},{"start":{"line":349,"column":105},"end":{"line":349,"column":110}}]},"63":{"line":357,"type":"if","locations":[{"start":{"line":357,"column":12},"end":{"line":357,"column":12}},{"start":{"line":357,"column":12},"end":{"line":357,"column":12}}]},"64":{"line":365,"type":"binary-expr","locations":[{"start":{"line":365,"column":37},"end":{"line":365,"column":82}},{"start":{"line":365,"column":86},"end":{"line":365,"column":88}}]},"65":{"line":375,"type":"if","locations":[{"start":{"line":375,"column":8},"end":{"line":375,"column":8}},{"start":{"line":375,"column":8},"end":{"line":375,"column":8}}]},"66":{"line":382,"type":"if","locations":[{"start":{"line":382,"column":8},"end":{"line":382,"column":8}},{"start":{"line":382,"column":8},"end":{"line":382,"column":8}}]},"67":{"line":389,"type":"binary-expr","locations":[{"start":{"line":389,"column":15},"end":{"line":389,"column":70}},{"start":{"line":389,"column":74},"end":{"line":389,"column":76}}]},"68":{"line":394,"type":"binary-expr","locations":[{"start":{"line":394,"column":15},"end":{"line":394,"column":57}},{"start":{"line":394,"column":61},"end":{"line":394,"column":97}}]},"69":{"line":399,"type":"binary-expr","locations":[{"start":{"line":399,"column":15},"end":{"line":399,"column":53}},{"start":{"line":399,"column":57},"end":{"line":399,"column":89}}]},"70":{"line":403,"type":"binary-expr","locations":[{"start":{"line":403,"column":15},"end":{"line":403,"column":76}},{"start":{"line":403,"column":80},"end":{"line":403,"column":85}}]},"71":{"line":407,"type":"binary-expr","locations":[{"start":{"line":407,"column":15},"end":{"line":407,"column":78}},{"start":{"line":407,"column":82},"end":{"line":407,"column":87}}]},"72":{"line":411,"type":"binary-expr","locations":[{"start":{"line":411,"column":15},"end":{"line":411,"column":76}},{"start":{"line":411,"column":80},"end":{"line":411,"column":85}}]},"73":{"line":415,"type":"binary-expr","locations":[{"start":{"line":415,"column":15},"end":{"line":415,"column":78}},{"start":{"line":415,"column":82},"end":{"line":415,"column":87}}]},"74":{"line":420,"type":"if","locations":[{"start":{"line":420,"column":12},"end":{"line":420,"column":12}},{"start":{"line":420,"column":12},"end":{"line":420,"column":12}}]},"75":{"line":423,"type":"if","locations":[{"start":{"line":423,"column":12},"end":{"line":423,"column":12}},{"start":{"line":423,"column":12},"end":{"line":423,"column":12}}]},"76":{"line":424,"type":"binary-expr","locations":[{"start":{"line":424,"column":33},"end":{"line":424,"column":75}},{"start":{"line":424,"column":79},"end":{"line":424,"column":81}}]},"77":{"line":425,"type":"if","locations":[{"start":{"line":425,"column":16},"end":{"line":425,"column":16}},{"start":{"line":425,"column":16},"end":{"line":425,"column":16}}]},"78":{"line":454,"type":"binary-expr","locations":[{"start":{"line":454,"column":15},"end":{"line":454,"column":55}},{"start":{"line":454,"column":59},"end":{"line":454,"column":64}}]},"79":{"line":459,"type":"if","locations":[{"start":{"line":459,"column":12},"end":{"line":459,"column":12}},{"start":{"line":459,"column":12},"end":{"line":459,"column":12}}]},"80":{"line":462,"type":"if","locations":[{"start":{"line":462,"column":12},"end":{"line":462,"column":12}},{"start":{"line":462,"column":12},"end":{"line":462,"column":12}}]},"81":{"line":463,"type":"binary-expr","locations":[{"start":{"line":463,"column":33},"end":{"line":463,"column":75}},{"start":{"line":463,"column":79},"end":{"line":463,"column":81}}]},"82":{"line":464,"type":"if","locations":[{"start":{"line":464,"column":16},"end":{"line":464,"column":16}},{"start":{"line":464,"column":16},"end":{"line":464,"column":16}}]},"83":{"line":478,"type":"if","locations":[{"start":{"line":478,"column":8},"end":{"line":478,"column":8}},{"start":{"line":478,"column":8},"end":{"line":478,"column":8}}]},"84":{"line":484,"type":"if","locations":[{"start":{"line":484,"column":12},"end":{"line":484,"column":12}},{"start":{"line":484,"column":12},"end":{"line":484,"column":12}}]},"85":{"line":497,"type":"if","locations":[{"start":{"line":497,"column":12},"end":{"line":497,"column":12}},{"start":{"line":497,"column":12},"end":{"line":497,"column":12}}]},"86":{"line":500,"type":"binary-expr","locations":[{"start":{"line":500,"column":38},"end":{"line":500,"column":95}},{"start":{"line":500,"column":99},"end":{"line":500,"column":101}}]},"87":{"line":507,"type":"binary-expr","locations":[{"start":{"line":507,"column":15},"end":{"line":507,"column":82}},{"start":{"line":507,"column":86},"end":{"line":507,"column":143}},{"start":{"line":507,"column":147},"end":{"line":507,"column":149}}]},"88":{"line":512,"type":"if","locations":[{"start":{"line":512,"column":12},"end":{"line":512,"column":12}},{"start":{"line":512,"column":12},"end":{"line":512,"column":12}}]},"89":{"line":515,"type":"binary-expr","locations":[{"start":{"line":515,"column":38},"end":{"line":515,"column":95}},{"start":{"line":515,"column":99},"end":{"line":515,"column":101}}]},"90":{"line":522,"type":"binary-expr","locations":[{"start":{"line":522,"column":15},"end":{"line":522,"column":82}},{"start":{"line":522,"column":86},"end":{"line":522,"column":143}},{"start":{"line":522,"column":147},"end":{"line":522,"column":149}}]},"91":{"line":530,"type":"binary-expr","locations":[{"start":{"line":530,"column":15},"end":{"line":530,"column":73}},{"start":{"line":530,"column":77},"end":{"line":530,"column":145}}]},"92":{"line":539,"type":"binary-expr","locations":[{"start":{"line":539,"column":9},"end":{"line":539,"column":20}},{"start":{"line":539,"column":25},"end":{"line":539,"column":41}}]}}},"C:\\inetpub\\wwwroot\\odata-v4-server\\lib\\utils.js":{"path":"C:\\inetpub\\wwwroot\\odata-v4-server\\lib\\utils.js","s":{"1":1,"2":1,"3":1,"4":77,"5":77,"6":1,"7":88,"8":88,"9":88,"10":49,"11":88},"b":{"1":[26,51],"2":[77,26],"3":[49,39]},"f":{"1":77,"2":88},"fnMap":{"1":{"name":"(anonymous_1)","line":4,"loc":{"start":{"line":4,"column":32},"end":{"line":4,"column":52}}},"2":{"name":"(anonymous_2)","line":10,"loc":{"start":{"line":10,"column":30},"end":{"line":10,"column":47}}}},"statementMap":{"1":{"start":{"line":2,"column":0},"end":{"line":2,"column":43}},"2":{"start":{"line":3,"column":0},"end":{"line":3,"column":42}},"3":{"start":{"line":4,"column":0},"end":{"line":9,"column":2}},"4":{"start":{"line":5,"column":4},"end":{"line":7,"column":39}},"5":{"start":{"line":8,"column":4},"end":{"line":8,"column":34}},"6":{"start":{"line":10,"column":0},"end":{"line":16,"column":2}},"7":{"start":{"line":11,"column":4},"end":{"line":11,"column":54}},"8":{"start":{"line":12,"column":4},"end":{"line":12,"column":41}},"9":{"start":{"line":13,"column":4},"end":{"line":14,"column":73}},"10":{"start":{"line":14,"column":8},"end":{"line":14,"column":73}},"11":{"start":{"line":15,"column":4},"end":{"line":15,"column":21}}},"branchMap":{"1":{"line":5,"type":"cond-expr","locations":[{"start":{"line":6,"column":10},"end":{"line":6,"column":69}},{"start":{"line":7,"column":10},"end":{"line":7,"column":38}}]},"2":{"line":5,"type":"binary-expr","locations":[{"start":{"line":5,"column":17},"end":{"line":5,"column":40}},{"start":{"line":5,"column":44},"end":{"line":5,"column":73}}]},"3":{"line":13,"type":"if","locations":[{"start":{"line":13,"column":4},"end":{"line":13,"column":4}},{"start":{"line":13,"column":4},"end":{"line":13,"column":4}}]}}},"C:\\inetpub\\wwwroot\\odata-v4-server\\lib\\odata.js":{"path":"C:\\inetpub\\wwwroot\\odata-v4-server\\lib\\odata.js","s":{"1":1,"2":1,"3":1,"4":1,"5":1,"6":1,"7":1,"8":1,"9":1,"10":1,"11":1,"12":1,"13":1,"14":1,"15":1,"16":1,"17":1,"18":1,"19":1,"20":1,"21":1,"22":1,"23":7,"24":7,"25":1,"26":1,"27":4,"28":4,"29":3,"30":1,"31":1,"32":1,"33":1,"34":1,"35":1,"36":1,"37":10,"38":10,"39":10,"40":10,"41":9,"42":9,"43":9,"44":10,"45":1,"46":10,"47":1,"48":1,"49":1,"50":39,"51":1,"52":1,"53":1,"54":1,"55":1,"56":17,"57":17,"58":17,"59":17,"60":17,"61":17,"62":0,"63":17,"64":17,"65":0,"66":0,"67":0,"68":0,"69":17,"70":1,"71":14,"72":1,"73":13,"74":1,"75":1,"76":1,"77":0,"78":1,"79":1,"80":1,"81":0,"82":0,"83":0,"84":1,"85":1,"86":0,"87":0,"88":0,"89":1,"90":1,"91":0,"92":0,"93":0,"94":1,"95":1,"96":0,"97":1,"98":1,"99":0,"100":1,"101":1,"102":0,"103":1,"104":1,"105":2,"106":1,"107":1,"108":204,"109":1,"110":1,"111":7,"112":7,"113":7,"114":7,"115":7,"116":7,"117":7,"118":7,"119":1,"120":1,"121":6,"122":1,"123":1,"124":46,"125":1,"126":1,"127":0,"128":0,"129":0,"130":0,"131":0,"132":0,"133":0,"134":0,"135":0,"136":0,"137":0,"138":1,"139":1,"140":32,"141":1,"142":1,"143":37,"144":37,"145":37,"146":158,"147":44,"148":44,"149":29,"150":8,"151":54,"152":2,"153":2,"154":1,"155":7,"156":46,"157":1,"158":6,"159":35,"160":1,"161":1,"162":1,"163":1,"164":1,"165":1,"166":1,"167":1,"168":48,"169":1,"170":1,"171":1,"172":2,"173":2,"174":2,"175":1,"176":48,"177":1,"178":1,"179":1,"180":4,"181":4,"182":4,"183":1,"184":3,"185":1,"186":1,"187":1,"188":1,"189":1,"190":1,"191":1,"192":48,"193":1,"194":1,"195":1,"196":1,"197":1,"198":1,"199":1,"200":48,"201":1,"202":1,"203":1,"204":1,"205":1,"206":1,"207":1,"208":48,"209":1,"210":1,"211":1,"212":0,"213":0,"214":0,"215":1,"216":48,"217":1},"b":{"1":[3,1],"2":[10,5,3],"3":[5,5],"4":[2,1],"5":[9,1],"6":[9,2],"7":[1,9],"8":[1,9],"9":[39,1],"10":[0,17],"11":[0,17],"12":[1,13],"13":[14,14],"14":[0,1],"15":[1,1],"16":[0,0],"17":[0,0],"18":[0,0],"19":[0,0],"20":[0,0],"21":[0,0],"22":[7,7],"23":[7,7],"24":[1,6],"25":[7,7,6],"26":[46,31],"27":[0,0],"28":[0,0],"29":[0,0],"30":[0,0,0],"31":[32,32],"32":[37,16],"33":[44,114],"34":[29,15],"35":[2,52],"36":[1,1],"37":[1,45],"38":[1,34],"39":[1,1]},"f":{"1":1,"2":7,"3":7,"4":4,"5":4,"6":1,"7":1,"8":10,"9":10,"10":39,"11":1,"12":1,"13":17,"14":17,"15":17,"16":0,"17":14,"18":1,"19":0,"20":0,"21":0,"22":0,"23":0,"24":0,"25":2,"26":204,"27":7,"28":7,"29":46,"30":0,"31":0,"32":32,"33":37,"34":1,"35":1,"36":48,"37":1,"38":2,"39":48,"40":1,"41":4,"42":3,"43":1,"44":1,"45":48,"46":1,"47":1,"48":48,"49":1,"50":1,"51":48,"52":1,"53":0,"54":48},"fnMap":{"1":{"name":"(anonymous_1)","line":13,"loc":{"start":{"line":13,"column":1},"end":{"line":13,"column":18}}},"2":{"name":"type","line":25,"loc":{"start":{"line":25,"column":4},"end":{"line":25,"column":31}}},"3":{"name":"(anonymous_3)","line":26,"loc":{"start":{"line":26,"column":15},"end":{"line":26,"column":38}}},"4":{"name":"namespace","line":31,"loc":{"start":{"line":31,"column":4},"end":{"line":31,"column":34}}},"5":{"name":"(anonymous_5)","line":32,"loc":{"start":{"line":32,"column":15},"end":{"line":32,"column":44}}},"6":{"name":"container","line":40,"loc":{"start":{"line":40,"column":4},"end":{"line":40,"column":29}}},"7":{"name":"(anonymous_7)","line":41,"loc":{"start":{"line":41,"column":15},"end":{"line":41,"column":33}}},"8":{"name":"controller","line":46,"loc":{"start":{"line":46,"column":4},"end":{"line":46,"column":64}}},"9":{"name":"(anonymous_9)","line":47,"loc":{"start":{"line":47,"column":15},"end":{"line":47,"column":33}}},"10":{"name":"getPublicControllers","line":64,"loc":{"start":{"line":64,"column":4},"end":{"line":64,"column":42}}},"11":{"name":"cors","line":68,"loc":{"start":{"line":68,"column":18},"end":{"line":68,"column":34}}},"12":{"name":"(anonymous_12)","line":69,"loc":{"start":{"line":69,"column":15},"end":{"line":69,"column":33}}},"13":{"name":"odataMethodFactory","line":73,"loc":{"start":{"line":73,"column":4},"end":{"line":73,"column":58}}},"14":{"name":"(anonymous_14)","line":75,"loc":{"start":{"line":75,"column":24},"end":{"line":75,"column":53}}},"15":{"name":"(anonymous_15)","line":79,"loc":{"start":{"line":79,"column":17},"end":{"line":79,"column":46}}},"16":{"name":"(anonymous_16)","line":87,"loc":{"start":{"line":87,"column":39},"end":{"line":87,"column":68}}},"17":{"name":"GET","line":94,"loc":{"start":{"line":94,"column":4},"end":{"line":94,"column":36}}},"18":{"name":"POST","line":100,"loc":{"start":{"line":100,"column":4},"end":{"line":100,"column":37}}},"19":{"name":"PUT","line":106,"loc":{"start":{"line":106,"column":4},"end":{"line":106,"column":36}}},"20":{"name":"PATCH","line":112,"loc":{"start":{"line":112,"column":4},"end":{"line":112,"column":38}}},"21":{"name":"DELETE","line":118,"loc":{"start":{"line":118,"column":4},"end":{"line":118,"column":39}}},"22":{"name":"createRef","line":124,"loc":{"start":{"line":124,"column":4},"end":{"line":124,"column":43}}},"23":{"name":"updateRef","line":128,"loc":{"start":{"line":128,"column":4},"end":{"line":128,"column":43}}},"24":{"name":"deleteRef","line":132,"loc":{"start":{"line":132,"column":4},"end":{"line":132,"column":43}}},"25":{"name":"method","line":137,"loc":{"start":{"line":137,"column":4},"end":{"line":137,"column":48}}},"26":{"name":"getMethod","line":141,"loc":{"start":{"line":141,"column":4},"end":{"line":141,"column":42}}},"27":{"name":"key","line":145,"loc":{"start":{"line":145,"column":4},"end":{"line":145,"column":52}}},"28":{"name":"(anonymous_28)","line":147,"loc":{"start":{"line":147,"column":24},"end":{"line":147,"column":69}}},"29":{"name":"getKeys","line":165,"loc":{"start":{"line":165,"column":4},"end":{"line":165,"column":40}}},"30":{"name":"link","line":169,"loc":{"start":{"line":169,"column":4},"end":{"line":169,"column":53}}},"31":{"name":"(anonymous_31)","line":171,"loc":{"start":{"line":171,"column":24},"end":{"line":171,"column":69}}},"32":{"name":"getLinks","line":189,"loc":{"start":{"line":189,"column":4},"end":{"line":189,"column":41}}},"33":{"name":"findODataMethod","line":193,"loc":{"start":{"line":193,"column":4},"end":{"line":193,"column":51}}},"34":{"name":"query","line":240,"loc":{"start":{"line":240,"column":19},"end":{"line":240,"column":36}}},"35":{"name":"(anonymous_35)","line":241,"loc":{"start":{"line":241,"column":15},"end":{"line":241,"column":60}}},"36":{"name":"getQueryParameter","line":247,"loc":{"start":{"line":247,"column":4},"end":{"line":247,"column":50}}},"37":{"name":"filter","line":251,"loc":{"start":{"line":251,"column":20},"end":{"line":251,"column":38}}},"38":{"name":"(anonymous_38)","line":252,"loc":{"start":{"line":252,"column":15},"end":{"line":252,"column":60}}},"39":{"name":"getFilterParameter","line":258,"loc":{"start":{"line":258,"column":4},"end":{"line":258,"column":51}}},"40":{"name":"body","line":262,"loc":{"start":{"line":262,"column":18},"end":{"line":262,"column":34}}},"41":{"name":"(anonymous_41)","line":263,"loc":{"start":{"line":263,"column":15},"end":{"line":263,"column":60}}},"42":{"name":"getBodyParameter","line":269,"loc":{"start":{"line":269,"column":4},"end":{"line":269,"column":49}}},"43":{"name":"context","line":273,"loc":{"start":{"line":273,"column":21},"end":{"line":273,"column":40}}},"44":{"name":"(anonymous_44)","line":274,"loc":{"start":{"line":274,"column":15},"end":{"line":274,"column":60}}},"45":{"name":"getContextParameter","line":280,"loc":{"start":{"line":280,"column":4},"end":{"line":280,"column":52}}},"46":{"name":"stream","line":284,"loc":{"start":{"line":284,"column":20},"end":{"line":284,"column":38}}},"47":{"name":"(anonymous_47)","line":285,"loc":{"start":{"line":285,"column":15},"end":{"line":285,"column":60}}},"48":{"name":"getStreamParameter","line":291,"loc":{"start":{"line":291,"column":4},"end":{"line":291,"column":51}}},"49":{"name":"result","line":295,"loc":{"start":{"line":295,"column":20},"end":{"line":295,"column":38}}},"50":{"name":"(anonymous_50)","line":296,"loc":{"start":{"line":296,"column":15},"end":{"line":296,"column":60}}},"51":{"name":"getResultParameter","line":302,"loc":{"start":{"line":302,"column":4},"end":{"line":302,"column":51}}},"52":{"name":"id","line":306,"loc":{"start":{"line":306,"column":16},"end":{"line":306,"column":30}}},"53":{"name":"(anonymous_53)","line":307,"loc":{"start":{"line":307,"column":15},"end":{"line":307,"column":60}}},"54":{"name":"getIdParameter","line":313,"loc":{"start":{"line":313,"column":4},"end":{"line":313,"column":47}}}},"statementMap":{"1":{"start":{"line":2,"column":0},"end":{"line":2,"column":28}},"2":{"start":{"line":3,"column":0},"end":{"line":3,"column":35}},"3":{"start":{"line":6,"column":0},"end":{"line":6,"column":28}},"4":{"start":{"line":7,"column":0},"end":{"line":7,"column":30}},"5":{"start":{"line":8,"column":0},"end":{"line":8,"column":28}},"6":{"start":{"line":9,"column":0},"end":{"line":9,"column":32}},"7":{"start":{"line":10,"column":0},"end":{"line":10,"column":34}},"8":{"start":{"line":11,"column":0},"end":{"line":11,"column":42}},"9":{"start":{"line":12,"column":0},"end":{"line":12,"column":10}},"10":{"start":{"line":13,"column":0},"end":{"line":317,"column":50}},"11":{"start":{"line":14,"column":4},"end":{"line":14,"column":47}},"12":{"start":{"line":15,"column":4},"end":{"line":15,"column":39}},"13":{"start":{"line":16,"column":4},"end":{"line":16,"column":53}},"14":{"start":{"line":17,"column":4},"end":{"line":17,"column":55}},"15":{"start":{"line":18,"column":4},"end":{"line":18,"column":55}},"16":{"start":{"line":19,"column":4},"end":{"line":19,"column":57}},"17":{"start":{"line":20,"column":4},"end":{"line":20,"column":53}},"18":{"start":{"line":21,"column":4},"end":{"line":21,"column":59}},"19":{"start":{"line":22,"column":4},"end":{"line":22,"column":57}},"20":{"start":{"line":23,"column":4},"end":{"line":23,"column":57}},"21":{"start":{"line":24,"column":4},"end":{"line":24,"column":49}},"22":{"start":{"line":25,"column":4},"end":{"line":29,"column":5}},"23":{"start":{"line":26,"column":8},"end":{"line":28,"column":10}},"24":{"start":{"line":27,"column":12},"end":{"line":27,"column":60}},"25":{"start":{"line":30,"column":4},"end":{"line":30,"column":22}},"26":{"start":{"line":31,"column":4},"end":{"line":38,"column":5}},"27":{"start":{"line":32,"column":8},"end":{"line":37,"column":10}},"28":{"start":{"line":33,"column":12},"end":{"line":36,"column":45}},"29":{"start":{"line":34,"column":16},"end":{"line":34,"column":56}},"30":{"start":{"line":36,"column":16},"end":{"line":36,"column":45}},"31":{"start":{"line":39,"column":4},"end":{"line":39,"column":32}},"32":{"start":{"line":40,"column":4},"end":{"line":44,"column":5}},"33":{"start":{"line":41,"column":8},"end":{"line":43,"column":10}},"34":{"start":{"line":42,"column":12},"end":{"line":42,"column":40}},"35":{"start":{"line":45,"column":4},"end":{"line":45,"column":32}},"36":{"start":{"line":46,"column":4},"end":{"line":62,"column":5}},"37":{"start":{"line":47,"column":8},"end":{"line":61,"column":10}},"38":{"start":{"line":48,"column":12},"end":{"line":48,"column":59}},"39":{"start":{"line":49,"column":12},"end":{"line":49,"column":202}},"40":{"start":{"line":50,"column":12},"end":{"line":54,"column":13}},"41":{"start":{"line":51,"column":16},"end":{"line":51,"column":87}},"42":{"start":{"line":52,"column":16},"end":{"line":52,"column":55}},"43":{"start":{"line":53,"column":16},"end":{"line":53,"column":76}},"44":{"start":{"line":55,"column":12},"end":{"line":57,"column":13}},"45":{"start":{"line":56,"column":16},"end":{"line":56,"column":63}},"46":{"start":{"line":58,"column":12},"end":{"line":60,"column":13}},"47":{"start":{"line":59,"column":16},"end":{"line":59,"column":58}},"48":{"start":{"line":63,"column":4},"end":{"line":63,"column":34}},"49":{"start":{"line":64,"column":4},"end":{"line":66,"column":5}},"50":{"start":{"line":65,"column":8},"end":{"line":65,"column":69}},"51":{"start":{"line":67,"column":4},"end":{"line":67,"column":54}},"52":{"start":{"line":68,"column":4},"end":{"line":72,"column":9}},"53":{"start":{"line":69,"column":8},"end":{"line":71,"column":10}},"54":{"start":{"line":70,"column":12},"end":{"line":70,"column":31}},"55":{"start":{"line":73,"column":4},"end":{"line":93,"column":5}},"56":{"start":{"line":74,"column":8},"end":{"line":74,"column":34}},"57":{"start":{"line":75,"column":8},"end":{"line":78,"column":10}},"58":{"start":{"line":76,"column":12},"end":{"line":76,"column":73}},"59":{"start":{"line":77,"column":12},"end":{"line":77,"column":29}},"60":{"start":{"line":79,"column":8},"end":{"line":84,"column":10}},"61":{"start":{"line":80,"column":12},"end":{"line":83,"column":52}},"62":{"start":{"line":81,"column":16},"end":{"line":81,"column":33}},"63":{"start":{"line":83,"column":16},"end":{"line":83,"column":52}},"64":{"start":{"line":85,"column":8},"end":{"line":91,"column":9}},"65":{"start":{"line":86,"column":12},"end":{"line":86,"column":45}},"66":{"start":{"line":87,"column":12},"end":{"line":90,"column":14}},"67":{"start":{"line":88,"column":16},"end":{"line":88,"column":32}},"68":{"start":{"line":89,"column":16},"end":{"line":89,"column":77}},"69":{"start":{"line":92,"column":8},"end":{"line":92,"column":18}},"70":{"start":{"line":94,"column":4},"end":{"line":98,"column":5}},"71":{"start":{"line":95,"column":8},"end":{"line":96,"column":53}},"72":{"start":{"line":96,"column":12},"end":{"line":96,"column":53}},"73":{"start":{"line":97,"column":8},"end":{"line":97,"column":61}},"74":{"start":{"line":99,"column":4},"end":{"line":99,"column":20}},"75":{"start":{"line":100,"column":4},"end":{"line":104,"column":5}},"76":{"start":{"line":101,"column":8},"end":{"line":102,"column":54}},"77":{"start":{"line":102,"column":12},"end":{"line":102,"column":54}},"78":{"start":{"line":103,"column":8},"end":{"line":103,"column":62}},"79":{"start":{"line":105,"column":4},"end":{"line":105,"column":22}},"80":{"start":{"line":106,"column":4},"end":{"line":110,"column":5}},"81":{"start":{"line":107,"column":8},"end":{"line":108,"column":53}},"82":{"start":{"line":108,"column":12},"end":{"line":108,"column":53}},"83":{"start":{"line":109,"column":8},"end":{"line":109,"column":61}},"84":{"start":{"line":111,"column":4},"end":{"line":111,"column":20}},"85":{"start":{"line":112,"column":4},"end":{"line":116,"column":5}},"86":{"start":{"line":113,"column":8},"end":{"line":114,"column":55}},"87":{"start":{"line":114,"column":12},"end":{"line":114,"column":55}},"88":{"start":{"line":115,"column":8},"end":{"line":115,"column":63}},"89":{"start":{"line":117,"column":4},"end":{"line":117,"column":24}},"90":{"start":{"line":118,"column":4},"end":{"line":122,"column":5}},"91":{"start":{"line":119,"column":8},"end":{"line":120,"column":56}},"92":{"start":{"line":120,"column":12},"end":{"line":120,"column":56}},"93":{"start":{"line":121,"column":8},"end":{"line":121,"column":64}},"94":{"start":{"line":123,"column":4},"end":{"line":123,"column":26}},"95":{"start":{"line":124,"column":4},"end":{"line":126,"column":5}},"96":{"start":{"line":125,"column":8},"end":{"line":125,"column":45}},"97":{"start":{"line":127,"column":4},"end":{"line":127,"column":32}},"98":{"start":{"line":128,"column":4},"end":{"line":130,"column":5}},"99":{"start":{"line":129,"column":8},"end":{"line":129,"column":44}},"100":{"start":{"line":131,"column":4},"end":{"line":131,"column":32}},"101":{"start":{"line":132,"column":4},"end":{"line":134,"column":5}},"102":{"start":{"line":133,"column":8},"end":{"line":133,"column":47}},"103":{"start":{"line":135,"column":4},"end":{"line":135,"column":32}},"104":{"start":{"line":137,"column":4},"end":{"line":139,"column":5}},"105":{"start":{"line":138,"column":8},"end":{"line":138,"column":76}},"106":{"start":{"line":140,"column":4},"end":{"line":140,"column":26}},"107":{"start":{"line":141,"column":4},"end":{"line":143,"column":5}},"108":{"start":{"line":142,"column":8},"end":{"line":142,"column":77}},"109":{"start":{"line":144,"column":4},"end":{"line":144,"column":32}},"110":{"start":{"line":145,"column":4},"end":{"line":163,"column":5}},"111":{"start":{"line":146,"column":8},"end":{"line":146,"column":17}},"112":{"start":{"line":147,"column":8},"end":{"line":156,"column":10}},"113":{"start":{"line":148,"column":12},"end":{"line":148,"column":82}},"114":{"start":{"line":149,"column":12},"end":{"line":149,"column":105}},"115":{"start":{"line":150,"column":12},"end":{"line":150,"column":59}},"116":{"start":{"line":151,"column":12},"end":{"line":154,"column":15}},"117":{"start":{"line":155,"column":12},"end":{"line":155,"column":94}},"118":{"start":{"line":157,"column":8},"end":{"line":162,"column":64}},"119":{"start":{"line":158,"column":12},"end":{"line":158,"column":26}},"120":{"start":{"line":159,"column":12},"end":{"line":159,"column":29}},"121":{"start":{"line":162,"column":12},"end":{"line":162,"column":64}},"122":{"start":{"line":164,"column":4},"end":{"line":164,"column":20}},"123":{"start":{"line":165,"column":4},"end":{"line":167,"column":5}},"124":{"start":{"line":166,"column":8},"end":{"line":166,"column":90}},"125":{"start":{"line":168,"column":4},"end":{"line":168,"column":28}},"126":{"start":{"line":169,"column":4},"end":{"line":187,"column":5}},"127":{"start":{"line":170,"column":8},"end":{"line":170,"column":17}},"128":{"start":{"line":171,"column":8},"end":{"line":180,"column":10}},"129":{"start":{"line":172,"column":12},"end":{"line":172,"column":82}},"130":{"start":{"line":173,"column":12},"end":{"line":173,"column":106}},"131":{"start":{"line":174,"column":12},"end":{"line":174,"column":59}},"132":{"start":{"line":175,"column":12},"end":{"line":178,"column":15}},"133":{"start":{"line":179,"column":12},"end":{"line":179,"column":95}},"134":{"start":{"line":181,"column":8},"end":{"line":186,"column":64}},"135":{"start":{"line":182,"column":12},"end":{"line":182,"column":26}},"136":{"start":{"line":183,"column":12},"end":{"line":183,"column":29}},"137":{"start":{"line":186,"column":12},"end":{"line":186,"column":64}},"138":{"start":{"line":188,"column":4},"end":{"line":188,"column":22}},"139":{"start":{"line":189,"column":4},"end":{"line":191,"column":5}},"140":{"start":{"line":190,"column":8},"end":{"line":190,"column":91}},"141":{"start":{"line":192,"column":4},"end":{"line":192,"column":30}},"142":{"start":{"line":193,"column":4},"end":{"line":238,"column":5}},"143":{"start":{"line":194,"column":8},"end":{"line":194,"column":26}},"144":{"start":{"line":195,"column":8},"end":{"line":195,"column":70}},"145":{"start":{"line":196,"column":8},"end":{"line":207,"column":9}},"146":{"start":{"line":197,"column":12},"end":{"line":206,"column":13}},"147":{"start":{"line":198,"column":1
[...]
8,"column":47}},"88":{"start":{"line":169,"column":16},"end":{"line":170,"column":66}},"89":{"start":{"line":170,"column":20},"end":{"line":170,"column":66}},"90":{"start":{"line":171,"column":16},"end":{"line":171,"column":61}},"91":{"start":{"line":172,"column":16},"end":{"line":179,"column":17}},"92":{"start":{"line":173,"column":20},"end":{"line":178,"column":21}},"93":{"start":{"line":174,"column":24},"end":{"line":177,"column":27}},"94":{"start":{"line":180,"column":16},"end":{"line":180,"column":68}},"95":{"start":{"line":181,"column":16},"end":{"line":183,"column":17}},"96":{"start":{"line":181,"column":81},"end":{"line":181,"column":120}},"97":{"start":{"line":182,"column":20},"end":{"line":182,"column":81}},"98":{"start":{"line":184,"column":16},"end":{"line":184,"column":56}},"99":{"start":{"line":185,"column":16},"end":{"line":235,"column":19}},"100":{"start":{"line":186,"column":20},"end":{"line":186,"column":134}},"101":{"start":{"line":187,"column":20},"end":{"line":187,"column":89}},"102":{"start":{"line":188,"column":20},"end":{"line":188,"column":126}},"103":{"start":{"line":188,"column":92},"end":{"line":188,"column":121}},"104":{"start":{"line":189,"column":20},"end":{"line":199,"column":21}},"105":{"start":{"line":190,"column":24},"end":{"line":197,"column":26}},"106":{"start":{"line":198,"column":24},"end":{"line":198,"column":80}},"107":{"start":{"line":200,"column":20},"end":{"line":221,"column":21}},"108":{"start":{"line":201,"column":24},"end":{"line":201,"column":93}},"109":{"start":{"line":202,"column":24},"end":{"line":209,"column":25}},"110":{"start":{"line":203,"column":28},"end":{"line":203,"column":72}},"111":{"start":{"line":204,"column":28},"end":{"line":204,"column":143}},"112":{"start":{"line":205,"column":28},"end":{"line":205,"column":88}},"113":{"start":{"line":206,"column":28},"end":{"line":208,"column":29}},"114":{"start":{"line":206,"column":103},"end":{"line":206,"column":142}},"115":{"start":{"line":207,"column":32},"end":{"line":207,"column":103}},"116":{"start":{"line":210,"column":24},"end":{"line":210,"column":103}},"117":{"start":{"line":211,"column":24},"end":{"line":211,"column":99}},"118":{"start":{"line":212,"column":24},"end":{"line":220,"column":27}},"119":{"start":{"line":222,"column":20},"end":{"line":234,"column":21}},"120":{"start":{"line":223,"column":24},"end":{"line":223,"column":103}},"121":{"start":{"line":224,"column":24},"end":{"line":224,"column":99}},"122":{"start":{"line":225,"column":24},"end":{"line":233,"column":27}},"123":{"start":{"line":239,"column":4},"end":{"line":289,"column":7}},"124":{"start":{"line":240,"column":8},"end":{"line":288,"column":9}},"125":{"start":{"line":241,"column":12},"end":{"line":241,"column":125}},"126":{"start":{"line":241,"column":84},"end":{"line":241,"column":120}},"127":{"start":{"line":242,"column":12},"end":{"line":242,"column":160}},"128":{"start":{"line":242,"column":84},"end":{"line":242,"column":155}},"129":{"start":{"line":243,"column":12},"end":{"line":253,"column":13}},"130":{"start":{"line":244,"column":16},"end":{"line":251,"column":18}},"131":{"start":{"line":252,"column":16},"end":{"line":252,"column":72}},"132":{"start":{"line":254,"column":12},"end":{"line":265,"column":13}},"133":{"start":{"line":255,"column":16},"end":{"line":255,"column":68}},"134":{"start":{"line":256,"column":16},"end":{"line":260,"column":19}},"135":{"start":{"line":261,"column":16},"end":{"line":264,"column":19}},"136":{"start":{"line":266,"column":12},"end":{"line":287,"column":13}},"137":{"start":{"line":267,"column":16},"end":{"line":267,"column":62}},"138":{"start":{"line":268,"column":16},"end":{"line":274,"column":17}},"139":{"start":{"line":269,"column":20},"end":{"line":269,"column":112}},"140":{"start":{"line":270,"column":20},"end":{"line":270,"column":65}},"141":{"start":{"line":271,"column":20},"end":{"line":273,"column":21}},"142":{"start":{"line":271,"column":95},"end":{"line":271,"column":134}},"143":{"start":{"line":272,"column":24},"end":{"line":272,"column":95}},"144":{"start":{"line":275,"column":16},"end":{"line":275,"column":72}},"145":{"start":{"line":276,"column":16},"end":{"line":276,"column":68}},"146":{"start":{"line":277,"column":16},"end":{"line":282,"column":19}},"147":{"start":{"line":283,"column":16},"end":{"line":286,"column":19}},"148":{"start":{"line":290,"column":4},"end":{"line":290,"column":22}},"149":{"start":{"line":292,"column":0},"end":{"line":292,"column":48}}},"branchMap":{"1":{"line":8,"type":"if","locations":[{"start":{"line":8,"column":4},"end":{"line":8,"column":4}},{"start":{"line":8,"column":4},"end":{"line":8,"column":4}}]},"2":{"line":20,"type":"binary-expr","locations":[{"start":{"line":20,"column":30},"end":{"line":20,"column":50}},{"start":{"line":20,"column":54},"end":{"line":20,"column":63}}]},"3":{"line":34,"type":"if","locations":[{"start":{"line":34,"column":8},"end":{"line":34,"column":8}},{"start":{"line":34,"column":8},"end":{"line":34,"column":8}}]},"4":{"line":42,"type":"if","locations":[{"start":{"line":42,"column":8},"end":{"line":42,"column":8}},{"start":{"line":42,"column":8},"end":{"line":42,"column":8}}]},"5":{"line":45,"type":"if","locations":[{"start":{"line":45,"column":8},"end":{"line":45,"column":8}},{"start":{"line":45,"column":8},"end":{"line":45,"column":8}}]},"6":{"line":53,"type":"binary-expr","locations":[{"start":{"line":53,"column":22},"end":{"line":53,"column":55}},{"start":{"line":53,"column":59},"end":{"line":53,"column":81}}]},"7":{"line":56,"type":"binary-expr","locations":[{"start":{"line":56,"column":24},"end":{"line":56,"column":45}},{"start":{"line":56,"column":49},"end":{"line":56,"column":65}},{"start":{"line":56,"column":69},"end":{"line":56,"column":85}}]},"8":{"line":58,"type":"if","locations":[{"start":{"line":58,"column":8},"end":{"line":58,"column":8}},{"start":{"line":58,"column":8},"end":{"line":58,"column":8}}]},"9":{"line":78,"type":"if","locations":[{"start":{"line":78,"column":12},"end":{"line":78,"column":12}},{"start":{"line":78,"column":12},"end":{"line":78,"column":12}}]},"10":{"line":85,"type":"if","locations":[{"start":{"line":85,"column":12},"end":{"line":85,"column":12}},{"start":{"line":85,"column":12},"end":{"line":85,"column":12}}]},"11":{"line":92,"type":"if","locations":[{"start":{"line":92,"column":12},"end":{"line":92,"column":12}},{"start":{"line":92,"column":12},"end":{"line":92,"column":12}}]},"12":{"line":93,"type":"cond-expr","locations":[{"start":{"line":93,"column":87},"end":{"line":93,"column":100}},{"start":{"line":93,"column":103},"end":{"line":93,"column":115}}]},"13":{"line":95,"type":"if","locations":[{"start":{"line":95,"column":16},"end":{"line":95,"column":16}},{"start":{"line":95,"column":16},"end":{"line":95,"column":16}}]},"14":{"line":95,"type":"binary-expr","locations":[{"start":{"line":95,"column":20},"end":{"line":95,"column":32}},{"start":{"line":95,"column":36},"end":{"line":95,"column":134}}]},"15":{"line":98,"type":"if","locations":[{"start":{"line":98,"column":16},"end":{"line":98,"column":16}},{"start":{"line":98,"column":16},"end":{"line":98,"column":16}}]},"16":{"line":107,"type":"binary-expr","locations":[{"start":{"line":107,"column":28},"end":{"line":107,"column":80}},{"start":{"line":107,"column":84},"end":{"line":107,"column":105}},{"start":{"line":107,"column":109},"end":{"line":107,"column":125}},{"start":{"line":107,"column":129},"end":{"line":107,"column":145}}]},"17":{"line":108,"type":"binary-expr","locations":[{"start":{"line":108,"column":39},"end":{"line":108,"column":60}},{"start":{"line":108,"column":64},"end":{"line":108,"column":80}},{"start":{"line":108,"column":84},"end":{"line":108,"column":100}}]},"18":{"line":110,"type":"if","locations":[{"start":{"line":110,"column":12},"end":{"line":110,"column":12}},{"start":{"line":110,"column":12},"end":{"line":110,"column":12}}]},"19":{"line":121,"type":"if","locations":[{"start":{"line":121,"column":12},"end":{"line":121,"column":12}},{"start":{"line":121,"column":12},"end":{"line":121,"column":12}}]},"20":{"line":123,"type":"if","locations":[{"start":{"line":123,"column":16},"end":{"line":123,"column":16}},{"start":{"line":123,"column":16},"end":{"line":123,"column":16}}]},"21":{"line":125,"type":"cond-expr","locations":[{"start":{"line":125,"column":106},"end":{"line":125,"column":119}},{"start":{"line":125,"column":122},"end":{"line":125,"column":134}}]},"22":{"line":127,"type":"if","locations":[{"start":{"line":127,"column":20},"end":{"line":127,"column":20}},{"start":{"line":127,"column":20},"end":{"line":127,"column":20}}]},"23":{"line":127,"type":"binary-expr","locations":[{"start":{"line":127,"column":24},"end":{"line":127,"column":36}},{"start":{"line":127,"column":40},"end":{"line":127,"column":138}}]},"24":{"line":144,"type":"if","locations":[{"start":{"line":144,"column":12},"end":{"line":144,"column":12}},{"start":{"line":144,"column":12},"end":{"line":144,"column":12}}]},"25":{"line":165,"type":"if","locations":[{"start":{"line":165,"column":8},"end":{"line":165,"column":8}},{"start":{"line":165,"column":8},"end":{"line":165,"column":8}}]},"26":{"line":165,"type":"binary-expr","locations":[{"start":{"line":165,"column":12},"end":{"line":165,"column":28}},{"start":{"line":165,"column":32},"end":{"line":165,"column":51}}]},"27":{"line":167,"type":"if","locations":[{"start":{"line":167,"column":12},"end":{"line":167,"column":12}},{"start":{"line":167,"column":12},"end":{"line":167,"column":12}}]},"28":{"line":169,"type":"if","locations":[{"start":{"line":169,"column":16},"end":{"line":169,"column":16}},{"start":{"line":169,"column":16},"end":{"line":169,"column":16}}]},"29":{"line":173,"type":"if","locations":[{"start":{"line":173,"column":20},"end":{"line":173,"column":20}},{"start":{"line":173,"column":20},"end":{"line":173,"column":20}}]},"30":{"line":176,"type":"binary-expr","locations":[{"start":{"line":176,"column":41},"end":{"line":176,"column":62}},{"start":{"line":176,"column":66},"end":{"line":176,"column":82}}]},"31":{"line":181,"type":"if","locations":[{"start":{"line":181,"column":16},"end":{"line":181,"column":16}},{"start":{"line":181,"column":16},"end":{"line":181,"column":16}}]},"32":{"line":181,"type":"binary-expr","locations":[{"start":{"line":181,"column":20},"end":{"line":181,"column":32}},{"start":{"line":181,"column":36},"end":{"line":181,"column":124}}]},"33":{"line":186,"type":"binary-expr","locations":[{"start":{"line":186,"column":36},"end":{"line":186,"column":88}},{"start":{"line":186,"column":92},"end":{"line":186,"column":113}},{"start":{"line":186,"column":117},"end":{"line":186,"column":133}}]},"34":{"line":187,"type":"binary-expr","locations":[{"start":{"line":187,"column":47},"end":{"line":187,"column":68}},{"start":{"line":187,"column":72},"end":{"line":187,"column":88}}]},"35":{"line":189,"type":"if","locations":[{"start":{"line":189,"column":20},"end":{"line":189,"column":20}},{"start":{"line":189,"column":20},"end":{"line":189,"column":20}}]},"36":{"line":200,"type":"if","locations":[{"start":{"line":200,"column":20},"end":{"line":200,"column":20}},{"start":{"line":200,"column":20},"end":{"line":200,"column":20}}]},"37":{"line":202,"type":"if","locations":[{"start":{"line":202,"column":24},"end":{"line":202,"column":24}},{"start":{"line":202,"column":24},"end":{"line":202,"column":24}}]},"38":{"line":204,"type":"cond-expr","locations":[{"start":{"line":204,"column":114},"end":{"line":204,"column":127}},{"start":{"line":204,"column":130},"end":{"line":204,"column":142}}]},"39":{"line":206,"type":"if","locations":[{"start":{"line":206,"column":28},"end":{"line":206,"column":28}},{"start":{"line":206,"column":28},"end":{"line":206,"column":28}}]},"40":{"line":206,"type":"binary-expr","locations":[{"start":{"line":206,"column":32},"end":{"line":206,"column":44}},{"start":{"line":206,"column":48},"end":{"line":206,"column":146}}]},"41":{"line":222,"type":"if","locations":[{"start":{"line":222,"column":20},"end":{"line":222,"column":20}},{"start":{"line":222,"column":20},"end":{"line":222,"column":20}}]},"42":{"line":240,"type":"if","locations":[{"start":{"line":240,"column":8},"end":{"line":240,"column":8}},{"start":{"line":240,"column":8},"end":{"line":240,"column":8}}]},"43":{"line":240,"type":"binary-expr","locations":[{"start":{"line":240,"column":12},"end":{"line":240,"column":28}},{"start":{"line":240,"column":32},"end":{"line":240,"column":51}}]},"44":{"line":242,"type":"binary-expr","locations":[{"start":{"line":242,"column":105},"end":{"line":242,"column":134}},{"start":{"line":242,"column":138},"end":{"line":242,"column":154}}]},"45":{"line":243,"type":"if","locations":[{"start":{"line":243,"column":12},"end":{"line":243,"column":12}},{"start":{"line":243,"column":12},"end":{"line":243,"column":12}}]},"46":{"line":254,"type":"if","locations":[{"start":{"line":254,"column":12},"end":{"line":254,"column":12}},{"start":{"line":254,"column":12},"end":{"line":254,"column":12}}]},"47":{"line":263,"type":"binary-expr","locations":[{"start":{"line":263,"column":29},"end":{"line":263,"column":58}},{"start":{"line":263,"column":62},"end":{"line":263,"column":78}}]},"48":{"line":266,"type":"if","locations":[{"start":{"line":266,"column":12},"end":{"line":266,"column":12}},{"start":{"line":266,"column":12},"end":{"line":266,"column":12}}]},"49":{"line":268,"type":"if","locations":[{"start":{"line":268,"column":16},"end":{"line":268,"column":16}},{"start":{"line":268,"column":16},"end":{"line":268,"column":16}}]},"50":{"line":269,"type":"cond-expr","locations":[{"start":{"line":269,"column":83},"end":{"line":269,"column":96}},{"start":{"line":269,"column":99},"end":{"line":269,"column":111}}]},"51":{"line":271,"type":"if","locations":[{"start":{"line":271,"column":20},"end":{"line":271,"column":20}},{"start":{"line":271,"column":20},"end":{"line":271,"column":20}}]},"52":{"line":271,"type":"binary-expr","locations":[{"start":{"line":271,"column":24},"end":{"line":271,"column":36}},{"start":{"line":271,"column":40},"end":{"line":271,"column":138}}]},"53":{"line":285,"type":"binary-expr","locations":[{"start":{"line":285,"column":31},"end":{"line":285,"column":60}},{"start":{"line":285,"column":64},"end":{"line":285,"column":80}}]}}},"C:\\inetpub\\wwwroot\\odata-v4-server\\example\\model.js":{"path":"C:\\inetpub\\wwwroot\\odata-v4-server\\example\\model.js","s":{"1":1,"2":14,"3":14,"4":14,"5":0,"6":0,"7":0,"8":14,"9":1,"10":1,"11":1,"12":34,"13":1,"14":1,"15":1,"16":1,"17":1,"18":1,"19":1,"20":1,"21":1,"22":1,"23":1,"24":0,"25":1,"26":1,"27":1,"28":1,"29":1,"30":1,"31":1},"b":{"1":[1,1,1],"2":[2,12],"3":[1,11],"4":[14,0],"5":[14,14],"6":[0,0],"7":[0,0],"8":[0,0],"9":[0,0],"10":[14,12,1],"11":[26,8],"12":[34,34]},"f":{"1":14,"2":0},"fnMap":{"1":{"name":"(anonymous_1)","line":2,"loc":{"start":{"line":2,"column":46},"end":{"line":2,"column":87}}},"2":{"name":"(anonymous_2)","line":77,"loc":{"start":{"line":77,"column":8},"end":{"line":77,"column":11}}}},"statementMap":{"1":{"start":{"line":2,"column":0},"end":{"line":7,"column":2}},"2":{"start":{"line":3,"column":4},"end":{"line":3,"column":129}},"3":{"start":{"line":4,"column":4},"end":{"line":5,"column":150}},"4":{"start":{"line":4,"column":79},"end":{"line":4,"column":131}},"5":{"start":{"line":5,"column":9},"end":{"line":5,"column":150}},"6":{"start":{"line":5,"column":58},"end":{"line":5,"column":150}},"7":{"start":{"line":5,"column":81},"end":{"line":5,"column":150}},"8":{"start":{"line":6,"column":4},"end":{"line":6,"column":66}},"9":{"start":{"line":8,"column":0},"end":{"line":8,"column":37}},"10":{"start":{"line":9,"column":0},"end":{"line":9,"column":40}},"11":{"start":{"line":10,"column":0},"end":{"line":10,"column":122}},"12":{"start":{"line":10,"column":26},"end":{"line":10,"column":121}},"13":{"start":{"line":11,"column":0},"end":{"line":12,"column":2}},"14":{"start":{"line":13,"column":0},"end":{"line":25,"column":37}},"15":{"start":{"line":26,"column":0},"end":{"line":30,"column":44}},"16":{"start":{"line":31,"column":0},"end":{"line":35,"column":42}},"17":{"start":{"line":36,"column":0},"end":{"line":38,"column":46}},"18":{"start":{"line":39,"column":0},"end":{"line":48,"column":38}},"19":{"start":{"line":49,"column":0},"end":{"line":58,"column":49}},"20":{"start":{"line":59,"column":0},"end":{"line":68,"column":43}},"21":{"start":{"line":69,"column":0},"end":{"line":74,"column":12}},"22":{"start":{"line":75,"column":0},"end":{"line":75,"column":26}},"23":{"start":{"line":76,"column":0},"end":{"line":80,"column":2}},"24":{"start":{"line":78,"column":8},"end":{"line":78,"column":28}},"25":{"start":{"line":81,"column":0},"end":{"line":93,"column":38}},"26":{"start":{"line":94,"column":0},"end":{"line":96,"column":46}},"27":{"start":{"line":97,"column":0},"end":{"line":106,"column":39}},"28":{"start":{"line":107,"column":0},"end":{"line":111,"column":43}},"29":{"start":{"line":112,"column":0},"end":{"line":115,"column":37}},"30":{"start":{"line":116,"column":0},"end":{"line":122,"column":13}},"31":{"start":{"line":123,"column":0},"end":{"line":123,"column":28}}},"branchMap":{"1":{"line":2,"type":"binary-expr","locations":[{"start":{"line":2,"column":18},"end":{"line":2,"column":22}},{"start":{"line":2,"column":26},"end":{"line":2,"column":41}},{"start":{"line":2,"column":46},"end":{"line":7,"column":1}}]},"2":{"line":3,"type":"cond-expr","locations":[{"start":{"line":3,"column":42},"end":{"line":3,"column":48}},{"start":{"line":3,"column":51},"end":{"line":3,"column":125}}]},"3":{"line":3,"type":"cond-expr","locations":[{"start":{"line":3,"column":67},"end":{"line":3,"column":118}},{"start":{"line":3,"column":121},"end":{"line":3,"column":125}}]},"4":{"line":4,"type":"if","locations":[{"start":{"line":4,"column":4},"end":{"line":4,"column":4}},{"start":{"line":4,"column":4},"end":{"line":4,"column":4}}]},"5":{"line":4,"type":"binary-expr","locations":[{"start":{"line":4,"column":8},"end":{"line":4,"column":35}},{"start":{"line":4,"column":39},"end":{"line":4,"column":77}}]},"6":{"line":5,"type":"if","locations":[{"start":{"line":5,"column":58},"end":{"line":5,"column":58}},{"start":{"line":5,"column":58},"end":{"line":5,"column":58}}]},"7":{"line":5,"type":"binary-expr","locations":[{"start":{"line":5,"column":86},"end":{"line":5,"column":143}},{"start":{"line":5,"column":148},"end":{"line":5,"column":149}}]},"8":{"line":5,"type":"cond-expr","locations":[{"start":{"line":5,"column":94},"end":{"line":5,"column":98}},{"start":{"line":5,"column":101},"end":{"line":5,"column":143}}]},"9":{"line":5,"type":"cond-expr","locations":[{"start":{"line":5,"column":109},"end":{"line":5,"column":126}},{"start":{"line":5,"column":129},"end":{"line":5,"column":143}}]},"10":{"line":6,"type":"binary-expr","locations":[{"start":{"line":6,"column":11},"end":{"line":6,"column":16}},{"start":{"line":6,"column":20},"end":{"line":6,"column":21}},{"start":{"line":6,"column":25},"end":{"line":6,"column":62}}]},"11":{"line":10,"type":"cond-expr","locations":[{"start":{"line":10,"column":72},"end":{"line":10,"column":115}},{"start":{"line":10,"column":118},"end":{"line":10,"column":121}}]},"12":{"line":10,"type":"binary-expr","locations":[{"start":{"line":10,"column":26},"end":{"line":10,"column":29}},{"start":{"line":10,"column":33},"end":{"line":10,"column":69}}]}}},"C:\\inetpub\\wwwroot\\odata-v4-server\\example\\categories.js":{"path":"C:\\inetpub\\wwwroot\\odata-v4-server\\example\\categories.js","s":{"1":1,"2":1},"b":{},"f":{},"fnMap":{},"statementMap":{"1":{"start":{"line":2,"column":0},"end":{"line":2,"column":37}},"2":{"start":{"line":3,"column":0},"end":{"line":12,"column":2}}},"branchMap":{}},"C:\\inetpub\\wwwroot\\odata-v4-server\\example\\products.js":{"path":"C:\\inetpub\\wwwroot\\odata-v4-server\\example\\products.js","s":{"1":1,"2":1},"b":{},"f":{},"fnMap":{},"statementMap":{"1":{"start":{"line":2,"column":0},"end":{"line":2,"column":37}},"2":{"start":{"line":3,"column":0},"end":{"line":80,"column":2}}},"branchMap":{}}}